#
# There is insufficient memory for the Java Runtime Environment to continue.
# Native memory allocation (mmap) failed to map 4806672384 bytes for G1 virtual space
# Possible reasons:
#   The system is out of physical RAM or swap space
#   The process is running with CompressedOops enabled, and the Java Heap may be blocking the growth of the native heap
# Possible solutions:
#   Reduce memory load on the system
#   Increase physical memory or swap space
#   Check if swap backing store is full
#   Decrease Java heap size (-Xmx/-Xms)
#   Decrease number of Java threads
#   Decrease Java thread stack sizes (-Xss)
#   Set larger code cache with -XX:ReservedCodeCacheSize=
#   JVM is running with Zero Based Compressed Oops mode in which the Java heap is
#     placed in the first 32GB address space. The Java Heap base address is the
#     maximum limit for the native heap growth. Please use -XX:HeapBaseMinAddress
#     to set the Java Heap base and to place the Java Heap above 32GB virtual address.
# This output file may be truncated or incomplete.
#
#  Out of Memory Error (os_windows.cpp:3536), pid=16808, tid=21692
#
# JRE version: Java(TM) SE Runtime Environment (19.0.2+7) (build 19.0.2+7-44)
# Java VM: Java HotSpot(TM) 64-Bit Server VM (19.0.2+7-44, mixed mode, sharing, tiered, compressed oops, compressed class ptrs, g1 gc, windows-amd64)
# No core dump will be written. Minidumps are not enabled by default on client versions of Windows
#

---------------  S U M M A R Y ------------

Command Line: -Xmx16g -javaagent:C:\Program Files\JetBrains\IntelliJ IDEA Community Edition 2023.1\lib\idea_rt.jar=50572:C:\Program Files\JetBrains\IntelliJ IDEA Community Edition 2023.1\bin -Dfile.encoding=UTF-8 -Dsun.stdout.encoding=UTF-8 -Dsun.stderr.encoding=UTF-8 --module-path=C:\Users\celia\Documents\ESTUDIOS\MASTER BIOINFORMATICA TÜBINGEN\SS 23\ADVANCED JAVA FOR BIOINFORMATICS\ASSIGNMENTS_repository\advanced-java-for-bioinformatics-2023-celiagarcia3\Project\target\classes;C:\Users\celia\.m2\repository\javax\json\javax.json-api\1.1.3\javax.json-api-1.1.3.jar;C:\Users\celia\.m2\repository\org\glassfish\javax.json\1.1.3\javax.json-1.1.3.jar;C:\Users\celia\.m2\repository\org\openjfx\javafx-controls\19\javafx-controls-19-win.jar;C:\Users\celia\.m2\repository\org\openjfx\javafx-base\19\javafx-base-19-win.jar;C:\Users\celia\.m2\repository\org\openjfx\javafx-graphics\19\javafx-graphics-19-win.jar;C:\Users\celia\.m2\repository\org\openjfx\javafx-fxml\19\javafx-fxml-19-win.jar -Djdk.module.main=com.example.project com.example.project/com.example.project.MainPdbViewer

Host: Intel(R) Core(TM) i7-8550U CPU @ 1.80GHz, 8 cores, 7G,  Windows 11 , 64 bit Build 22621 (10.0.22621.1778)
Time: Wed Jun 21 08:53:42 2023 Romance Summer Time elapsed time: 20.361651 seconds (0d 0h 0m 20s)

---------------  T H R E A D  ---------------

Current thread (0x000001c778609510):  VMThread "VM Thread" [stack: 0x000000bebca00000,0x000000bebcb00000] [id=21692]

Stack: [0x000000bebca00000,0x000000bebcb00000]
Native frames: (J=compiled Java code, j=interpreted, Vv=VM code, C=native code)
V  [jvm.dll+0x6ee21a]
V  [jvm.dll+0x85765e]
V  [jvm.dll+0x85904e]
V  [jvm.dll+0x859703]
V  [jvm.dll+0x28298f]
V  [jvm.dll+0x6eb009]
V  [jvm.dll+0x6dfbaa]
V  [jvm.dll+0x3573f6]
V  [jvm.dll+0x35ee56]
V  [jvm.dll+0x3b541e]
V  [jvm.dll+0x3b564f]
V  [jvm.dll+0x32c9ea]
V  [jvm.dll+0x32ca97]
V  [jvm.dll+0x374cd2]
V  [jvm.dll+0x37340f]
V  [jvm.dll+0x32c210]
V  [jvm.dll+0x3729ab]
V  [jvm.dll+0x85ebc3]
V  [jvm.dll+0x85f989]
V  [jvm.dll+0x85febd]
V  [jvm.dll+0x86034b]
V  [jvm.dll+0x860407]
V  [jvm.dll+0x80125a]
V  [jvm.dll+0x6ecf0b]
C  [ucrtbase.dll+0x29363]
C  [KERNEL32.DLL+0x126ad]
C  [ntdll.dll+0x5a9f8]

VM_Operation (0x000000bebdbfbec0): G1CollectForAllocation, mode: safepoint, requested by thread 0x000001c778638df0


---------------  P R O C E S S  ---------------

Threads class SMR info:
_java_thread_list=0x000001c73d213990, length=21, elements={
0x000001c7701a2db0, 0x000001c77861e310, 0x000001c77861ee40, 0x000001c77862a120,
0x000001c77862cb60, 0x000001c77862d490, 0x000001c77862fdd0, 0x000001c778634f40,
0x000001c778637ad0, 0x000001c77863bdc0, 0x000001c77863a330, 0x000001c778639de0,
0x000001c778639890, 0x000001c77863a880, 0x000001c7786388a0, 0x000001c778638df0,
0x000001c778639340, 0x000001c77863add0, 0x000001c735617f00, 0x000001c735619440,
0x000001c73561bec0
}

Java Threads: ( => current thread )
  0x000001c7701a2db0 JavaThread "main" [_thread_blocked, id=22980, stack(0x000000bebc400000,0x000000bebc500000)]
  0x000001c77861e310 JavaThread "Reference Handler" daemon [_thread_blocked, id=19432, stack(0x000000bebcb00000,0x000000bebcc00000)]
  0x000001c77861ee40 JavaThread "Finalizer" daemon [_thread_blocked, id=19416, stack(0x000000bebcc00000,0x000000bebcd00000)]
  0x000001c77862a120 JavaThread "Signal Dispatcher" daemon [_thread_blocked, id=20328, stack(0x000000bebcd00000,0x000000bebce00000)]
  0x000001c77862cb60 JavaThread "Attach Listener" daemon [_thread_blocked, id=13364, stack(0x000000bebce00000,0x000000bebcf00000)]
  0x000001c77862d490 JavaThread "Service Thread" daemon [_thread_blocked, id=13232, stack(0x000000bebcf00000,0x000000bebd000000)]
  0x000001c77862fdd0 JavaThread "Monitor Deflation Thread" daemon [_thread_blocked, id=23088, stack(0x000000bebd000000,0x000000bebd100000)]
  0x000001c778634f40 JavaThread "C2 CompilerThread0" daemon [_thread_blocked, id=7436, stack(0x000000bebd100000,0x000000bebd200000)]
  0x000001c778637ad0 JavaThread "C1 CompilerThread0" daemon [_thread_blocked, id=22904, stack(0x000000bebd200000,0x000000bebd300000)]
  0x000001c77863bdc0 JavaThread "Sweeper thread" daemon [_thread_blocked, id=24068, stack(0x000000bebd300000,0x000000bebd400000)]
  0x000001c77863a330 JavaThread "Common-Cleaner" daemon [_thread_blocked, id=17580, stack(0x000000bebd400000,0x000000bebd500000)]
  0x000001c778639de0 JavaThread "Monitor Ctrl-Break" daemon [_thread_in_native, id=15516, stack(0x000000bebd700000,0x000000bebd800000)]
  0x000001c778639890 JavaThread "Notification Thread" daemon [_thread_blocked, id=20524, stack(0x000000bebd800000,0x000000bebd900000)]
  0x000001c77863a880 JavaThread "QuantumRenderer-0" daemon [_thread_blocked, id=3748, stack(0x000000bebd600000,0x000000bebd700000)]
  0x000001c7786388a0 JavaThread "InvokeLaterDispatcher" daemon [_thread_blocked, id=20212, stack(0x000000bebda00000,0x000000bebdb00000)]
  0x000001c778638df0 JavaThread "JavaFX Application Thread" [_thread_blocked, id=10068, stack(0x000000bebdb00000,0x000000bebdc00000)]
  0x000001c778639340 JavaThread "Thread-1" daemon [_thread_blocked, id=12848, stack(0x000000bebe200000,0x000000bebe300000)]
  0x000001c77863add0 JavaThread "JavaFX-Launcher" [_thread_blocked, id=18580, stack(0x000000bebe400000,0x000000bebe500000)]
  0x000001c735617f00 JavaThread "Prism Font Disposer" daemon [_thread_blocked, id=9148, stack(0x000000bebe800000,0x000000bebe900000)]
  0x000001c735619440 JavaThread "Cleaner-0" daemon [_thread_blocked, id=22628, stack(0x000000bebef00000,0x000000bebf000000)]
  0x000001c73561bec0 JavaThread "Keep-Alive-Timer" daemon [_thread_blocked, id=17412, stack(0x000000bebd500000,0x000000bebd600000)]

Other Threads:
=>0x000001c778609510 VMThread "VM Thread" [stack: 0x000000bebca00000,0x000000bebcb00000] [id=21692]
  0x000001c77f6c6a10 WatcherThread "VM Periodic Task Thread" [stack: 0x000000bebd900000,0x000000bebda00000] [id=20936]
  0x000001c7784c17f0 WorkerThread "GC Thread#0" [stack: 0x000000bebc500000,0x000000bebc600000] [id=21620]
  0x000001c73512f010 WorkerThread "GC Thread#1" [stack: 0x000000bebdc00000,0x000000bebdd00000] [id=1132]
  0x000001c73512f2e0 WorkerThread "GC Thread#2" [stack: 0x000000bebdd00000,0x000000bebde00000] [id=23356]
  0x000001c7351335c0 WorkerThread "GC Thread#3" [stack: 0x000000bebde00000,0x000000bebdf00000] [id=17464]
  0x000001c73514e710 WorkerThread "GC Thread#4" [stack: 0x000000bebdf00000,0x000000bebe000000] [id=15160]
  0x000001c73514ecb0 WorkerThread "GC Thread#5" [stack: 0x000000bebe500000,0x000000bebe600000] [id=18172]
  0x000001c73514f7f0 WorkerThread "GC Thread#6" [stack: 0x000000bebe600000,0x000000bebe700000] [id=10460]
  0x000001c73514fac0 WorkerThread "GC Thread#7" [stack: 0x000000bebe700000,0x000000bebe800000] [id=1304]
  0x000001c7702266e0 ConcurrentGCThread "G1 Main Marker" [stack: 0x000000bebc600000,0x000000bebc700000] [id=9252]
  0x000001c7702288c0 WorkerThread "G1 Conc#0" [stack: 0x000000bebc700000,0x000000bebc800000] [id=19848]
  0x000001c735937560 WorkerThread "G1 Conc#1" [stack: 0x000000bebec00000,0x000000bebed00000] [id=22300]
  0x000001c77025ebc0 ConcurrentGCThread "G1 Refine#0" [stack: 0x000000bebc800000,0x000000bebc900000] [id=6368]
  0x000001c735c860f0 ConcurrentGCThread "G1 Refine#1" [stack: 0x000000bebed00000,0x000000bebee00000] [id=6196]
  0x000001c73d4c4c30 ConcurrentGCThread "G1 Refine#2" [stack: 0x000000bebee00000,0x000000bebef00000] [id=21108]
  0x000001c735b3a240 ConcurrentGCThread "G1 Refine#3" [stack: 0x000000bebf000000,0x000000bebf100000] [id=11656]
  0x000001c735bd5da0 ConcurrentGCThread "G1 Refine#4" [stack: 0x000000bebf100000,0x000000bebf200000] [id=22452]
  0x000001c73d950830 ConcurrentGCThread "G1 Refine#5" [stack: 0x000000bebf200000,0x000000bebf300000] [id=21648]
  0x000001c7784c2e70 ConcurrentGCThread "G1 Service" [stack: 0x000000bebc900000,0x000000bebca00000] [id=7620]

Threads with active compile tasks:
C2 CompilerThread0    20492 4092       4       javafx.scene.CssStyleHelper::createStyleHelper (304 bytes)

VM state: at safepoint (normal execution)

VM Mutex/Monitor currently owned by a thread:  ([mutex/lock_event])
[0x000001c77019d220] Threads_lock - owner thread: 0x000001c778609510
[0x000001c77019d2b0] Heap_lock - owner thread: 0x000001c778638df0

Heap address: 0x0000000400000000, size: 16384 MB, Compressed Oops mode: Zero based, Oop shift amount: 3

CDS archive(s) mapped at: [0x0000000800000000-0x0000000800c40000-0x0000000800c40000), size 12845056, SharedBaseAddress: 0x0000000800000000, ArchiveRelocationMode: 0.
Compressed class space mapped at: 0x0000000801000000-0x0000000841000000, reserved size: 1073741824
Narrow klass base: 0x0000000800000000, Narrow klass shift: 0, Narrow klass range: 0x100000000

GC Precious Log:
 CardTable entry size: 512
 Card Set container configuration: InlinePtr #cards 4 size 8 Array Of Cards #cards 64 size 144 Howl #buckets 8 coarsen threshold 14745 Howl Bitmap #cards 2048 size 272 coarsen threshold 1843 Card regions per heap region 1 cards per card region 16384
 CPUs: 8 total, 8 available
 Memory: 8007M
 Large Page Support: Disabled
 NUMA Support: Disabled
 Compressed Oops: Enabled (Zero based)
 Heap Region Size: 8M
 Heap Min Capacity: 8M
 Heap Initial Capacity: 128M
 Heap Max Capacity: 16G
 Pre-touch: Disabled
 Parallel Workers: 8
 Concurrent Workers: 2
 Concurrent Refinement Workers: 8
 Periodic GC: Disabled

Heap:
 garbage-first heap   total 2359296K, used 1346572K [0x0000000400000000, 0x0000000800000000)
  region size 8192K, 3 young (24576K), 3 survivors (24576K)
 Metaspace       used 25279K, committed 25600K, reserved 1114112K
  class space    used 3594K, committed 3776K, reserved 1048576K

Heap Regions: E=young(eden), S=young(survivor), O=old, HS=humongous(starts), HC=humongous(continues), CS=collection set, F=free, OA=open archive, CA=closed archive, TAMS=top-at-mark-start (previous, next)
|   0|0x0000000400000000, 0x0000000400800000, 0x0000000400800000|100%| O|  |TAMS 0x0000000400800000, 0x0000000400800000| Untracked 
|   1|0x0000000400800000, 0x0000000401000000, 0x0000000401000000|100%| O|  |TAMS 0x0000000401000000, 0x0000000401000000| Untracked 
|   2|0x0000000401000000, 0x0000000401800000, 0x0000000401800000|100%| O|  |TAMS 0x0000000401800000, 0x0000000401800000| Untracked 
|   3|0x0000000401800000, 0x0000000402000000, 0x0000000402000000|100%| O|  |TAMS 0x0000000402000000, 0x0000000402000000| Untracked 
|   4|0x0000000402000000, 0x0000000402800000, 0x0000000402800000|100%| O|  |TAMS 0x0000000402800000, 0x0000000402800000| Untracked 
|   5|0x0000000402800000, 0x0000000403000000, 0x0000000403000000|100%| O|  |TAMS 0x0000000403000000, 0x0000000403000000| Untracked 
|   6|0x0000000403000000, 0x0000000403800000, 0x0000000403800000|100%| O|  |TAMS 0x0000000403800000, 0x0000000403800000| Untracked 
|   7|0x0000000403800000, 0x0000000404000000, 0x0000000404000000|100%| O|  |TAMS 0x0000000404000000, 0x0000000404000000| Untracked 
|   8|0x0000000404000000, 0x0000000404800000, 0x0000000404800000|100%| O|  |TAMS 0x0000000404800000, 0x0000000404800000| Untracked 
|   9|0x0000000404800000, 0x0000000405000000, 0x0000000405000000|100%| O|  |TAMS 0x0000000405000000, 0x0000000405000000| Untracked 
|  10|0x0000000405000000, 0x0000000405800000, 0x0000000405800000|100%| O|  |TAMS 0x0000000405800000, 0x0000000405800000| Untracked 
|  11|0x0000000405800000, 0x0000000406000000, 0x0000000406000000|100%| O|  |TAMS 0x0000000406000000, 0x0000000406000000| Untracked 
|  12|0x0000000406000000, 0x0000000406800000, 0x0000000406800000|100%| O|  |TAMS 0x0000000406800000, 0x0000000406800000| Untracked 
|  13|0x0000000406800000, 0x0000000407000000, 0x0000000407000000|100%| O|  |TAMS 0x0000000407000000, 0x0000000407000000| Untracked 
|  14|0x0000000407000000, 0x0000000407800000, 0x0000000407800000|100%| O|  |TAMS 0x0000000407800000, 0x0000000407800000| Untracked 
|  15|0x0000000407800000, 0x0000000408000000, 0x0000000408000000|100%| O|  |TAMS 0x0000000407800000, 0x0000000408000000| Untracked 
|  16|0x0000000408000000, 0x0000000408800000, 0x0000000408800000|100%| O|  |TAMS 0x0000000408800000, 0x0000000408800000| Untracked 
|  17|0x0000000408800000, 0x0000000409000000, 0x0000000409000000|100%| O|  |TAMS 0x0000000409000000, 0x0000000409000000| Untracked 
|  18|0x0000000409000000, 0x0000000409800000, 0x0000000409800000|100%| O|  |TAMS 0x0000000409800000, 0x0000000409800000| Untracked 
|  19|0x0000000409800000, 0x000000040a000000, 0x000000040a000000|100%| O|  |TAMS 0x000000040a000000, 0x000000040a000000| Untracked 
|  20|0x000000040a000000, 0x000000040a800000, 0x000000040a800000|100%| O|  |TAMS 0x000000040a800000, 0x000000040a800000| Untracked 
|  21|0x000000040a800000, 0x000000040b000000, 0x000000040b000000|100%| O|  |TAMS 0x000000040b000000, 0x000000040b000000| Untracked 
|  22|0x000000040b000000, 0x000000040b800000, 0x000000040b800000|100%| O|  |TAMS 0x000000040b800000, 0x000000040b800000| Untracked 
|  23|0x000000040b800000, 0x000000040c000000, 0x000000040c000000|100%| O|  |TAMS 0x000000040c000000, 0x000000040c000000| Untracked 
|  24|0x000000040c000000, 0x000000040c800000, 0x000000040c800000|100%| O|  |TAMS 0x000000040c800000, 0x000000040c800000| Untracked 
|  25|0x000000040c800000, 0x000000040d000000, 0x000000040d000000|100%| O|  |TAMS 0x000000040d000000, 0x000000040d000000| Untracked 
|  26|0x000000040d000000, 0x000000040d800000, 0x000000040d800000|100%| O|  |TAMS 0x000000040d800000, 0x000000040d800000| Untracked 
|  27|0x000000040d800000, 0x000000040e000000, 0x000000040e000000|100%| O|  |TAMS 0x000000040e000000, 0x000000040e000000| Untracked 
|  28|0x000000040e000000, 0x000000040e800000, 0x000000040e800000|100%| O|  |TAMS 0x000000040e800000, 0x000000040e800000| Untracked 
|  29|0x000000040e800000, 0x000000040f000000, 0x000000040f000000|100%| O|  |TAMS 0x000000040f000000, 0x000000040f000000| Untracked 
|  30|0x000000040f000000, 0x000000040f800000, 0x000000040f800000|100%| O|  |TAMS 0x000000040f800000, 0x000000040f800000| Untracked 
|  31|0x000000040f800000, 0x0000000410000000, 0x0000000410000000|100%| O|  |TAMS 0x0000000410000000, 0x0000000410000000| Untracked 
|  32|0x0000000410000000, 0x0000000410800000, 0x0000000410800000|100%| O|  |TAMS 0x0000000410800000, 0x0000000410800000| Untracked 
|  33|0x0000000410800000, 0x0000000411000000, 0x0000000411000000|100%| O|  |TAMS 0x0000000411000000, 0x0000000411000000| Untracked 
|  34|0x0000000411000000, 0x0000000411800000, 0x0000000411800000|100%| O|  |TAMS 0x0000000411800000, 0x0000000411800000| Untracked 
|  35|0x0000000411800000, 0x0000000412000000, 0x0000000412000000|100%| O|  |TAMS 0x0000000412000000, 0x0000000412000000| Untracked 
|  36|0x0000000412000000, 0x0000000412800000, 0x0000000412800000|100%| O|  |TAMS 0x0000000412800000, 0x0000000412800000| Untracked 
|  37|0x0000000412800000, 0x0000000413000000, 0x0000000413000000|100%| O|  |TAMS 0x0000000413000000, 0x0000000413000000| Untracked 
|  38|0x0000000413000000, 0x0000000413800000, 0x0000000413800000|100%| O|  |TAMS 0x0000000413800000, 0x0000000413800000| Untracked 
|  39|0x0000000413800000, 0x0000000414000000, 0x0000000414000000|100%| O|  |TAMS 0x0000000414000000, 0x0000000414000000| Untracked 
|  40|0x0000000414000000, 0x0000000414800000, 0x0000000414800000|100%| O|  |TAMS 0x0000000414800000, 0x0000000414800000| Untracked 
|  41|0x0000000414800000, 0x0000000415000000, 0x0000000415000000|100%| O|  |TAMS 0x0000000415000000, 0x0000000415000000| Untracked 
|  42|0x0000000415000000, 0x0000000415800000, 0x0000000415800000|100%| O|  |TAMS 0x0000000415800000, 0x0000000415800000| Untracked 
|  43|0x0000000415800000, 0x0000000416000000, 0x0000000416000000|100%| O|  |TAMS 0x0000000416000000, 0x0000000416000000| Untracked 
|  44|0x0000000416000000, 0x0000000416800000, 0x0000000416800000|100%| O|  |TAMS 0x0000000416000000, 0x0000000416800000| Untracked 
|  45|0x0000000416800000, 0x0000000417000000, 0x0000000417000000|100%| O|  |TAMS 0x0000000416800000, 0x0000000417000000| Untracked 
|  46|0x0000000417000000, 0x0000000417800000, 0x0000000417800000|100%| O|  |TAMS 0x0000000417000000, 0x0000000417800000| Untracked 
|  47|0x0000000417800000, 0x0000000418000000, 0x0000000418000000|100%| O|  |TAMS 0x0000000417800000, 0x0000000418000000| Untracked 
|  48|0x0000000418000000, 0x0000000418800000, 0x0000000418800000|100%| O|  |TAMS 0x0000000418000000, 0x0000000418800000| Untracked 
|  49|0x0000000418800000, 0x0000000419000000, 0x0000000419000000|100%| O|  |TAMS 0x0000000418800000, 0x0000000419000000| Untracked 
|  50|0x0000000419000000, 0x0000000419800000, 0x0000000419800000|100%| O|  |TAMS 0x0000000419000000, 0x0000000419800000| Untracked 
|  51|0x0000000419800000, 0x000000041a000000, 0x000000041a000000|100%| O|  |TAMS 0x0000000419800000, 0x000000041a000000| Untracked 
|  52|0x000000041a000000, 0x000000041a800000, 0x000000041a800000|100%| O|  |TAMS 0x000000041a000000, 0x000000041a800000| Untracked 
|  53|0x000000041a800000, 0x000000041b000000, 0x000000041b000000|100%| O|  |TAMS 0x000000041a800000, 0x000000041b000000| Untracked 
|  54|0x000000041b000000, 0x000000041b800000, 0x000000041b800000|100%| O|  |TAMS 0x000000041b000000, 0x000000041b800000| Untracked 
|  55|0x000000041b800000, 0x000000041c000000, 0x000000041c000000|100%| O|  |TAMS 0x000000041b800000, 0x000000041c000000| Untracked 
|  56|0x000000041c000000, 0x000000041c800000, 0x000000041c800000|100%| O|  |TAMS 0x000000041c000000, 0x000000041c800000| Untracked 
|  57|0x000000041c800000, 0x000000041d000000, 0x000000041d000000|100%| O|  |TAMS 0x000000041c800000, 0x000000041d000000| Untracked 
|  58|0x000000041d000000, 0x000000041d800000, 0x000000041d800000|100%| O|  |TAMS 0x000000041d000000, 0x000000041d800000| Untracked 
|  59|0x000000041d800000, 0x000000041e000000, 0x000000041e000000|100%| O|  |TAMS 0x000000041d800000, 0x000000041e000000| Untracked 
|  60|0x000000041e000000, 0x000000041e800000, 0x000000041e800000|100%| O|  |TAMS 0x000000041e000000, 0x000000041e800000| Untracked 
|  61|0x000000041e800000, 0x000000041f000000, 0x000000041f000000|100%| O|  |TAMS 0x000000041e800000, 0x000000041f000000| Untracked 
|  62|0x000000041f000000, 0x000000041f800000, 0x000000041f800000|100%| O|  |TAMS 0x000000041f000000, 0x000000041f800000| Untracked 
|  63|0x000000041f800000, 0x0000000420000000, 0x0000000420000000|100%| O|  |TAMS 0x000000041f800000, 0x0000000420000000| Untracked 
|  64|0x0000000420000000, 0x0000000420800000, 0x0000000420800000|100%| O|  |TAMS 0x0000000420000000, 0x0000000420800000| Untracked 
|  65|0x0000000420800000, 0x0000000421000000, 0x0000000421000000|100%| O|  |TAMS 0x0000000420800000, 0x0000000421000000| Untracked 
|  66|0x0000000421000000, 0x0000000421800000, 0x0000000421800000|100%| O|  |TAMS 0x0000000421000000, 0x0000000421800000| Untracked 
|  67|0x0000000421800000, 0x0000000422000000, 0x0000000422000000|100%| O|  |TAMS 0x0000000421800000, 0x0000000422000000| Untracked 
|  68|0x0000000422000000, 0x0000000422800000, 0x0000000422800000|100%| O|  |TAMS 0x0000000422000000, 0x0000000422800000| Untracked 
|  69|0x0000000422800000, 0x0000000423000000, 0x0000000423000000|100%| O|  |TAMS 0x0000000422800000, 0x0000000423000000| Untracked 
|  70|0x0000000423000000, 0x0000000423800000, 0x0000000423800000|100%| O|  |TAMS 0x0000000423000000, 0x0000000423800000| Untracked 
|  71|0x0000000423800000, 0x0000000424000000, 0x0000000424000000|100%| O|  |TAMS 0x0000000423800000, 0x0000000424000000| Untracked 
|  72|0x0000000424000000, 0x0000000424800000, 0x0000000424800000|100%| O|  |TAMS 0x0000000424000000, 0x0000000424800000| Untracked 
|  73|0x0000000424800000, 0x0000000425000000, 0x0000000425000000|100%| O|  |TAMS 0x0000000424800000, 0x0000000425000000| Untracked 
|  74|0x0000000425000000, 0x0000000425800000, 0x0000000425800000|100%| O|  |TAMS 0x0000000425000000, 0x0000000425800000| Untracked 
|  75|0x0000000425800000, 0x0000000425febc00, 0x0000000426000000| 99%| O|  |TAMS 0x0000000425800000, 0x0000000425febc00| Untracked 
|  76|0x0000000426000000, 0x0000000426800000, 0x0000000426800000|100%| O|  |TAMS 0x0000000426000000, 0x0000000426800000| Untracked 
|  77|0x0000000426800000, 0x0000000427000000, 0x0000000427000000|100%| O|  |TAMS 0x0000000426800000, 0x0000000427000000| Untracked 
|  78|0x0000000427000000, 0x0000000427800000, 0x0000000427800000|100%| O|  |TAMS 0x0000000427000000, 0x0000000427800000| Untracked 
|  79|0x0000000427800000, 0x0000000428000000, 0x0000000428000000|100%| O|  |TAMS 0x0000000427800000, 0x0000000428000000| Untracked 
|  80|0x0000000428000000, 0x0000000428800000, 0x0000000428800000|100%| O|  |TAMS 0x0000000428000000, 0x0000000428800000| Untracked 
|  81|0x0000000428800000, 0x0000000429000000, 0x0000000429000000|100%| O|  |TAMS 0x0000000428800000, 0x0000000429000000| Untracked 
|  82|0x0000000429000000, 0x0000000429800000, 0x0000000429800000|100%| O|  |TAMS 0x0000000429000000, 0x0000000429800000| Untracked 
|  83|0x0000000429800000, 0x000000042a000000, 0x000000042a000000|100%| O|  |TAMS 0x0000000429800000, 0x000000042a000000| Untracked 
|  84|0x000000042a000000, 0x000000042a800000, 0x000000042a800000|100%| O|  |TAMS 0x000000042a000000, 0x000000042a800000| Untracked 
|  85|0x000000042a800000, 0x000000042b000000, 0x000000042b000000|100%| O|  |TAMS 0x000000042a800000, 0x000000042b000000| Untracked 
|  86|0x000000042b000000, 0x000000042b800000, 0x000000042b800000|100%| O|  |TAMS 0x000000042b000000, 0x000000042b800000| Untracked 
|  87|0x000000042b800000, 0x000000042c000000, 0x000000042c000000|100%| O|  |TAMS 0x000000042b800000, 0x000000042c000000| Untracked 
|  88|0x000000042c000000, 0x000000042c800000, 0x000000042c800000|100%| O|  |TAMS 0x000000042c000000, 0x000000042c800000| Untracked 
|  89|0x000000042c800000, 0x000000042d000000, 0x000000042d000000|100%| O|  |TAMS 0x000000042c800000, 0x000000042d000000| Untracked 
|  90|0x000000042d000000, 0x000000042d800000, 0x000000042d800000|100%| O|  |TAMS 0x000000042d000000, 0x000000042d800000| Untracked 
|  91|0x000000042d800000, 0x000000042e000000, 0x000000042e000000|100%| O|  |TAMS 0x000000042d800000, 0x000000042e000000| Untracked 
|  92|0x000000042e000000, 0x000000042e800000, 0x000000042e800000|100%| O|  |TAMS 0x000000042e000000, 0x000000042e800000| Untracked 
|  93|0x000000042e800000, 0x000000042f000000, 0x000000042f000000|100%|HS|  |TAMS 0x000000042e800000, 0x000000042f000000| Complete 
|  94|0x000000042f000000, 0x000000042f800000, 0x000000042f800000|100%| O|  |TAMS 0x000000042f000000, 0x000000042f800000| Untracked 
|  95|0x000000042f800000, 0x0000000430000000, 0x0000000430000000|100%| O|  |TAMS 0x000000042f800000, 0x0000000430000000| Untracked 
|  96|0x0000000430000000, 0x0000000430800000, 0x0000000430800000|100%| O|  |TAMS 0x0000000430000000, 0x0000000430800000| Untracked 
|  97|0x0000000430800000, 0x0000000431000000, 0x0000000431000000|100%| O|  |TAMS 0x0000000430800000, 0x0000000431000000| Untracked 
|  98|0x0000000431000000, 0x0000000431800000, 0x0000000431800000|100%| O|  |TAMS 0x0000000431000000, 0x0000000431800000| Untracked 
|  99|0x0000000431800000, 0x0000000432000000, 0x0000000432000000|100%| O|  |TAMS 0x0000000431800000, 0x0000000432000000| Untracked 
| 100|0x0000000432000000, 0x0000000432800000, 0x0000000432800000|100%| O|  |TAMS 0x0000000432000000, 0x0000000432800000| Untracked 
| 101|0x0000000432800000, 0x0000000433000000, 0x0000000433000000|100%| O|  |TAMS 0x0000000432800000, 0x0000000433000000| Untracked 
| 102|0x0000000433000000, 0x0000000433800000, 0x0000000433800000|100%| O|  |TAMS 0x0000000433000000, 0x0000000433800000| Untracked 
| 103|0x0000000433800000, 0x0000000434000000, 0x0000000434000000|100%| O|  |TAMS 0x0000000433800000, 0x0000000434000000| Untracked 
| 104|0x0000000434000000, 0x0000000434800000, 0x0000000434800000|100%| O|  |TAMS 0x0000000434000000, 0x0000000434800000| Untracked 
| 105|0x0000000434800000, 0x0000000435000000, 0x0000000435000000|100%| O|  |TAMS 0x0000000434800000, 0x0000000435000000| Untracked 
| 106|0x0000000435000000, 0x0000000435800000, 0x0000000435800000|100%| O|  |TAMS 0x0000000435000000, 0x0000000435800000| Untracked 
| 107|0x0000000435800000, 0x0000000436000000, 0x0000000436000000|100%| O|  |TAMS 0x0000000435800000, 0x0000000436000000| Untracked 
| 108|0x0000000436000000, 0x0000000436800000, 0x0000000436800000|100%| O|  |TAMS 0x0000000436000000, 0x0000000436800000| Untracked 
| 109|0x0000000436800000, 0x0000000437000000, 0x0000000437000000|100%| O|  |TAMS 0x0000000436800000, 0x0000000437000000| Untracked 
| 110|0x0000000437000000, 0x0000000437800000, 0x0000000437800000|100%| O|  |TAMS 0x0000000437000000, 0x0000000437800000| Untracked 
| 111|0x0000000437800000, 0x0000000438000000, 0x0000000438000000|100%| O|  |TAMS 0x0000000437800000, 0x0000000438000000| Untracked 
| 112|0x0000000438000000, 0x0000000438800000, 0x0000000438800000|100%| O|  |TAMS 0x0000000438000000, 0x0000000438800000| Untracked 
| 113|0x0000000438800000, 0x0000000439000000, 0x0000000439000000|100%| O|  |TAMS 0x0000000438800000, 0x0000000439000000| Untracked 
| 114|0x0000000439000000, 0x0000000439800000, 0x0000000439800000|100%| O|  |TAMS 0x0000000439000000, 0x0000000439800000| Untracked 
| 115|0x0000000439800000, 0x000000043a000000, 0x000000043a000000|100%| O|  |TAMS 0x0000000439800000, 0x000000043a000000| Untracked 
| 116|0x000000043a000000, 0x000000043a800000, 0x000000043a800000|100%| O|  |TAMS 0x000000043a000000, 0x000000043a800000| Untracked 
| 117|0x000000043a800000, 0x000000043b000000, 0x000000043b000000|100%| O|  |TAMS 0x000000043a800000, 0x000000043b000000| Untracked 
| 118|0x000000043b000000, 0x000000043b800000, 0x000000043b800000|100%| O|  |TAMS 0x000000043b000000, 0x000000043b800000| Untracked 
| 119|0x000000043b800000, 0x000000043c000000, 0x000000043c000000|100%| O|  |TAMS 0x000000043b800000, 0x000000043c000000| Untracked 
| 120|0x000000043c000000, 0x000000043c800000, 0x000000043c800000|100%| O|  |TAMS 0x000000043c000000, 0x000000043c800000| Untracked 
| 121|0x000000043c800000, 0x000000043d000000, 0x000000043d000000|100%| O|  |TAMS 0x000000043c800000, 0x000000043d000000| Untracked 
| 122|0x000000043d000000, 0x000000043d800000, 0x000000043d800000|100%| O|  |TAMS 0x000000043d000000, 0x000000043d800000| Untracked 
| 123|0x000000043d800000, 0x000000043e000000, 0x000000043e000000|100%| O|  |TAMS 0x000000043d800000, 0x000000043e000000| Untracked 
| 124|0x000000043e000000, 0x000000043e800000, 0x000000043e800000|100%| O|  |TAMS 0x000000043e000000, 0x000000043e800000| Untracked 
| 125|0x000000043e800000, 0x000000043f000000, 0x000000043f000000|100%| O|  |TAMS 0x000000043e800000, 0x000000043f000000| Untracked 
| 126|0x000000043f000000, 0x000000043f800000, 0x000000043f800000|100%| O|  |TAMS 0x000000043f000000, 0x000000043f800000| Untracked 
| 127|0x000000043f800000, 0x0000000440000000, 0x0000000440000000|100%| O|  |TAMS 0x000000043f800000, 0x0000000440000000| Untracked 
| 128|0x0000000440000000, 0x0000000440800000, 0x0000000440800000|100%| O|  |TAMS 0x0000000440000000, 0x0000000440800000| Untracked 
| 129|0x0000000440800000, 0x0000000441000000, 0x0000000441000000|100%| O|  |TAMS 0x0000000440800000, 0x0000000441000000| Untracked 
| 130|0x0000000441000000, 0x0000000441800000, 0x0000000441800000|100%| O|  |TAMS 0x0000000441000000, 0x0000000441800000| Untracked 
| 131|0x0000000441800000, 0x0000000442000000, 0x0000000442000000|100%| O|  |TAMS 0x0000000441800000, 0x0000000442000000| Untracked 
| 132|0x0000000442000000, 0x0000000442800000, 0x0000000442800000|100%| O|  |TAMS 0x0000000442000000, 0x0000000442800000| Untracked 
| 133|0x0000000442800000, 0x0000000443000000, 0x0000000443000000|100%| O|  |TAMS 0x0000000442800000, 0x0000000443000000| Untracked 
| 134|0x0000000443000000, 0x0000000443800000, 0x0000000443800000|100%| O|  |TAMS 0x0000000443000000, 0x0000000443800000| Untracked 
| 135|0x0000000443800000, 0x0000000444000000, 0x0000000444000000|100%| O|  |TAMS 0x0000000443800000, 0x0000000444000000| Untracked 
| 136|0x0000000444000000, 0x0000000444800000, 0x0000000444800000|100%| O|  |TAMS 0x0000000444000000, 0x0000000444800000| Untracked 
| 137|0x0000000444800000, 0x0000000445000000, 0x0000000445000000|100%| O|  |TAMS 0x0000000444800000, 0x0000000445000000| Untracked 
| 138|0x0000000445000000, 0x0000000445800000, 0x0000000445800000|100%| O|  |TAMS 0x0000000445000000, 0x0000000445800000| Untracked 
| 139|0x0000000445800000, 0x0000000446000000, 0x0000000446000000|100%| O|  |TAMS 0x0000000445800000, 0x0000000446000000| Untracked 
| 140|0x0000000446000000, 0x0000000446800000, 0x0000000446800000|100%| O|  |TAMS 0x0000000446000000, 0x0000000446800000| Untracked 
| 141|0x0000000446800000, 0x0000000447000000, 0x0000000447000000|100%| O|  |TAMS 0x0000000446800000, 0x0000000447000000| Untracked 
| 142|0x0000000447000000, 0x0000000447800000, 0x0000000447800000|100%| O|  |TAMS 0x0000000447000000, 0x00000004477a0200| Untracked 
| 143|0x0000000447800000, 0x0000000448000000, 0x0000000448000000|100%| O|  |TAMS 0x0000000447800000, 0x0000000447800000| Untracked 
| 144|0x0000000448000000, 0x0000000448800000, 0x0000000448800000|100%| O|  |TAMS 0x0000000448000000, 0x0000000448000000| Untracked 
| 145|0x0000000448800000, 0x0000000449000000, 0x0000000449000000|100%| O|  |TAMS 0x0000000448800000, 0x0000000448800000| Untracked 
| 146|0x0000000449000000, 0x0000000449800000, 0x0000000449800000|100%| O|  |TAMS 0x0000000449000000, 0x0000000449000000| Untracked 
| 147|0x0000000449800000, 0x000000044a000000, 0x000000044a000000|100%| O|  |TAMS 0x0000000449800000, 0x0000000449800000| Untracked 
| 148|0x000000044a000000, 0x000000044a800000, 0x000000044a800000|100%| O|  |TAMS 0x000000044a000000, 0x000000044a000000| Untracked 
| 149|0x000000044a800000, 0x000000044b000000, 0x000000044b000000|100%| O|  |TAMS 0x000000044a800000, 0x000000044a800000| Untracked 
| 150|0x000000044b000000, 0x000000044b800000, 0x000000044b800000|100%| O|  |TAMS 0x000000044b000000, 0x000000044b000000| Untracked 
| 151|0x000000044b800000, 0x000000044c000000, 0x000000044c000000|100%| O|  |TAMS 0x000000044b800000, 0x000000044b800000| Untracked 
| 152|0x000000044c000000, 0x000000044c800000, 0x000000044c800000|100%| O|  |TAMS 0x000000044c000000, 0x000000044c000000| Untracked 
| 153|0x000000044c800000, 0x000000044d000000, 0x000000044d000000|100%| O|  |TAMS 0x000000044c800000, 0x000000044c800000| Untracked 
| 154|0x000000044d000000, 0x000000044d800000, 0x000000044d800000|100%| O|  |TAMS 0x000000044d000000, 0x000000044d000000| Untracked 
| 155|0x000000044d800000, 0x000000044e000000, 0x000000044e000000|100%| O|  |TAMS 0x000000044d800000, 0x000000044d800000| Untracked 
| 156|0x000000044e000000, 0x000000044e800000, 0x000000044e800000|100%| O|  |TAMS 0x000000044e000000, 0x000000044e000000| Untracked 
| 157|0x000000044e800000, 0x000000044f000000, 0x000000044f000000|100%| O|  |TAMS 0x000000044e800000, 0x000000044e800000| Untracked 
| 158|0x000000044f000000, 0x000000044f800000, 0x000000044f800000|100%| O|  |TAMS 0x000000044f000000, 0x000000044f000000| Untracked 
| 159|0x000000044f800000, 0x0000000450000000, 0x0000000450000000|100%| O|  |TAMS 0x000000044f800000, 0x000000044f800000| Untracked 
| 160|0x0000000450000000, 0x0000000450800000, 0x0000000450800000|100%| O|  |TAMS 0x0000000450000000, 0x0000000450000000| Untracked 
| 161|0x0000000450800000, 0x0000000450b17600, 0x0000000451000000| 38%| O|  |TAMS 0x0000000450800000, 0x0000000450800000| Untracked 
| 162|0x0000000451000000, 0x0000000451000000, 0x0000000451800000|  0%| F|  |TAMS 0x0000000451000000, 0x0000000451000000| Untracked 
| 163|0x0000000451800000, 0x0000000451800000, 0x0000000452000000|  0%| F|  |TAMS 0x0000000451800000, 0x0000000451800000| Untracked 
| 164|0x0000000452000000, 0x0000000452000000, 0x0000000452800000|  0%| F|  |TAMS 0x0000000452000000, 0x0000000452000000| Untracked 
| 165|0x0000000452800000, 0x0000000452800000, 0x0000000453000000|  0%| F|  |TAMS 0x0000000452800000, 0x0000000452800000| Untracked 
| 166|0x0000000453000000, 0x0000000453000000, 0x0000000453800000|  0%| F|  |TAMS 0x0000000453000000, 0x0000000453000000| Untracked 
| 167|0x0000000453800000, 0x0000000453800000, 0x0000000454000000|  0%| F|  |TAMS 0x0000000453800000, 0x0000000453800000| Untracked 
| 168|0x0000000454000000, 0x0000000454000000, 0x0000000454800000|  0%| F|  |TAMS 0x0000000454000000, 0x0000000454000000| Untracked 
| 169|0x0000000454800000, 0x0000000454800000, 0x0000000455000000|  0%| F|  |TAMS 0x0000000454800000, 0x0000000454800000| Untracked 
| 170|0x0000000455000000, 0x0000000455000000, 0x0000000455800000|  0%| F|  |TAMS 0x0000000455000000, 0x0000000455000000| Untracked 
| 171|0x0000000455800000, 0x0000000455800000, 0x0000000456000000|  0%| F|  |TAMS 0x0000000455800000, 0x0000000455800000| Untracked 
| 172|0x0000000456000000, 0x0000000456000000, 0x0000000456800000|  0%| F|  |TAMS 0x0000000456000000, 0x0000000456000000| Untracked 
| 173|0x0000000456800000, 0x0000000456800000, 0x0000000457000000|  0%| F|  |TAMS 0x0000000456800000, 0x0000000456800000| Untracked 
| 174|0x0000000457000000, 0x0000000457000000, 0x0000000457800000|  0%| F|  |TAMS 0x0000000457000000, 0x0000000457000000| Untracked 
| 175|0x0000000457800000, 0x0000000457800000, 0x0000000458000000|  0%| F|  |TAMS 0x0000000457800000, 0x0000000457800000| Untracked 
| 176|0x0000000458000000, 0x0000000458000000, 0x0000000458800000|  0%| F|  |TAMS 0x0000000458000000, 0x0000000458000000| Untracked 
| 177|0x0000000458800000, 0x0000000458800000, 0x0000000459000000|  0%| F|  |TAMS 0x0000000458800000, 0x0000000458800000| Untracked 
| 178|0x0000000459000000, 0x0000000459000000, 0x0000000459800000|  0%| F|  |TAMS 0x0000000459000000, 0x0000000459000000| Untracked 
| 179|0x0000000459800000, 0x0000000459800000, 0x000000045a000000|  0%| F|  |TAMS 0x0000000459800000, 0x0000000459800000| Untracked 
| 180|0x000000045a000000, 0x000000045a000000, 0x000000045a800000|  0%| F|  |TAMS 0x000000045a000000, 0x000000045a000000| Untracked 
| 181|0x000000045a800000, 0x000000045a800000, 0x000000045b000000|  0%| F|  |TAMS 0x000000045a800000, 0x000000045a800000| Untracked 
| 182|0x000000045b000000, 0x000000045b000000, 0x000000045b800000|  0%| F|  |TAMS 0x000000045b000000, 0x000000045b000000| Untracked 
| 183|0x000000045b800000, 0x000000045b800000, 0x000000045c000000|  0%| F|  |TAMS 0x000000045b800000, 0x000000045b800000| Untracked 
| 184|0x000000045c000000, 0x000000045c000000, 0x000000045c800000|  0%| F|  |TAMS 0x000000045c000000, 0x000000045c000000| Untracked 
| 185|0x000000045c800000, 0x000000045c800000, 0x000000045d000000|  0%| F|  |TAMS 0x000000045c800000, 0x000000045c800000| Untracked 
| 186|0x000000045d000000, 0x000000045d000000, 0x000000045d800000|  0%| F|  |TAMS 0x000000045d000000, 0x000000045d000000| Untracked 
| 187|0x000000045d800000, 0x000000045d800000, 0x000000045e000000|  0%| F|  |TAMS 0x000000045d800000, 0x000000045d800000| Untracked 
| 188|0x000000045e000000, 0x000000045e000000, 0x000000045e800000|  0%| F|  |TAMS 0x000000045e000000, 0x000000045e000000| Untracked 
| 189|0x000000045e800000, 0x000000045e800000, 0x000000045f000000|  0%| F|  |TAMS 0x000000045e800000, 0x000000045e800000| Untracked 
| 190|0x000000045f000000, 0x000000045f000000, 0x000000045f800000|  0%| F|  |TAMS 0x000000045f000000, 0x000000045f000000| Untracked 
| 191|0x000000045f800000, 0x000000045f800000, 0x0000000460000000|  0%| F|  |TAMS 0x000000045f800000, 0x000000045f800000| Untracked 
| 192|0x0000000460000000, 0x0000000460000000, 0x0000000460800000|  0%| F|  |TAMS 0x0000000460000000, 0x0000000460000000| Untracked 
| 193|0x0000000460800000, 0x0000000460800000, 0x0000000461000000|  0%| F|  |TAMS 0x0000000460800000, 0x0000000460800000| Untracked 
| 194|0x0000000461000000, 0x0000000461000000, 0x0000000461800000|  0%| F|  |TAMS 0x0000000461000000, 0x0000000461000000| Untracked 
| 195|0x0000000461800000, 0x0000000461800000, 0x0000000462000000|  0%| F|  |TAMS 0x0000000461800000, 0x0000000461800000| Untracked 
| 196|0x0000000462000000, 0x0000000462000000, 0x0000000462800000|  0%| F|  |TAMS 0x0000000462000000, 0x0000000462000000| Untracked 
| 197|0x0000000462800000, 0x0000000462800000, 0x0000000463000000|  0%| F|  |TAMS 0x0000000462800000, 0x0000000462800000| Untracked 
| 198|0x0000000463000000, 0x0000000463000000, 0x0000000463800000|  0%| F|  |TAMS 0x0000000463000000, 0x0000000463000000| Untracked 
| 199|0x0000000463800000, 0x0000000463800000, 0x0000000464000000|  0%| F|  |TAMS 0x0000000463800000, 0x0000000463800000| Untracked 
| 200|0x0000000464000000, 0x0000000464000000, 0x0000000464800000|  0%| F|  |TAMS 0x0000000464000000, 0x0000000464000000| Untracked 
| 201|0x0000000464800000, 0x0000000464800000, 0x0000000465000000|  0%| F|  |TAMS 0x0000000464800000, 0x0000000464800000| Untracked 
| 202|0x0000000465000000, 0x0000000465000000, 0x0000000465800000|  0%| F|  |TAMS 0x0000000465000000, 0x0000000465000000| Untracked 
| 203|0x0000000465800000, 0x0000000465800000, 0x0000000466000000|  0%| F|  |TAMS 0x0000000465800000, 0x0000000465800000| Untracked 
| 204|0x0000000466000000, 0x0000000466000000, 0x0000000466800000|  0%| F|  |TAMS 0x0000000466000000, 0x0000000466000000| Untracked 
| 205|0x0000000466800000, 0x0000000466800000, 0x0000000467000000|  0%| F|  |TAMS 0x0000000466800000, 0x0000000466800000| Untracked 
| 206|0x0000000467000000, 0x0000000467000000, 0x0000000467800000|  0%| F|  |TAMS 0x0000000467000000, 0x0000000467000000| Untracked 
| 207|0x0000000467800000, 0x0000000467800000, 0x0000000468000000|  0%| F|  |TAMS 0x0000000467800000, 0x0000000467800000| Untracked 
| 208|0x0000000468000000, 0x0000000468000000, 0x0000000468800000|  0%| F|  |TAMS 0x0000000468000000, 0x0000000468000000| Untracked 
| 209|0x0000000468800000, 0x0000000468800000, 0x0000000469000000|  0%| F|  |TAMS 0x0000000468800000, 0x0000000468800000| Untracked 
| 210|0x0000000469000000, 0x0000000469000000, 0x0000000469800000|  0%| F|  |TAMS 0x0000000469000000, 0x0000000469000000| Untracked 
| 211|0x0000000469800000, 0x0000000469800000, 0x000000046a000000|  0%| F|  |TAMS 0x0000000469800000, 0x0000000469800000| Untracked 
| 212|0x000000046a000000, 0x000000046a000000, 0x000000046a800000|  0%| F|  |TAMS 0x000000046a000000, 0x000000046a000000| Untracked 
| 213|0x000000046a800000, 0x000000046a800000, 0x000000046b000000|  0%| F|  |TAMS 0x000000046a800000, 0x000000046a800000| Untracked 
| 214|0x000000046b000000, 0x000000046b000000, 0x000000046b800000|  0%| F|  |TAMS 0x000000046b000000, 0x000000046b000000| Untracked 
| 215|0x000000046b800000, 0x000000046b800000, 0x000000046c000000|  0%| F|  |TAMS 0x000000046b800000, 0x000000046b800000| Untracked 
| 216|0x000000046c000000, 0x000000046c000000, 0x000000046c800000|  0%| F|  |TAMS 0x000000046c000000, 0x000000046c000000| Untracked 
| 217|0x000000046c800000, 0x000000046c800000, 0x000000046d000000|  0%| F|  |TAMS 0x000000046c800000, 0x000000046c800000| Untracked 
| 218|0x000000046d000000, 0x000000046d000000, 0x000000046d800000|  0%| F|  |TAMS 0x000000046d000000, 0x000000046d000000| Untracked 
| 219|0x000000046d800000, 0x000000046d800000, 0x000000046e000000|  0%| F|  |TAMS 0x000000046d800000, 0x000000046d800000| Untracked 
| 220|0x000000046e000000, 0x000000046e000000, 0x000000046e800000|  0%| F|  |TAMS 0x000000046e000000, 0x000000046e000000| Untracked 
| 221|0x000000046e800000, 0x000000046e800000, 0x000000046f000000|  0%| F|  |TAMS 0x000000046e800000, 0x000000046e800000| Untracked 
| 222|0x000000046f000000, 0x000000046f000000, 0x000000046f800000|  0%| F|  |TAMS 0x000000046f000000, 0x000000046f000000| Untracked 
| 223|0x000000046f800000, 0x000000046f800000, 0x0000000470000000|  0%| F|  |TAMS 0x000000046f800000, 0x000000046f800000| Untracked 
| 224|0x0000000470000000, 0x0000000470000000, 0x0000000470800000|  0%| F|  |TAMS 0x0000000470000000, 0x0000000470000000| Untracked 
| 225|0x0000000470800000, 0x0000000470800000, 0x0000000471000000|  0%| F|  |TAMS 0x0000000470800000, 0x0000000470800000| Untracked 
| 226|0x0000000471000000, 0x0000000471000000, 0x0000000471800000|  0%| F|  |TAMS 0x0000000471000000, 0x0000000471000000| Untracked 
| 227|0x0000000471800000, 0x0000000471800000, 0x0000000472000000|  0%| F|  |TAMS 0x0000000471800000, 0x0000000471800000| Untracked 
| 228|0x0000000472000000, 0x0000000472000000, 0x0000000472800000|  0%| F|  |TAMS 0x0000000472000000, 0x0000000472000000| Untracked 
| 229|0x0000000472800000, 0x0000000472800000, 0x0000000473000000|  0%| F|  |TAMS 0x0000000472800000, 0x0000000472800000| Untracked 
| 230|0x0000000473000000, 0x0000000473000000, 0x0000000473800000|  0%| F|  |TAMS 0x0000000473000000, 0x0000000473000000| Untracked 
| 231|0x0000000473800000, 0x0000000473800000, 0x0000000474000000|  0%| F|  |TAMS 0x0000000473800000, 0x0000000473800000| Untracked 
| 232|0x0000000474000000, 0x0000000474000000, 0x0000000474800000|  0%| F|  |TAMS 0x0000000474000000, 0x0000000474000000| Untracked 
| 233|0x0000000474800000, 0x0000000474800000, 0x0000000475000000|  0%| F|  |TAMS 0x0000000474800000, 0x0000000474800000| Untracked 
| 234|0x0000000475000000, 0x0000000475000000, 0x0000000475800000|  0%| F|  |TAMS 0x0000000475000000, 0x0000000475000000| Untracked 
| 235|0x0000000475800000, 0x0000000475800000, 0x0000000476000000|  0%| F|  |TAMS 0x0000000475800000, 0x0000000475800000| Untracked 
| 236|0x0000000476000000, 0x0000000476000000, 0x0000000476800000|  0%| F|  |TAMS 0x0000000476000000, 0x0000000476000000| Untracked 
| 237|0x0000000476800000, 0x0000000476800000, 0x0000000477000000|  0%| F|  |TAMS 0x0000000476800000, 0x0000000476800000| Untracked 
| 238|0x0000000477000000, 0x0000000477000000, 0x0000000477800000|  0%| F|  |TAMS 0x0000000477000000, 0x0000000477000000| Untracked 
| 239|0x0000000477800000, 0x0000000477800000, 0x0000000478000000|  0%| F|  |TAMS 0x0000000477800000, 0x0000000477800000| Untracked 
| 240|0x0000000478000000, 0x0000000478000000, 0x0000000478800000|  0%| F|  |TAMS 0x0000000478000000, 0x0000000478000000| Untracked 
| 241|0x0000000478800000, 0x0000000478800000, 0x0000000479000000|  0%| F|  |TAMS 0x0000000478800000, 0x0000000478800000| Untracked 
| 242|0x0000000479000000, 0x0000000479000000, 0x0000000479800000|  0%| F|  |TAMS 0x0000000479000000, 0x0000000479000000| Untracked 
| 243|0x0000000479800000, 0x0000000479800000, 0x000000047a000000|  0%| F|  |TAMS 0x0000000479800000, 0x0000000479800000| Untracked 
| 244|0x000000047a000000, 0x000000047a000000, 0x000000047a800000|  0%| F|  |TAMS 0x000000047a000000, 0x000000047a000000| Untracked 
| 245|0x000000047a800000, 0x000000047a800000, 0x000000047b000000|  0%| F|  |TAMS 0x000000047a800000, 0x000000047a800000| Untracked 
| 246|0x000000047b000000, 0x000000047b000000, 0x000000047b800000|  0%| F|  |TAMS 0x000000047b000000, 0x000000047b000000| Untracked 
| 247|0x000000047b800000, 0x000000047b800000, 0x000000047c000000|  0%| F|  |TAMS 0x000000047b800000, 0x000000047b800000| Untracked 
| 248|0x000000047c000000, 0x000000047c000000, 0x000000047c800000|  0%| F|  |TAMS 0x000000047c000000, 0x000000047c000000| Untracked 
| 249|0x000000047c800000, 0x000000047c800000, 0x000000047d000000|  0%| F|  |TAMS 0x000000047c800000, 0x000000047c800000| Untracked 
| 250|0x000000047d000000, 0x000000047d000000, 0x000000047d800000|  0%| F|  |TAMS 0x000000047d000000, 0x000000047d000000| Untracked 
| 251|0x000000047d800000, 0x000000047d800000, 0x000000047e000000|  0%| F|  |TAMS 0x000000047d800000, 0x000000047d800000| Untracked 
| 252|0x000000047e000000, 0x000000047e000000, 0x000000047e800000|  0%| F|  |TAMS 0x000000047e000000, 0x000000047e000000| Untracked 
| 253|0x000000047e800000, 0x000000047e800000, 0x000000047f000000|  0%| F|  |TAMS 0x000000047e800000, 0x000000047e800000| Untracked 
| 254|0x000000047f000000, 0x000000047f000000, 0x000000047f800000|  0%| F|  |TAMS 0x000000047f000000, 0x000000047f000000| Untracked 
| 255|0x000000047f800000, 0x000000047f800000, 0x0000000480000000|  0%| F|  |TAMS 0x000000047f800000, 0x000000047f800000| Untracked 
| 256|0x0000000480000000, 0x0000000480000000, 0x0000000480800000|  0%| F|  |TAMS 0x0000000480000000, 0x0000000480000000| Untracked 
| 257|0x0000000480800000, 0x0000000480800000, 0x0000000481000000|  0%| F|  |TAMS 0x0000000480800000, 0x0000000480800000| Untracked 
| 258|0x0000000481000000, 0x0000000481000000, 0x0000000481800000|  0%| F|  |TAMS 0x0000000481000000, 0x0000000481000000| Untracked 
| 259|0x0000000481800000, 0x0000000481800000, 0x0000000482000000|  0%| F|  |TAMS 0x0000000481800000, 0x0000000481800000| Untracked 
| 260|0x0000000482000000, 0x0000000482000000, 0x0000000482800000|  0%| F|  |TAMS 0x0000000482000000, 0x0000000482000000| Untracked 
| 261|0x0000000482800000, 0x0000000482800000, 0x0000000483000000|  0%| F|  |TAMS 0x0000000482800000, 0x0000000482800000| Untracked 
| 262|0x0000000483000000, 0x0000000483800000, 0x0000000483800000|100%| S|CS|TAMS 0x0000000483000000, 0x0000000483000000| Complete 
| 263|0x0000000483800000, 0x0000000484000000, 0x0000000484000000|100%| S|CS|TAMS 0x0000000483800000, 0x0000000483800000| Complete 
| 264|0x0000000484000000, 0x0000000484000000, 0x0000000484800000|  0%| F|  |TAMS 0x0000000484000000, 0x0000000484000000| Untracked 
| 265|0x0000000484800000, 0x0000000484800000, 0x0000000485000000|  0%| F|  |TAMS 0x0000000484800000, 0x0000000484800000| Untracked 
| 266|0x0000000485000000, 0x0000000485000000, 0x0000000485800000|  0%| F|  |TAMS 0x0000000485000000, 0x0000000485000000| Untracked 
| 267|0x0000000485800000, 0x0000000486000000, 0x0000000486000000|100%| S|CS|TAMS 0x0000000485800000, 0x0000000485800000| Complete 
| 268|0x0000000486000000, 0x0000000486000000, 0x0000000486800000|  0%| F|  |TAMS 0x0000000486000000, 0x0000000486000000| Untracked 
| 269|0x0000000486800000, 0x0000000486800000, 0x0000000487000000|  0%| F|  |TAMS 0x0000000486800000, 0x0000000486800000| Untracked 
| 270|0x0000000487000000, 0x0000000487000000, 0x0000000487800000|  0%| F|  |TAMS 0x0000000487000000, 0x0000000487000000| Untracked 
| 271|0x0000000487800000, 0x0000000487800000, 0x0000000488000000|  0%| F|  |TAMS 0x0000000487800000, 0x0000000487800000| Untracked 
| 272|0x0000000488000000, 0x0000000488000000, 0x0000000488800000|  0%| F|  |TAMS 0x0000000488000000, 0x0000000488000000| Untracked 
| 273|0x0000000488800000, 0x0000000488800000, 0x0000000489000000|  0%| F|  |TAMS 0x0000000488800000, 0x0000000488800000| Untracked 
| 274|0x0000000489000000, 0x0000000489000000, 0x0000000489800000|  0%| F|  |TAMS 0x0000000489000000, 0x0000000489000000| Untracked 
| 275|0x0000000489800000, 0x0000000489800000, 0x000000048a000000|  0%| F|  |TAMS 0x0000000489800000, 0x0000000489800000| Untracked 
| 276|0x000000048a000000, 0x000000048a000000, 0x000000048a800000|  0%| F|  |TAMS 0x000000048a000000, 0x000000048a000000| Untracked 
| 277|0x000000048a800000, 0x000000048a800000, 0x000000048b000000|  0%| F|  |TAMS 0x000000048a800000, 0x000000048a800000| Untracked 
| 278|0x000000048b000000, 0x000000048b000000, 0x000000048b800000|  0%| F|  |TAMS 0x000000048b000000, 0x000000048b000000| Untracked 
| 279|0x000000048b800000, 0x000000048b800000, 0x000000048c000000|  0%| F|  |TAMS 0x000000048b800000, 0x000000048b800000| Untracked 
| 280|0x000000048c000000, 0x000000048c000000, 0x000000048c800000|  0%| F|  |TAMS 0x000000048c000000, 0x000000048c000000| Untracked 
| 281|0x000000048c800000, 0x000000048c800000, 0x000000048d000000|  0%| F|  |TAMS 0x000000048c800000, 0x000000048c800000| Untracked 
| 282|0x000000048d000000, 0x000000048d000000, 0x000000048d800000|  0%| F|  |TAMS 0x000000048d000000, 0x000000048d000000| Untracked 
| 283|0x000000048d800000, 0x000000048d800000, 0x000000048e000000|  0%| F|  |TAMS 0x000000048d800000, 0x000000048d800000| Untracked 
| 284|0x000000048e000000, 0x000000048e000000, 0x000000048e800000|  0%| F|  |TAMS 0x000000048e000000, 0x000000048e000000| Untracked 
| 285|0x000000048e800000, 0x000000048e800000, 0x000000048f000000|  0%| F|  |TAMS 0x000000048e800000, 0x000000048e800000| Untracked 
| 286|0x000000048f000000, 0x000000048f000000, 0x000000048f800000|  0%| F|  |TAMS 0x000000048f000000, 0x000000048f000000| Untracked 
| 287|0x000000048f800000, 0x000000048f800000, 0x0000000490000000|  0%| F|  |TAMS 0x000000048f800000, 0x000000048f800000| Untracked 

Card table byte_map: [0x000001c77a640000,0x000001c77c640000] _byte_map_base: 0x000001c778640000

Marking Bits (Prev, Next): (CMBitMap*) 0x000001c770215b80, (CMBitMap*) 0x000001c770215b40
 Prev Bits: [0x000001c71f000000, 0x000001c72f000000)
 Next Bits: [0x000001c70f000000, 0x000001c71f000000)

Polling page: 0x000001c76e140000

Metaspace:

Usage:
  Non-class:     21.18 MB used.
      Class:      3.51 MB used.
       Both:     24.69 MB used.

Virtual space:
  Non-class space:       64.00 MB reserved,      21.31 MB ( 33%) committed,  1 nodes.
      Class space:        1.00 GB reserved,       3.69 MB ( <1%) committed,  1 nodes.
             Both:        1.06 GB reserved,      25.00 MB (  2%) committed. 

Chunk freelists:
   Non-Class:  2.06 MB
       Class:  304.00 KB
        Both:  2.36 MB

MaxMetaspaceSize: unlimited
CompressedClassSpaceSize: 1.00 GB
Initial GC threshold: 21.00 MB
Current GC threshold: 41.56 MB
CDS: on
MetaspaceReclaimPolicy: balanced
 - commit_granule_bytes: 65536.
 - commit_granule_words: 8192.
 - virtual_space_node_default_size: 8388608.
 - enlarge_chunks_in_place: 1.
 - new_chunks_are_fully_committed: 0.
 - uncommit_free_chunks: 1.
 - use_allocation_guard: 0.


Internal statistics:

num_allocs_failed_limit: 6.
num_arena_births: 394.
num_arena_deaths: 0.
num_vsnodes_births: 2.
num_vsnodes_deaths: 0.
num_space_committed: 400.
num_space_uncommitted: 0.
num_chunks_returned_to_freelist: 6.
num_chunks_taken_from_freelist: 1055.
num_chunk_merges: 6.
num_chunk_splits: 738.
num_chunks_enlarged: 575.
num_inconsistent_stats: 0.

CodeHeap 'non-profiled nmethods': size=120000Kb used=2220Kb max_used=2220Kb free=117779Kb
 bounds [0x000001c707ad0000, 0x000001c707d40000, 0x000001c70f000000]
CodeHeap 'profiled nmethods': size=120000Kb used=7650Kb max_used=7650Kb free=112349Kb
 bounds [0x000001c700000000, 0x000001c700780000, 0x000001c707530000]
CodeHeap 'non-nmethods': size=5760Kb used=1577Kb max_used=1628Kb free=4182Kb
 bounds [0x000001c707530000, 0x000001c7077a0000, 0x000001c707ad0000]
 total_blobs=4958 nmethods=4090 adapters=778
 compilation: enabled
              stopped_count=0, restarted_count=0
 full_count=0

Compilation events (20 events):
Event: 18.725 Thread 0x000001c778634f40 4084       4       javafx.scene.Node::setScenes (75 bytes)
Event: 18.728 Thread 0x000001c778637ad0 nmethod 4079 0x000001c700770410 code [0x000001c700770b60, 0x000001c700776098]
Event: 18.728 Thread 0x000001c778637ad0 4083       2       javafx.scene.Node::scenesChanged (1 bytes)
Event: 18.729 Thread 0x000001c778637ad0 nmethod 4083 0x000001c700777a10 code [0x000001c700777ba0, 0x000001c700777c98]
Event: 18.773 Thread 0x000001c778634f40 nmethod 4084 0x000001c707cf5310 code [0x000001c707cf5600, 0x000001c707cf6cc8]
Event: 18.773 Thread 0x000001c778634f40 4087 %     4       javafx.scene.Parent::scenesChanged @ 34 (172 bytes)
Event: 18.787 Thread 0x000001c778634f40 nmethod 4087% 0x000001c707cf7c10 code [0x000001c707cf7e20, 0x000001c707cf84a8]
Event: 18.787 Thread 0x000001c778634f40 4085       4       javafx.scene.Node::invalidatedScenes (209 bytes)
Event: 18.802 Thread 0x000001c778634f40 nmethod 4085 0x000001c707cf8b90 code [0x000001c707cf8de0, 0x000001c707cf95e8]
Event: 18.802 Thread 0x000001c778634f40 4088       4       javafx.scene.Parent::scenesChanged (172 bytes)
Event: 18.817 Thread 0x000001c778634f40 nmethod 4088 0x000001c707cf9c10 code [0x000001c707cf9e40, 0x000001c707cfa608]
Event: 18.817 Thread 0x000001c778634f40 4086       4       javafx.scene.Node::scenesChanged (1 bytes)
Event: 18.818 Thread 0x000001c778634f40 nmethod 4086 0x000001c707cfae10 code [0x000001c707cfaf80, 0x000001c707cfaff8]
Event: 18.964 Thread 0x000001c778637ad0 4089       3       javafx.beans.property.ReadOnlyDoubleWrapper$ReadOnlyPropertyImpl::get (8 bytes)
Event: 18.965 Thread 0x000001c778637ad0 nmethod 4089 0x000001c700777d10 code [0x000001c700777ee0, 0x000001c700778228]
Event: 18.966 Thread 0x000001c778637ad0 4090       3       javafx.scene.Node::getClassCssMetaData (4 bytes)
Event: 18.966 Thread 0x000001c778637ad0 nmethod 4090 0x000001c700778310 code [0x000001c7007784a0, 0x000001c700778598]
Event: 18.966 Thread 0x000001c778637ad0 4091       3       javafx.scene.Node::getCssMetaData (4 bytes)
Event: 18.966 Thread 0x000001c778637ad0 nmethod 4091 0x000001c700778610 code [0x000001c7007787c0, 0x000001c700778938]
Event: 18.966 Thread 0x000001c778634f40 4092       4       javafx.scene.CssStyleHelper::createStyleHelper (304 bytes)

GC Heap History (20 events):
Event: 15.689 GC heap after
{Heap after GC invocations=15 (full 0):
 garbage-first heap   total 786432K, used 254667K [0x0000000400000000, 0x0000000800000000)
  region size 8192K, 2 young (16384K), 2 survivors (16384K)
 Metaspace       used 25204K, committed 25536K, reserved 1114112K
  class space    used 3575K, committed 3712K, reserved 1048576K
}
Event: 15.844 GC heap before
{Heap before GC invocations=16 (full 0):
 garbage-first heap   total 786432K, used 352971K [0x0000000400000000, 0x0000000800000000)
  region size 8192K, 14 young (114688K), 2 survivors (16384K)
 Metaspace       used 25204K, committed 25536K, reserved 1114112K
  class space    used 3575K, committed 3712K, reserved 1048576K
}
Event: 15.940 GC heap after
{Heap after GC invocations=17 (full 0):
 garbage-first heap   total 786432K, used 347780K [0x0000000400000000, 0x0000000800000000)
  region size 8192K, 2 young (16384K), 2 survivors (16384K)
 Metaspace       used 25204K, committed 25536K, reserved 1114112K
  class space    used 3575K, committed 3712K, reserved 1048576K
}
Event: 15.958 GC heap before
{Heap before GC invocations=17 (full 0):
 garbage-first heap   total 786432K, used 364164K [0x0000000400000000, 0x0000000800000000)
  region size 8192K, 4 young (32768K), 2 survivors (16384K)
 Metaspace       used 25204K, committed 25536K, reserved 1114112K
  class space    used 3575K, committed 3712K, reserved 1048576K
}
Event: 15.998 GC heap after
{Heap after GC invocations=18 (full 0):
 garbage-first heap   total 786432K, used 366362K [0x0000000400000000, 0x0000000800000000)
  region size 8192K, 1 young (8192K), 1 survivors (8192K)
 Metaspace       used 25204K, committed 25536K, reserved 1114112K
  class space    used 3575K, committed 3712K, reserved 1048576K
}
Event: 16.115 GC heap before
{Heap before GC invocations=18 (full 0):
 garbage-first heap   total 786432K, used 464666K [0x0000000400000000, 0x0000000800000000)
  region size 8192K, 13 young (106496K), 1 survivors (8192K)
 Metaspace       used 25204K, committed 25536K, reserved 1114112K
  class space    used 3575K, committed 3712K, reserved 1048576K
}
Event: 16.209 GC heap after
{Heap after GC invocations=19 (full 0):
 garbage-first heap   total 786432K, used 458732K [0x0000000400000000, 0x0000000800000000)
  region size 8192K, 2 young (16384K), 2 survivors (16384K)
 Metaspace       used 25204K, committed 25536K, reserved 1114112K
  class space    used 3575K, committed 3712K, reserved 1048576K
}
Event: 16.354 GC heap before
{Heap before GC invocations=19 (full 0):
 garbage-first heap   total 786432K, used 532460K [0x0000000400000000, 0x0000000800000000)
  region size 8192K, 11 young (90112K), 2 survivors (16384K)
 Metaspace       used 25204K, committed 25536K, reserved 1114112K
  class space    used 3575K, committed 3712K, reserved 1048576K
}
Event: 16.444 GC heap after
{Heap after GC invocations=20 (full 0):
 garbage-first heap   total 2359296K, used 530675K [0x0000000400000000, 0x0000000800000000)
  region size 8192K, 2 young (16384K), 2 survivors (16384K)
 Metaspace       used 25204K, committed 25536K, reserved 1114112K
  class space    used 3575K, committed 3712K, reserved 1048576K
}
Event: 16.690 GC heap before
{Heap before GC invocations=20 (full 0):
 garbage-first heap   total 2359296K, used 645363K [0x0000000400000000, 0x0000000800000000)
  region size 8192K, 16 young (131072K), 2 survivors (16384K)
 Metaspace       used 25204K, committed 25536K, reserved 1114112K
  class space    used 3575K, committed 3712K, reserved 1048576K
}
Event: 16.802 GC heap after
{Heap after GC invocations=21 (full 0):
 garbage-first heap   total 2359296K, used 638895K [0x0000000400000000, 0x0000000800000000)
  region size 8192K, 2 young (16384K), 2 survivors (16384K)
 Metaspace       used 25204K, committed 25536K, reserved 1114112K
  class space    used 3575K, committed 3712K, reserved 1048576K
}
Event: 17.336 GC heap before
{Heap before GC invocations=21 (full 0):
 garbage-first heap   total 2351104K, used 778159K [0x0000000400000000, 0x0000000800000000)
  region size 8192K, 20 young (163840K), 2 survivors (16384K)
 Metaspace       used 25204K, committed 25536K, reserved 1114112K
  class space    used 3575K, committed 3712K, reserved 1048576K
}
Event: 17.463 GC heap after
{Heap after GC invocations=22 (full 0):
 garbage-first heap   total 2351104K, used 780469K [0x0000000400000000, 0x0000000800000000)
  region size 8192K, 3 young (24576K), 3 survivors (24576K)
 Metaspace       used 25204K, committed 25536K, reserved 1114112K
  class space    used 3575K, committed 3712K, reserved 1048576K
}
Event: 17.755 GC heap before
{Heap before GC invocations=23 (full 0):
 garbage-first heap   total 2351104K, used 985269K [0x0000000400000000, 0x0000000800000000)
  region size 8192K, 27 young (221184K), 3 survivors (24576K)
 Metaspace       used 25204K, committed 25536K, reserved 1114112K
  class space    used 3575K, committed 3712K, reserved 1048576K
}
Event: 17.944 GC heap after
{Heap after GC invocations=24 (full 0):
 garbage-first heap   total 2351104K, used 974274K [0x0000000400000000, 0x0000000800000000)
  region size 8192K, 4 young (32768K), 4 survivors (32768K)
 Metaspace       used 25204K, committed 25536K, reserved 1114112K
  class space    used 3575K, committed 3712K, reserved 1048576K
}
Event: 18.156 GC heap before
{Heap before GC invocations=24 (full 0):
 garbage-first heap   total 2351104K, used 1048002K [0x0000000400000000, 0x0000000800000000)
  region size 8192K, 14 young (114688K), 4 survivors (32768K)
 Metaspace       used 25204K, committed 25536K, reserved 1114112K
  class space    used 3575K, committed 3712K, reserved 1048576K
}
Event: 18.271 GC heap after
{Heap after GC invocations=25 (full 0):
 garbage-first heap   total 2351104K, used 1053963K [0x0000000400000000, 0x0000000800000000)
  region size 8192K, 2 young (16384K), 2 survivors (16384K)
 Metaspace       used 25204K, committed 25536K, reserved 1114112K
  class space    used 3575K, committed 3712K, reserved 1048576K
}
Event: 18.416 GC heap before
{Heap before GC invocations=25 (full 0):
 garbage-first heap   total 2351104K, used 1193227K [0x0000000400000000, 0x0000000800000000)
  region size 8192K, 20 young (163840K), 2 survivors (16384K)
 Metaspace       used 25204K, committed 25536K, reserved 1114112K
  class space    used 3575K, committed 3712K, reserved 1048576K
}
Event: 18.556 GC heap after
{Heap after GC invocations=26 (full 0):
 garbage-first heap   total 2351104K, used 1195567K [0x0000000400000000, 0x0000000800000000)
  region size 8192K, 3 young (24576K), 3 survivors (24576K)
 Metaspace       used 25204K, committed 25536K, reserved 1114112K
  class space    used 3575K, committed 3712K, reserved 1048576K
}
Event: 19.023 GC heap before
{Heap before GC invocations=26 (full 0):
 garbage-first heap   total 2351104K, used 1351215K [0x0000000400000000, 0x0000000800000000)
  region size 8192K, 22 young (180224K), 3 survivors (24576K)
 Metaspace       used 25279K, committed 25600K, reserved 1114112K
  class space    used 3594K, committed 3776K, reserved 1048576K
}

Dll operation events (20 events):
Event: 0.769 Loaded shared library C:\Users\celia\.openjfx\cache\19+11\amd64\api-ms-win-crt-math-l1-1-0.dll
Event: 0.775 Loaded shared library C:\Users\celia\.openjfx\cache\19+11\amd64\api-ms-win-crt-multibyte-l1-1-0.dll
Event: 0.782 Loaded shared library C:\Users\celia\.openjfx\cache\19+11\amd64\api-ms-win-crt-private-l1-1-0.dll
Event: 0.787 Loaded shared library C:\Users\celia\.openjfx\cache\19+11\amd64\api-ms-win-crt-process-l1-1-0.dll
Event: 0.792 Loaded shared library C:\Users\celia\.openjfx\cache\19+11\amd64\api-ms-win-crt-runtime-l1-1-0.dll
Event: 0.798 Loaded shared library C:\Users\celia\.openjfx\cache\19+11\amd64\api-ms-win-crt-stdio-l1-1-0.dll
Event: 0.805 Loaded shared library C:\Users\celia\.openjfx\cache\19+11\amd64\api-ms-win-crt-string-l1-1-0.dll
Event: 0.811 Loaded shared library C:\Users\celia\.openjfx\cache\19+11\amd64\api-ms-win-crt-time-l1-1-0.dll
Event: 0.816 Loaded shared library C:\Users\celia\.openjfx\cache\19+11\amd64\api-ms-win-crt-utility-l1-1-0.dll
Event: 0.851 Loaded shared library C:\Users\celia\.openjfx\cache\19+11\amd64\ucrtbase.dll
Event: 0.860 Loaded shared library C:\Users\celia\.openjfx\cache\19+11\amd64\vcruntime140.dll
Event: 0.867 Loaded shared library C:\Users\celia\.openjfx\cache\19+11\amd64\vcruntime140_1.dll
Event: 0.887 Loaded shared library C:\Users\celia\.openjfx\cache\19+11\amd64\msvcp140.dll
Event: 0.892 Loaded shared library C:\Users\celia\.openjfx\cache\19+11\amd64\msvcp140_1.dll
Event: 0.899 Loaded shared library C:\Users\celia\.openjfx\cache\19+11\amd64\msvcp140_2.dll
Event: 0.960 Loaded shared library C:\Users\celia\.openjfx\cache\19+11\amd64\prism_d3d.dll
Event: 1.017 Loaded shared library C:\Users\celia\.openjfx\cache\19+11\amd64\glass.dll
Event: 1.098 Loaded shared library C:\Program Files\Java\jdk-19\bin\jimage.dll
Event: 1.461 Loaded shared library C:\Users\celia\.openjfx\cache\19+11\amd64\javafx_font.dll
Event: 2.325 Loaded shared library C:\Program Files\Java\jdk-19\bin\sunmscapi.dll

Deoptimization events (20 events):
Event: 18.964 Thread 0x000001c778638df0 Uncommon trap: trap_request=0xffffff45 fr.pc=0x000001c707ca80dc relative=0x000000000000011c
Event: 18.964 Thread 0x000001c778638df0 Uncommon trap: reason=unstable_if action=reinterpret pc=0x000001c707ca80dc method=javafx.scene.Node$NodeTransformation.invalidateLocalToParentTransform()V @ 4 c2
Event: 18.964 Thread 0x000001c778638df0 DEOPT PACKING pc=0x000001c707ca80dc sp=0x000000bebdbfcb30
Event: 18.964 Thread 0x000001c778638df0 DEOPT UNPACKING pc=0x000001c707596da3 sp=0x000000bebdbfc878 mode 2
Event: 18.964 Thread 0x000001c778638df0 Uncommon trap: trap_request=0xffffff45 fr.pc=0x000001c707c8bb40 relative=0x00000000000000c0
Event: 18.964 Thread 0x000001c778638df0 Uncommon trap: reason=unstable_if action=reinterpret pc=0x000001c707c8bb40 method=javafx.scene.Parent$3.onProposedChange(Ljava/util/List;[I)V @ 9 c2
Event: 18.964 Thread 0x000001c778638df0 DEOPT PACKING pc=0x000001c707c8bb40 sp=0x000000bebdbfcb50
Event: 18.964 Thread 0x000001c778638df0 DEOPT UNPACKING pc=0x000001c707596da3 sp=0x000000bebdbfcb20 mode 2
Event: 18.965 Thread 0x000001c778638df0 Uncommon trap: trap_request=0xffffff45 fr.pc=0x000001c707c737f4 relative=0x0000000000000554
Event: 18.965 Thread 0x000001c778638df0 Uncommon trap: reason=unstable_if action=reinterpret pc=0x000001c707c737f4 method=javafx.scene.Node.updateDisabled()V @ 58 c2
Event: 18.965 Thread 0x000001c778638df0 DEOPT PACKING pc=0x000001c707c737f4 sp=0x000000bebdbfc790
Event: 18.965 Thread 0x000001c778638df0 DEOPT UNPACKING pc=0x000001c707596da3 sp=0x000000bebdbfc768 mode 2
Event: 18.965 Thread 0x000001c778638df0 Uncommon trap: trap_request=0xffffffc6 fr.pc=0x000001c707c963bc relative=0x000000000000011c
Event: 18.965 Thread 0x000001c778638df0 Uncommon trap: reason=bimorphic_or_optimized_type_check action=maybe_recompile pc=0x000001c707c963bc method=javafx.scene.Node.calcAutomaticNodeOrientation()B @ 1 c2
Event: 18.965 Thread 0x000001c778638df0 DEOPT PACKING pc=0x000001c707c963bc sp=0x000000bebdbfc730
Event: 18.965 Thread 0x000001c778638df0 DEOPT UNPACKING pc=0x000001c707596da3 sp=0x000000bebdbfc658 mode 2
Event: 18.965 Thread 0x000001c778638df0 Uncommon trap: trap_request=0xffffffd6 fr.pc=0x000001c707c41c88 relative=0x0000000000000d88
Event: 18.965 Thread 0x000001c778638df0 Uncommon trap: reason=array_check action=maybe_recompile pc=0x000001c707c41c88 method=javafx.css.SimpleSelector.applies(Ljavafx/css/Styleable;[Ljava/util/Set;I)Z @ 37 c2
Event: 18.965 Thread 0x000001c778638df0 DEOPT PACKING pc=0x000001c707c41c88 sp=0x000000bebdbfc2d0
Event: 18.965 Thread 0x000001c778638df0 DEOPT UNPACKING pc=0x000001c707596da3 sp=0x000000bebdbfc210 mode 2

Classes loaded (20 events):
Event: 5.530 Loading class jdk/internal/ref/CleanerImpl$InnocuousThreadFactory
Event: 5.531 Loading class jdk/internal/ref/CleanerImpl$InnocuousThreadFactory done
Event: 5.542 Loading class sun/misc/Unsafe
Event: 5.542 Loading class sun/misc/Unsafe done
Event: 6.175 Loading class java/util/EnumMap$Values
Event: 6.175 Loading class java/util/EnumMap$Values done
Event: 6.175 Loading class java/util/EnumMap$ValueIterator
Event: 6.175 Loading class java/util/EnumMap$EnumMapIterator
Event: 6.175 Loading class java/util/EnumMap$EnumMapIterator done
Event: 6.175 Loading class java/util/EnumMap$ValueIterator done
Event: 13.599 Loading class java/io/UnsupportedEncodingException
Event: 13.599 Loading class java/io/UnsupportedEncodingException done
Event: 13.862 Loading class sun/security/ssl/Alert
Event: 13.862 Loading class sun/security/ssl/Alert done
Event: 13.862 Loading class sun/security/ssl/Alert$AlertConsumer
Event: 13.862 Loading class sun/security/ssl/Alert$AlertConsumer done
Event: 13.862 Loading class sun/security/ssl/Alert$Level
Event: 13.863 Loading class sun/security/ssl/Alert$Level done
Event: 13.998 Loading class sun/net/www/HeaderParser
Event: 13.998 Loading class sun/net/www/HeaderParser done

Classes unloaded (0 events):
No events

Classes redefined (0 events):
No events

Internal exceptions (20 events):
Event: 4.110 Thread 0x000001c778638df0 Implicit null exception at 0x000001c707b7d160 to 0x000001c707b7d1fa
Event: 4.130 Thread 0x000001c778638df0 Implicit null exception at 0x000001c707b4f3af to 0x000001c707b4f64c
Event: 4.131 Thread 0x000001c778638df0 Implicit null exception at 0x000001c707b3feaf to 0x000001c707b4014c
Event: 4.416 Thread 0x000001c778638df0 Exception <a 'java/lang/NoSuchMethodError'{0x00000004067dcbb8}: 'int java.lang.invoke.DirectMethodHandle$Holder.invokeStaticInit(java.lang.Object, java.lang.Object)'> (0x00000004067dcbb8) 
thrown [s\open\src\hotspot\share\interpreter\linkResolver.cpp, line 774]
Event: 4.493 Thread 0x000001c778638df0 Exception <a 'java/lang/NoSuchMethodError'{0x00000004079c17c8}: 'java.lang.Object java.lang.invoke.DirectMethodHandle$Holder.invokeInterface(java.lang.Object, java.lang.Object, java.lang.Object)'> (0x00000004079c17c8) 
thrown [s\open\src\hotspot\share\interpreter\linkResolver.cpp, line 774]
Event: 4.494 Thread 0x000001c778638df0 Exception <a 'java/lang/IncompatibleClassChangeError'{0x00000004079c5408}: Found class java.lang.Object, but interface was expected> (0x00000004079c5408) 
thrown [s\open\src\hotspot\share\interpreter\linkResolver.cpp, line 841]
Event: 4.611 Thread 0x000001c778638df0 Exception <a 'java/lang/ClassNotFoundException'{0x0000000407c7ac60}: com/sun/javafx/scene/control/skin/resources/controls> (0x0000000407c7ac60) 
thrown [s\open\src\hotspot\share\prims\jni.cpp, line 536]
Event: 4.612 Thread 0x000001c778638df0 Exception <a 'java/lang/ClassNotFoundException'{0x0000000407c88a38}: com/sun/javafx/scene/control/skin/resources/controls_en> (0x0000000407c88a38) 
thrown [s\open\src\hotspot\share\prims\jni.cpp, line 536]
Event: 4.612 Thread 0x000001c778638df0 Exception <a 'java/lang/ClassNotFoundException'{0x0000000407c899e0}: com/sun/javafx/scene/control/skin/resources/controls_en_GB> (0x0000000407c899e0) 
thrown [s\open\src\hotspot\share\prims\jni.cpp, line 536]
Event: 4.902 Thread 0x000001c778638df0 Exception <a 'java/lang/NoSuchMethodError'{0x0000000407ab8490}: 'int java.lang.invoke.DirectMethodHandle$Holder.invokeSpecial(java.lang.Object, java.lang.Object, int)'> (0x0000000407ab8490) 
thrown [s\open\src\hotspot\share\interpreter\linkResolver.cpp, line 774]
Event: 4.909 Thread 0x000001c778638df0 Implicit null exception at 0x000001c707ba8840 to 0x000001c707ba9130
Event: 4.999 Thread 0x000001c778638df0 Exception <a 'java/lang/NoSuchMethodError'{0x0000000407c84638}: 'void java.lang.invoke.DirectMethodHandle$Holder.invokeSpecialIFC(java.lang.Object, java.lang.Object, java.lang.Object, java.lang.Object)'> (0x0000000407c84638) 
thrown [s\open\src\hotspot\share\interpreter\linkResolver.cpp, line 774]
Event: 5.236 Thread 0x000001c778638df0 Exception <a 'java/lang/NoSuchMethodError'{0x0000000407086fc8}: 'void java.lang.invoke.DirectMethodHandle$Holder.invokeSpecial(java.lang.Object, java.lang.Object, int, int)'> (0x0000000407086fc8) 
thrown [s\open\src\hotspot\share\interpreter\linkResolver.cpp, line 774]
Event: 5.237 Thread 0x000001c778638df0 Exception <a 'java/lang/NoSuchMethodError'{0x000000040708d7c0}: 'java.lang.Object java.lang.invoke.DirectMethodHandle$Holder.newInvokeSpecial(java.lang.Object, java.lang.Object, int, int)'> (0x000000040708d7c0) 
thrown [s\open\src\hotspot\share\interpreter\linkResolver.cpp, line 774]
Event: 5.238 Thread 0x000001c778638df0 Exception <a 'java/lang/NoSuchMethodError'{0x00000004070919c8}: 'java.lang.Object java.lang.invoke.DirectMethodHandle$Holder.invokeSpecial(java.lang.Object, java.lang.Object, java.lang.Object, int, int)'> (0x00000004070919c8) 
thrown [s\open\src\hotspot\share\interpreter\linkResolver.cpp, line 774]
Event: 5.251 Thread 0x000001c778638df0 Exception <a 'java/lang/NoSuchMethodError'{0x000000040709f920}: 'java.lang.Object java.lang.invoke.DirectMethodHandle$Holder.newInvokeSpecial(java.lang.Object, java.lang.Object, int)'> (0x000000040709f920) 
thrown [s\open\src\hotspot\share\interpreter\linkResolver.cpp, line 774]
Event: 5.598 Thread 0x000001c77863a880 Exception <a 'java/lang/NoSuchMethodError'{0x00000004076fd8a0}: 'java.lang.Object java.lang.invoke.DirectMethodHandle$Holder.invokeStaticInit(java.lang.Object, int)'> (0x00000004076fd8a0) 
thrown [s\open\src\hotspot\share\interpreter\linkResolver.cpp, line 774]
Event: 18.716 Thread 0x000001c778638df0 Implicit null exception at 0x000001c707cae8ed to 0x000001c707cb2ca0
Event: 18.716 Thread 0x000001c778638df0 Implicit null exception at 0x000001c707c9d009 to 0x000001c707c9f53c
Event: 18.960 Thread 0x000001c778638df0 Implicit null exception at 0x000001c707cc22d3 to 0x000001c707cc2374

VM Operations (20 events):
Event: 15.998 Executing VM operation: G1CollectForAllocation done
Event: 16.115 Executing VM operation: G1CollectForAllocation
Event: 16.209 Executing VM operation: G1CollectForAllocation done
Event: 16.354 Executing VM operation: G1CollectForAllocation
Event: 16.444 Executing VM operation: G1CollectForAllocation done
Event: 16.689 Executing VM operation: G1CollectForAllocation
Event: 16.802 Executing VM operation: G1CollectForAllocation done
Event: 17.103 Executing VM operation: G1PauseRemark
Event: 17.108 Executing VM operation: G1PauseRemark done
Event: 17.336 Executing VM operation: G1CollectForAllocation
Event: 17.463 Executing VM operation: G1CollectForAllocation done
Event: 17.563 Executing VM operation: G1PauseCleanup
Event: 17.563 Executing VM operation: G1PauseCleanup done
Event: 17.755 Executing VM operation: G1CollectForAllocation
Event: 17.944 Executing VM operation: G1CollectForAllocation done
Event: 18.155 Executing VM operation: G1CollectForAllocation
Event: 18.272 Executing VM operation: G1CollectForAllocation done
Event: 18.416 Executing VM operation: G1CollectForAllocation
Event: 18.556 Executing VM operation: G1CollectForAllocation done
Event: 19.023 Executing VM operation: G1CollectForAllocation

Events (20 events):
Event: 4.562 Thread 0x000001c735617f00 Thread added: 0x000001c735617f00
Event: 4.919 Thread 0x000001c7359e2020 Thread added: 0x000001c7359e2020
Event: 4.940 Thread 0x000001c7359dff70 Thread added: 0x000001c7359dff70
Event: 5.531 Thread 0x000001c735619440 Thread added: 0x000001c735619440
Event: 5.755 Thread 0x000001c7359dff70 Thread exited: 0x000001c7359dff70
Event: 6.176 Thread 0x000001c7359e2020 Thread exited: 0x000001c7359e2020
Event: 6.498 Thread 0x000001c7352277b0 Thread added: 0x000001c7352277b0
Event: 6.641 Thread 0x000001c7352277b0 Thread exited: 0x000001c7352277b0
Event: 8.520 Thread 0x000001c77f2dba20 Thread added: 0x000001c77f2dba20
Event: 9.290 Thread 0x000001c77f2dba20 Thread exited: 0x000001c77f2dba20
Event: 13.773 Thread 0x000001c77f072420 Thread added: 0x000001c77f072420
Event: 13.864 Thread 0x000001c77863b870 Thread exited: 0x000001c77863b870
Event: 13.889 Thread 0x000001c735618450 Thread added: 0x000001c735618450
Event: 13.890 Thread 0x000001c735618450 Thread exited: 0x000001c735618450
Event: 14.089 Thread 0x000001c77f072420 Thread exited: 0x000001c77f072420
Event: 14.208 Thread 0x000001c73561bec0 Thread added: 0x000001c73561bec0
Event: 14.310 Thread 0x000001c7359dff40 Thread added: 0x000001c7359dff40
Event: 14.318 Thread 0x000001c735766fe0 Thread added: 0x000001c735766fe0
Event: 15.705 Thread 0x000001c735766fe0 Thread exited: 0x000001c735766fe0
Event: 17.476 Thread 0x000001c7359dff40 Thread exited: 0x000001c7359dff40


Dynamic libraries:
0x00007ff646380000 - 0x00007ff646390000 	C:\Program Files\Java\jdk-19\bin\java.exe
0x00007ffd9ac30000 - 0x00007ffd9ae44000 	C:\WINDOWS\SYSTEM32\ntdll.dll
0x00007ffd912b0000 - 0x00007ffd912c9000 	C:\Program Files\AVAST Software\Avast\aswhook.dll
0x00007ffd99fc0000 - 0x00007ffd9a082000 	C:\WINDOWS\System32\KERNEL32.DLL
0x00007ffd98240000 - 0x00007ffd985e3000 	C:\WINDOWS\System32\KERNELBASE.dll
0x00007ffd98030000 - 0x00007ffd98141000 	C:\WINDOWS\System32\ucrtbase.dll
0x00007ffd89e90000 - 0x00007ffd89eab000 	C:\Program Files\Java\jdk-19\bin\VCRUNTIME140.dll
0x00007ffd90f60000 - 0x00007ffd90f78000 	C:\Program Files\Java\jdk-19\bin\jli.dll
0x00007ffd98ea0000 - 0x00007ffd98f4e000 	C:\WINDOWS\System32\ADVAPI32.dll
0x00007ffd9a090000 - 0x00007ffd9a137000 	C:\WINDOWS\System32\msvcrt.dll
0x00007ffd9a4b0000 - 0x00007ffd9a554000 	C:\WINDOWS\System32\sechost.dll
0x00007ffd99150000 - 0x00007ffd99267000 	C:\WINDOWS\System32\RPCRT4.dll
0x00007ffd99ce0000 - 0x00007ffd99e8b000 	C:\WINDOWS\System32\USER32.dll
0x00007ffd985f0000 - 0x00007ffd98616000 	C:\WINDOWS\System32\win32u.dll
0x00007ffd7d1e0000 - 0x00007ffd7d46e000 	C:\WINDOWS\WinSxS\amd64_microsoft.windows.common-controls_6595b64144ccf1df_6.0.22621.1635_none_270f70857386168e\COMCTL32.dll
0x00007ffd99eb0000 - 0x00007ffd99ed9000 	C:\WINDOWS\System32\GDI32.dll
0x00007ffd986e0000 - 0x00007ffd987f9000 	C:\WINDOWS\System32\gdi32full.dll
0x00007ffd98800000 - 0x00007ffd9889a000 	C:\WINDOWS\System32\msvcp_win.dll
0x00007ffd8ee20000 - 0x00007ffd8ee2a000 	C:\WINDOWS\SYSTEM32\VERSION.dll
0x00007ffd9a650000 - 0x00007ffd9a681000 	C:\WINDOWS\System32\IMM32.DLL
0x00007ffd91140000 - 0x00007ffd9114c000 	C:\Program Files\Java\jdk-19\bin\vcruntime140_1.dll
0x00007ffd7fa10000 - 0x00007ffd7fa9e000 	C:\Program Files\Java\jdk-19\bin\msvcp140.dll
0x00007ffd29e50000 - 0x00007ffd2ab10000 	C:\Program Files\Java\jdk-19\bin\server\jvm.dll
0x00007ffd90500000 - 0x00007ffd90534000 	C:\WINDOWS\SYSTEM32\WINMM.dll
0x00007ffd83d50000 - 0x00007ffd83d59000 	C:\WINDOWS\SYSTEM32\WSOCK32.dll
0x00007ffd99460000 - 0x00007ffd994d1000 	C:\WINDOWS\System32\WS2_32.dll
0x00007ffd97170000 - 0x00007ffd97188000 	C:\WINDOWS\SYSTEM32\kernel.appcore.dll
0x00007ffd8f5e0000 - 0x00007ffd8f5ea000 	C:\Program Files\Java\jdk-19\bin\jimage.dll
0x00007ffd959a0000 - 0x00007ffd95bce000 	C:\WINDOWS\SYSTEM32\DBGHELP.DLL
0x00007ffd9a6a0000 - 0x00007ffd9aa29000 	C:\WINDOWS\System32\combase.dll
0x00007ffd9a350000 - 0x00007ffd9a427000 	C:\WINDOWS\System32\OLEAUT32.dll
0x00007ffd8f2b0000 - 0x00007ffd8f2e2000 	C:\WINDOWS\SYSTEM32\dbgcore.DLL
0x00007ffd98150000 - 0x00007ffd981cb000 	C:\WINDOWS\System32\bcryptPrimitives.dll
0x00007ffd8f450000 - 0x00007ffd8f45e000 	C:\Program Files\Java\jdk-19\bin\instrument.dll
0x00007ffd85220000 - 0x00007ffd85246000 	C:\Program Files\Java\jdk-19\bin\java.dll
0x00007ffd7e510000 - 0x00007ffd7e5e7000 	C:\Program Files\Java\jdk-19\bin\jsvml.dll
0x00007ffd994e0000 - 0x00007ffd99cda000 	C:\WINDOWS\System32\SHELL32.dll
0x00007ffd95fd0000 - 0x00007ffd9689e000 	C:\WINDOWS\SYSTEM32\windows.storage.dll
0x00007ffd95e90000 - 0x00007ffd95fce000 	C:\WINDOWS\SYSTEM32\wintypes.dll
0x00007ffd98f50000 - 0x00007ffd99041000 	C:\WINDOWS\System32\SHCORE.dll
0x00007ffd9a150000 - 0x00007ffd9a1ae000 	C:\WINDOWS\System32\shlwapi.dll
0x00007ffd97f60000 - 0x00007ffd97f81000 	C:\WINDOWS\SYSTEM32\profapi.dll
0x00007ffd83200000 - 0x00007ffd83213000 	C:\Program Files\Java\jdk-19\bin\net.dll
0x00007ffd92ef0000 - 0x00007ffd93027000 	C:\WINDOWS\SYSTEM32\WINHTTP.dll
0x00007ffd975e0000 - 0x00007ffd97649000 	C:\WINDOWS\system32\mswsock.dll
0x00007ffd82ca0000 - 0x00007ffd82cb6000 	C:\Program Files\Java\jdk-19\bin\nio.dll
0x00007ffd7f9f0000 - 0x00007ffd7fa08000 	C:\Program Files\Java\jdk-19\bin\zip.dll
0x00007ffd7f9d0000 - 0x00007ffd7f9ea000 	C:\Program Files\JetBrains\IntelliJ IDEA Community Edition 2023.1\bin\breakgen64.dll
0x000001c76e190000 - 0x000001c76e193000 	C:\Users\celia\.openjfx\cache\19+11\amd64\api-ms-win-core-console-l1-1-0.dll
0x000001c76e1a0000 - 0x000001c76e1a3000 	C:\Users\celia\.openjfx\cache\19+11\amd64\api-ms-win-core-console-l1-2-0.dll
0x000001c770130000 - 0x000001c770133000 	C:\Users\celia\.openjfx\cache\19+11\amd64\api-ms-win-core-datetime-l1-1-0.dll
0x000001c770140000 - 0x000001c770143000 	C:\Users\celia\.openjfx\cache\19+11\amd64\api-ms-win-core-debug-l1-1-0.dll
0x000001c770150000 - 0x000001c770153000 	C:\Users\celia\.openjfx\cache\19+11\amd64\api-ms-win-core-errorhandling-l1-1-0.dll
0x000001c77fbe0000 - 0x000001c77fbe4000 	C:\Users\celia\.openjfx\cache\19+11\amd64\api-ms-win-core-file-l1-1-0.dll
0x000001c77fbf0000 - 0x000001c77fbf3000 	C:\Users\celia\.openjfx\cache\19+11\amd64\api-ms-win-core-file-l1-2-0.dll
0x000001c77fc00000 - 0x000001c77fc03000 	C:\Users\celia\.openjfx\cache\19+11\amd64\api-ms-win-core-file-l2-1-0.dll
0x000001c77fc10000 - 0x000001c77fc13000 	C:\Users\celia\.openjfx\cache\19+11\amd64\api-ms-win-core-handle-l1-1-0.dll
0x000001c77fc20000 - 0x000001c77fc23000 	C:\Users\celia\.openjfx\cache\19+11\amd64\api-ms-win-core-heap-l1-1-0.dll
0x000001c77fc30000 - 0x000001c77fc33000 	C:\Users\celia\.openjfx\cache\19+11\amd64\api-ms-win-core-interlocked-l1-1-0.dll
0x000001c77fc40000 - 0x000001c77fc43000 	C:\Users\celia\.openjfx\cache\19+11\amd64\api-ms-win-core-libraryloader-l1-1-0.dll
0x000001c77fc50000 - 0x000001c77fc53000 	C:\Users\celia\.openjfx\cache\19+11\amd64\api-ms-win-core-localization-l1-2-0.dll
0x000001c77fc60000 - 0x000001c77fc63000 	C:\Users\celia\.openjfx\cache\19+11\amd64\api-ms-win-core-memory-l1-1-0.dll
0x000001c77fc70000 - 0x000001c77fc73000 	C:\Users\celia\.openjfx\cache\19+11\amd64\api-ms-win-core-namedpipe-l1-1-0.dll
0x000001c77fc80000 - 0x000001c77fc83000 	C:\Users\celia\.openjfx\cache\19+11\amd64\api-ms-win-core-processenvironment-l1-1-0.dll
0x000001c77fc90000 - 0x000001c77fc93000 	C:\Users\celia\.openjfx\cache\19+11\amd64\api-ms-win-core-processthreads-l1-1-0.dll
0x000001c77fca0000 - 0x000001c77fca3000 	C:\Users\celia\.openjfx\cache\19+11\amd64\api-ms-win-core-processthreads-l1-1-1.dll
0x000001c77fcb0000 - 0x000001c77fcb3000 	C:\Users\celia\.openjfx\cache\19+11\amd64\api-ms-win-core-profile-l1-1-0.dll
0x000001c77fcc0000 - 0x000001c77fcc3000 	C:\Users\celia\.openjfx\cache\19+11\amd64\api-ms-win-core-rtlsupport-l1-1-0.dll
0x000001c77fcd0000 - 0x000001c77fcd3000 	C:\Users\celia\.openjfx\cache\19+11\amd64\api-ms-win-core-string-l1-1-0.dll
0x000001c77fce0000 - 0x000001c77fce3000 	C:\Users\celia\.openjfx\cache\19+11\amd64\api-ms-win-core-synch-l1-1-0.dll
0x000001c77fcf0000 - 0x000001c77fcf3000 	C:\Users\celia\.openjfx\cache\19+11\amd64\api-ms-win-core-synch-l1-2-0.dll
0x000001c77fd00000 - 0x000001c77fd03000 	C:\Users\celia\.openjfx\cache\19+11\amd64\api-ms-win-core-sysinfo-l1-1-0.dll
0x000001c77fd10000 - 0x000001c77fd13000 	C:\Users\celia\.openjfx\cache\19+11\amd64\api-ms-win-core-timezone-l1-1-0.dll
0x000001c77fd20000 - 0x000001c77fd23000 	C:\Users\celia\.openjfx\cache\19+11\amd64\api-ms-win-core-util-l1-1-0.dll
0x000001c77fd30000 - 0x000001c77fd33000 	C:\Users\celia\.openjfx\cache\19+11\amd64\api-ms-win-crt-conio-l1-1-0.dll
0x000001c77fd40000 - 0x000001c77fd44000 	C:\Users\celia\.openjfx\cache\19+11\amd64\api-ms-win-crt-convert-l1-1-0.dll
0x000001c77fd50000 - 0x000001c77fd53000 	C:\Users\celia\.openjfx\cache\19+11\amd64\api-ms-win-crt-environment-l1-1-0.dll
0x000001c77fd60000 - 0x000001c77fd63000 	C:\Users\celia\.openjfx\cache\19+11\amd64\api-ms-win-crt-filesystem-l1-1-0.dll
0x000001c77fd70000 - 0x000001c77fd73000 	C:\Users\celia\.openjfx\cache\19+11\amd64\api-ms-win-crt-heap-l1-1-0.dll
0x000001c77fd80000 - 0x000001c77fd83000 	C:\Users\celia\.openjfx\cache\19+11\amd64\api-ms-win-crt-locale-l1-1-0.dll
0x000001c77fd90000 - 0x000001c77fd95000 	C:\Users\celia\.openjfx\cache\19+11\amd64\api-ms-win-crt-math-l1-1-0.dll
0x000001c77fda0000 - 0x000001c77fda5000 	C:\Users\celia\.openjfx\cache\19+11\amd64\api-ms-win-crt-multibyte-l1-1-0.dll
0x000001c77fdb0000 - 0x000001c77fdc0000 	C:\Users\celia\.openjfx\cache\19+11\amd64\api-ms-win-crt-private-l1-1-0.dll
0x000001c77fdc0000 - 0x000001c77fdc3000 	C:\Users\celia\.openjfx\cache\19+11\amd64\api-ms-win-crt-process-l1-1-0.dll
0x000001c77fdd0000 - 0x000001c77fdd4000 	C:\Users\celia\.openjfx\cache\19+11\amd64\api-ms-win-crt-runtime-l1-1-0.dll
0x000001c77fde0000 - 0x000001c77fde4000 	C:\Users\celia\.openjfx\cache\19+11\amd64\api-ms-win-crt-stdio-l1-1-0.dll
0x000001c77fdf0000 - 0x000001c77fdf4000 	C:\Users\celia\.openjfx\cache\19+11\amd64\api-ms-win-crt-string-l1-1-0.dll
0x000001c77fe00000 - 0x000001c77fe03000 	C:\Users\celia\.openjfx\cache\19+11\amd64\api-ms-win-crt-time-l1-1-0.dll
0x000001c77fe10000 - 0x000001c77fe13000 	C:\Users\celia\.openjfx\cache\19+11\amd64\api-ms-win-crt-utility-l1-1-0.dll
0x00007ffd761d0000 - 0x00007ffd762cc000 	C:\Users\celia\.openjfx\cache\19+11\amd64\ucrtbase.dll
0x00007ffd7f030000 - 0x00007ffd7f04b000 	C:\Users\celia\.openjfx\cache\19+11\amd64\vcruntime140.dll
0x00007ffd82c90000 - 0x00007ffd82c9c000 	C:\Users\celia\.openjfx\cache\19+11\amd64\vcruntime140_1.dll
0x00007ffd7e410000 - 0x00007ffd7e49e000 	C:\Users\celia\.openjfx\cache\19+11\amd64\msvcp140.dll
0x00007ffd7f9a0000 - 0x00007ffd7f9a9000 	C:\Users\celia\.openjfx\cache\19+11\amd64\msvcp140_1.dll
0x00007ffd7f000000 - 0x00007ffd7f030000 	C:\Users\celia\.openjfx\cache\19+11\amd64\msvcp140_2.dll
0x00007ffd7efd0000 - 0x00007ffd7effc000 	C:\Users\celia\.openjfx\cache\19+11\amd64\prism_d3d.dll
0x00007ffd3fe60000 - 0x00007ffd40009000 	C:\WINDOWS\system32\d3d9.dll
0x00007ffd95450000 - 0x00007ffd9547b000 	C:\WINDOWS\SYSTEM32\dwmapi.dll
0x00007ffd95300000 - 0x00007ffd95338000 	C:\WINDOWS\SYSTEM32\dxcore.dll
0x00007ffd95220000 - 0x00007ffd952cb000 	C:\WINDOWS\system32\uxtheme.dll
0x00007ffd75ff0000 - 0x00007ffd761c7000 	C:\WINDOWS\System32\DriverStore\FileRepository\igdlh64.inf_amd64_7948ecc1af5c27e1\igdumdim64.dll
0x00007ffce0a10000 - 0x00007ffce3a0d000 	C:\WINDOWS\System32\DriverStore\FileRepository\igdlh64.inf_amd64_7948ecc1af5c27e1\igd9dxva64.dll
0x00007ffd9a1b0000 - 0x00007ffd9a34c000 	C:\WINDOWS\System32\ole32.dll
0x00007ffd8c2f0000 - 0x00007ffd8c338000 	C:\WINDOWS\SYSTEM32\directxdatabasehelper.dll
0x00007ffd7e390000 - 0x00007ffd7e3d2000 	C:\Users\celia\.openjfx\cache\19+11\amd64\glass.dll
0x00007ffd99050000 - 0x00007ffd99147000 	C:\WINDOWS\System32\COMDLG32.dll
0x00007ffd99330000 - 0x00007ffd99457000 	C:\WINDOWS\System32\MSCTF.dll
0x00007ffd858a0000 - 0x00007ffd87635000 	C:\WINDOWS\System32\DriverStore\FileRepository\igdlh64.inf_amd64_7948ecc1af5c27e1\igc64.dll
0x00007ffd7e9d0000 - 0x00007ffd7e9e4000 	C:\Users\celia\.openjfx\cache\19+11\amd64\javafx_font.dll
0x00007ffd93d80000 - 0x00007ffd93fe7000 	C:\WINDOWS\SYSTEM32\dwrite.dll
0x00007ffd97840000 - 0x00007ffd9785b000 	C:\WINDOWS\SYSTEM32\CRYPTSP.dll
0x00007ffd970e0000 - 0x00007ffd97115000 	C:\WINDOWS\system32\rsaenh.dll
0x00007ffd976e0000 - 0x00007ffd97708000 	C:\WINDOWS\SYSTEM32\USERENV.dll
0x00007ffd97a00000 - 0x00007ffd97a28000 	C:\WINDOWS\SYSTEM32\bcrypt.dll
0x00007ffd97860000 - 0x00007ffd9786c000 	C:\WINDOWS\SYSTEM32\CRYPTBASE.dll
0x00007ffd96b00000 - 0x00007ffd96b2d000 	C:\WINDOWS\SYSTEM32\IPHLPAPI.DLL
0x00007ffd98e90000 - 0x00007ffd98e99000 	C:\WINDOWS\System32\NSI.dll
0x00007ffd91290000 - 0x00007ffd912a9000 	C:\WINDOWS\SYSTEM32\dhcpcsvc6.DLL
0x00007ffd91270000 - 0x00007ffd9128f000 	C:\WINDOWS\SYSTEM32\dhcpcsvc.DLL
0x00007ffd96b70000 - 0x00007ffd96c63000 	C:\WINDOWS\SYSTEM32\DNSAPI.dll
0x00007ffd851c0000 - 0x00007ffd851ce000 	C:\Program Files\Java\jdk-19\bin\sunmscapi.dll
0x00007ffd988a0000 - 0x00007ffd98a07000 	C:\WINDOWS\System32\CRYPT32.dll
0x00007ffd979d0000 - 0x00007ffd979fe000 	C:\WINDOWS\SYSTEM32\ncrypt.dll
0x00007ffd97990000 - 0x00007ffd979c7000 	C:\WINDOWS\SYSTEM32\NTASN1.dll
0x00007ffd8c6e0000 - 0x00007ffd8c6ea000 	C:\Windows\System32\rasadhlp.dll
0x00007ffd8fc70000 - 0x00007ffd8fcf4000 	C:\WINDOWS\System32\fwpuclnt.dll
0x00007ffd99ee0000 - 0x00007ffd99f90000 	C:\WINDOWS\System32\clbcatq.dll
0x00007ffd93bd0000 - 0x00007ffd93d80000 	C:\WINDOWS\SYSTEM32\WindowsCodecs.dll

dbghelp: loaded successfully - version: 4.0.5 - missing functions: none
symbol engine: initialized successfully - sym options: 0x614 - pdb path: .;C:\Program Files\Java\jdk-19\bin;C:\WINDOWS\SYSTEM32;C:\Program Files\AVAST Software\Avast;C:\WINDOWS\WinSxS\amd64_microsoft.windows.common-controls_6595b64144ccf1df_6.0.22621.1635_none_270f70857386168e;C:\Program Files\Java\jdk-19\bin\server;C:\Program Files\JetBrains\IntelliJ IDEA Community Edition 2023.1\bin;C:\Users\celia\.openjfx\cache\19+11\amd64;C:\WINDOWS\System32\DriverStore\FileRepository\igdlh64.inf_amd64_7948ecc1af5c27e1;C:\Program Files\Common Files\Microsoft Shared\Ink

VM Arguments:
jvm_args: -Xmx16g -javaagent:C:\Program Files\JetBrains\IntelliJ IDEA Community Edition 2023.1\lib\idea_rt.jar=50572:C:\Program Files\JetBrains\IntelliJ IDEA Community Edition 2023.1\bin -Dfile.encoding=UTF-8 -Dsun.stdout.encoding=UTF-8 -Dsun.stderr.encoding=UTF-8 --module-path=C:\Users\celia\Documents\ESTUDIOS\MASTER BIOINFORMATICA TÜBINGEN\SS 23\ADVANCED JAVA FOR BIOINFORMATICS\ASSIGNMENTS_repository\advanced-java-for-bioinformatics-2023-celiagarcia3\Project\target\classes;C:\Users\celia\.m2\repository\javax\json\javax.json-api\1.1.3\javax.json-api-1.1.3.jar;C:\Users\celia\.m2\repository\org\glassfish\javax.json\1.1.3\javax.json-1.1.3.jar;C:\Users\celia\.m2\repository\org\openjfx\javafx-controls\19\javafx-controls-19-win.jar;C:\Users\celia\.m2\repository\org\openjfx\javafx-base\19\javafx-base-19-win.jar;C:\Users\celia\.m2\repository\org\openjfx\javafx-graphics\19\javafx-graphics-19-win.jar;C:\Users\celia\.m2\repository\org\openjfx\javafx-fxml\19\javafx-fxml-19-win.jar -Djdk.module.main=com.example.project 
java_command: com.example.project/com.example.project.MainPdbViewer
java_class_path (initial): C:\Users\celia\.m2\repository\org\openjfx\javafx-controls\19\javafx-controls-19.jar;C:\Users\celia\.m2\repository\org\openjfx\javafx-graphics\19\javafx-graphics-19.jar;C:\Users\celia\.m2\repository\org\openjfx\javafx-base\19\javafx-base-19.jar;C:\Users\celia\.m2\repository\org\openjfx\javafx-fxml\19\javafx-fxml-19.jar
Launcher Type: SUN_STANDARD

[Global flags]
     intx CICompilerCount                          = 4                                         {product} {ergonomic}
     uint ConcGCThreads                            = 2                                         {product} {ergonomic}
     uint G1ConcRefinementThreads                  = 8                                         {product} {ergonomic}
   size_t G1HeapRegionSize                         = 8388608                                   {product} {ergonomic}
    uintx GCDrainStackTargetSize                   = 64                                        {product} {ergonomic}
   size_t InitialHeapSize                          = 134217728                                 {product} {ergonomic}
   size_t MarkStackSize                            = 4194304                                   {product} {ergonomic}
   size_t MaxHeapSize                              = 17179869184                               {product} {command line}
   size_t MaxNewSize                               = 10301210624                               {product} {ergonomic}
   size_t MinHeapDeltaBytes                        = 8388608                                   {product} {ergonomic}
   size_t MinHeapSize                              = 8388608                                   {product} {ergonomic}
    uintx NonNMethodCodeHeapSize                   = 5839372                                {pd product} {ergonomic}
    uintx NonProfiledCodeHeapSize                  = 122909434                              {pd product} {ergonomic}
    uintx ProfiledCodeHeapSize                     = 122909434                              {pd product} {ergonomic}
    uintx ReservedCodeCacheSize                    = 251658240                              {pd product} {ergonomic}
     bool SegmentedCodeCache                       = true                                      {product} {ergonomic}
   size_t SoftMaxHeapSize                          = 17179869184                            {manageable} {ergonomic}
     bool UseCompressedClassPointers               = true                           {product lp64_product} {ergonomic}
     bool UseCompressedOops                        = true                           {product lp64_product} {ergonomic}
     bool UseG1GC                                  = true                                      {product} {ergonomic}
     bool UseLargePagesIndividualAllocation        = false                                  {pd product} {ergonomic}

Logging:
Log output configuration:
 #0: stdout all=warning uptime,level,tags foldmultilines=false
 #1: stderr all=off uptime,level,tags foldmultilines=false

Environment Variables:
JAVA_HOME=C:\Program Files\Amazon Corretto\jdk17.0.4_9
PATH=C:\Program Files\Amazon Corretto\jdk17.0.4_9\bin;C:\Program Files\Common Files\Oracle\Java\javapath;C:\Program Files (x86)\MEGA6;C:\Program Files\AdoptOpenJDK\jdk-11.0.9.11-hotspot\bin;C:\Program Files (x86)\Common Files\Oracle\Java\javapath;C:\WINDOWS\system32;C:\WINDOWS;C:\WINDOWS\System32\Wbem;C:\WINDOWS\System32\WindowsPowerShell\v1.0\;C:\TDM-GCC-64\bin;C:\WINDOWS\System32\OpenSSH\;C:\Program Files\IBM\SPSS\Statistics\25\JRE\bin;C:\Program Files\PuTTY\;C:\Program Files (x86)\Bitvise SSH Client;C:\Program Files\Git\cmd;C:\Users\celia\miniconda3\Scripts;;C:\Program Files\MEGA11;C:\WINDOWS\system32\config\systemprofile\AppData\Local\Microsoft\WindowsApps;C:\Users\celia\AppData\Local\Microsoft\WindowsApps;C:\Users\celia\AppData\Roaming\Microsoft\Windows\Start Menu\Programs\PyCharm\bin;;C:\Users\celia\AppData\Local\Programs\Microsoft VS Code\bin;C:\texlive\2022\bin\win32;C:\Users\celia\.conda\envs\ci23\Lib\venv\scripts\nt\python.exe;C:\Users\celia\AppData\Local\GitHubDesktop\bin
USERNAME=celia
OS=Windows_NT
PROCESSOR_IDENTIFIER=Intel64 Family 6 Model 142 Stepping 10, GenuineIntel
TMP=C:\Users\celia\AppData\Local\Temp
TEMP=C:\Users\celia\AppData\Local\Temp



---------------  S Y S T E M  ---------------

OS:
 Windows 11 , 64 bit Build 22621 (10.0.22621.1778)
OS uptime: 1 days 21:39 hours

CPU: total 8 (initial active 8) (4 cores per cpu, 2 threads per core) family 6 model 142 stepping 10 microcode 0xe0, cx8, cmov, fxsr, ht, mmx, 3dnowpref, sse, sse2, sse3, ssse3, sse4.1, sse4.2, popcnt, lzcnt, tsc, tscinvbit, avx, avx2, aes, erms, clmul, bmi1, bmi2, adx, fma, vzeroupper, clflush, clflushopt, rdtscp

Memory: 4k page, system-wide physical 8007M (2126M free)
TotalPageFile size 25544M (AvailPageFile size 5627M)
current process WorkingSet (physical memory assigned to process): 1687M, peak: 1687M
current process commit charge ("private bytes"): 2593M, peak: 7186M

vm_info: Java HotSpot(TM) 64-Bit Server VM (19.0.2+7-44) for windows-amd64 JRE (19.0.2+7-44), built on 2022-11-30T18:02:09Z by "mach5one" with MS VC++ 17.1 (VS2022)

END.
