#
# There is insufficient memory for the Java Runtime Environment to continue.
# Native memory allocation (mmap) failed to map 18085838848 bytes for G1 virtual space
# Possible reasons:
#   The system is out of physical RAM or swap space
# Possible solutions:
#   Reduce memory load on the system
#   Increase physical memory or swap space
#   Check if swap backing store is full
#   Decrease Java heap size (-Xmx/-Xms)
#   Decrease number of Java threads
#   Decrease Java thread stack sizes (-Xss)
#   Set larger code cache with -XX:ReservedCodeCacheSize=
# This output file may be truncated or incomplete.
#
#  Out of Memory Error (os_windows.cpp:3536), pid=10076, tid=4532
#
# JRE version: Java(TM) SE Runtime Environment (19.0.2+7) (build 19.0.2+7-44)
# Java VM: Java HotSpot(TM) 64-Bit Server VM (19.0.2+7-44, mixed mode, sharing, tiered, compressed class ptrs, g1 gc, windows-amd64)
# No core dump will be written. Minidumps are not enabled by default on client versions of Windows
#

---------------  S U M M A R Y ------------

Command Line: -Xmx64g -javaagent:C:\Program Files\JetBrains\IntelliJ IDEA Community Edition 2023.1\lib\idea_rt.jar=50618:C:\Program Files\JetBrains\IntelliJ IDEA Community Edition 2023.1\bin -Dfile.encoding=UTF-8 -Dsun.stdout.encoding=UTF-8 -Dsun.stderr.encoding=UTF-8 --module-path=C:\Users\celia\Documents\ESTUDIOS\MASTER BIOINFORMATICA TÜBINGEN\SS 23\ADVANCED JAVA FOR BIOINFORMATICS\ASSIGNMENTS_repository\advanced-java-for-bioinformatics-2023-celiagarcia3\Project\target\classes;C:\Users\celia\.m2\repository\javax\json\javax.json-api\1.1.3\javax.json-api-1.1.3.jar;C:\Users\celia\.m2\repository\org\glassfish\javax.json\1.1.3\javax.json-1.1.3.jar;C:\Users\celia\.m2\repository\org\openjfx\javafx-controls\19\javafx-controls-19-win.jar;C:\Users\celia\.m2\repository\org\openjfx\javafx-base\19\javafx-base-19-win.jar;C:\Users\celia\.m2\repository\org\openjfx\javafx-graphics\19\javafx-graphics-19-win.jar;C:\Users\celia\.m2\repository\org\openjfx\javafx-fxml\19\javafx-fxml-19-win.jar -Djdk.module.main=com.example.project com.example.project/com.example.project.MainPdbViewer

Host: Intel(R) Core(TM) i7-8550U CPU @ 1.80GHz, 8 cores, 7G,  Windows 11 , 64 bit Build 22621 (10.0.22621.1778)
Time: Wed Jun 21 08:55:27 2023 Romance Summer Time elapsed time: 33.518430 seconds (0d 0h 0m 33s)

---------------  T H R E A D  ---------------

Current thread (0x0000015fd0d5fb40):  VMThread "VM Thread" [stack: 0x0000002072500000,0x0000002072600000] [id=4532]

Stack: [0x0000002072500000,0x0000002072600000]
Native frames: (J=compiled Java code, j=interpreted, Vv=VM code, C=native code)
V  [jvm.dll+0x6ee21a]
V  [jvm.dll+0x85765e]
V  [jvm.dll+0x85904e]
V  [jvm.dll+0x859703]
V  [jvm.dll+0x28298f]
V  [jvm.dll+0x6eb009]
V  [jvm.dll+0x6dfbaa]
V  [jvm.dll+0x3573f6]
V  [jvm.dll+0x35ee56]
V  [jvm.dll+0x3b541e]
V  [jvm.dll+0x3b564f]
V  [jvm.dll+0x32c9ea]
V  [jvm.dll+0x32ca97]
V  [jvm.dll+0x374cd2]
V  [jvm.dll+0x37340f]
V  [jvm.dll+0x32c210]
V  [jvm.dll+0x3729ab]
V  [jvm.dll+0x85ebc3]
V  [jvm.dll+0x85f989]
V  [jvm.dll+0x85febd]
V  [jvm.dll+0x86034b]
V  [jvm.dll+0x860407]
V  [jvm.dll+0x80125a]
V  [jvm.dll+0x6ecf0b]
C  [ucrtbase.dll+0x29363]
C  [KERNEL32.DLL+0x126ad]
C  [ntdll.dll+0x5a9f8]

VM_Operation (0x00000020737fe450): G1CollectForAllocation, mode: safepoint, requested by thread 0x000001706f6f1750


---------------  P R O C E S S  ---------------

Threads class SMR info:
_java_thread_list=0x0000017070736570, length=21, elements={
0x0000015fd0cb1f00, 0x00000170681a6680, 0x00000170681a7150, 0x00000170681ae1b0,
0x00000170681b2c00, 0x00000170681b36d0, 0x00000170681b4000, 0x00000170681b51f0,
0x00000170681bddc0, 0x00000170681cc060, 0x000001706ec88fb0, 0x000001706f0280c0,
0x000001706f028600, 0x000001706f51b7f0, 0x000001706f77f010, 0x000001706f6f1750,
0x000001706fbeda40, 0x000001706fc10730, 0x0000017070727820, 0x00000170707292b0,
0x00000170756226a0
}

Java Threads: ( => current thread )
  0x0000015fd0cb1f00 JavaThread "main" [_thread_blocked, id=15816, stack(0x0000002071f00000,0x0000002072000000)]
  0x00000170681a6680 JavaThread "Reference Handler" daemon [_thread_blocked, id=21900, stack(0x0000002072600000,0x0000002072700000)]
  0x00000170681a7150 JavaThread "Finalizer" daemon [_thread_blocked, id=10376, stack(0x0000002072700000,0x0000002072800000)]
  0x00000170681ae1b0 JavaThread "Signal Dispatcher" daemon [_thread_blocked, id=13676, stack(0x0000002072800000,0x0000002072900000)]
  0x00000170681b2c00 JavaThread "Attach Listener" daemon [_thread_blocked, id=21464, stack(0x0000002072900000,0x0000002072a00000)]
  0x00000170681b36d0 JavaThread "Service Thread" daemon [_thread_blocked, id=13148, stack(0x0000002072a00000,0x0000002072b00000)]
  0x00000170681b4000 JavaThread "Monitor Deflation Thread" daemon [_thread_blocked, id=16056, stack(0x0000002072b00000,0x0000002072c00000)]
  0x00000170681b51f0 JavaThread "C2 CompilerThread0" daemon [_thread_blocked, id=18132, stack(0x0000002072c00000,0x0000002072d00000)]
  0x00000170681bddc0 JavaThread "C1 CompilerThread0" daemon [_thread_blocked, id=24080, stack(0x0000002072d00000,0x0000002072e00000)]
  0x00000170681cc060 JavaThread "Sweeper thread" daemon [_thread_blocked, id=18644, stack(0x0000002072e00000,0x0000002072f00000)]
  0x000001706ec88fb0 JavaThread "Common-Cleaner" daemon [_thread_blocked, id=24344, stack(0x0000002072f00000,0x0000002073000000)]
  0x000001706f0280c0 JavaThread "Monitor Ctrl-Break" daemon [_thread_in_native, id=18336, stack(0x0000002073200000,0x0000002073300000)]
  0x000001706f028600 JavaThread "Notification Thread" daemon [_thread_blocked, id=23432, stack(0x0000002073300000,0x0000002073400000)]
  0x000001706f51b7f0 JavaThread "QuantumRenderer-0" daemon [_thread_blocked, id=22072, stack(0x0000002073100000,0x0000002073200000)]
  0x000001706f77f010 JavaThread "InvokeLaterDispatcher" daemon [_thread_blocked, id=23024, stack(0x0000002073500000,0x0000002073600000)]
  0x000001706f6f1750 JavaThread "JavaFX Application Thread" [_thread_blocked, id=22324, stack(0x0000002073700000,0x0000002073800000)]
  0x000001706fbeda40 JavaThread "Thread-1" daemon [_thread_blocked, id=21936, stack(0x0000002073b00000,0x0000002073c00000)]
  0x000001706fc10730 JavaThread "JavaFX-Launcher" [_thread_blocked, id=8152, stack(0x0000002073c00000,0x0000002073d00000)]
  0x0000017070727820 JavaThread "Prism Font Disposer" daemon [_thread_blocked, id=18936, stack(0x0000002074600000,0x0000002074700000)]
  0x00000170707292b0 JavaThread "Cleaner-0" daemon [_thread_blocked, id=10048, stack(0x0000002074a00000,0x0000002074b00000)]
  0x00000170756226a0 JavaThread "C2 CompilerThread1" daemon [_thread_blocked, id=11560, stack(0x0000002073000000,0x0000002073100000)]

Other Threads:
=>0x0000015fd0d5fb40 VMThread "VM Thread" [stack: 0x0000002072500000,0x0000002072600000] [id=4532]
  0x000001706f33dfc0 WatcherThread "VM Periodic Task Thread" [stack: 0x0000002073400000,0x0000002073500000] [id=23684]
  0x00000170680819b0 WorkerThread "GC Thread#0" [stack: 0x0000002072000000,0x0000002072100000] [id=20060]
  0x000001706fc670c0 WorkerThread "GC Thread#1" [stack: 0x0000002073d00000,0x0000002073e00000] [id=19672]
  0x000001706fc66850 WorkerThread "GC Thread#2" [stack: 0x0000002073e00000,0x0000002073f00000] [id=4912]
  0x000001706fc67660 WorkerThread "GC Thread#3" [stack: 0x0000002073f00000,0x0000002074000000] [id=10308]
  0x000001706fc65fe0 WorkerThread "GC Thread#4" [stack: 0x0000002074000000,0x0000002074100000] [id=1596]
  0x000001706fc662b0 WorkerThread "GC Thread#5" [stack: 0x0000002074100000,0x0000002074200000] [id=22016]
  0x000001706fc66b20 WorkerThread "GC Thread#6" [stack: 0x0000002074200000,0x0000002074300000] [id=18124]
  0x000001706fc66580 WorkerThread "GC Thread#7" [stack: 0x0000002074300000,0x0000002074400000] [id=24292]
  0x0000015fd0d02800 ConcurrentGCThread "G1 Main Marker" [stack: 0x0000002072100000,0x0000002072200000] [id=21968]
  0x0000015fd0d049e0 WorkerThread "G1 Conc#0" [stack: 0x0000002072200000,0x0000002072300000] [id=19572]
  0x000001706fe5b500 WorkerThread "G1 Conc#1" [stack: 0x0000002074800000,0x0000002074900000] [id=2720]
  0x0000015fd0d2fc20 ConcurrentGCThread "G1 Refine#0" [stack: 0x0000002072300000,0x0000002072400000] [id=21748]
  0x0000017075a75040 ConcurrentGCThread "G1 Refine#1" [stack: 0x0000002074900000,0x0000002074a00000] [id=19536]
  0x00000170706e2d00 ConcurrentGCThread "G1 Refine#2" [stack: 0x0000002074b00000,0x0000002074c00000] [id=22908]
  0x0000017075d7bb80 ConcurrentGCThread "G1 Refine#3" [stack: 0x0000002074c00000,0x0000002074d00000] [id=7884]
  0x000001707003b400 ConcurrentGCThread "G1 Refine#4" [stack: 0x0000002074d00000,0x0000002074e00000] [id=23180]
  0x00000170704459b0 ConcurrentGCThread "G1 Refine#5" [stack: 0x0000002074e00000,0x0000002074f00000] [id=15688]
  0x0000017075f7e8c0 ConcurrentGCThread "G1 Refine#6" [stack: 0x0000002074f00000,0x0000002075000000] [id=19956]
  0x000001707077f970 ConcurrentGCThread "G1 Refine#7" [stack: 0x0000002075000000,0x0000002075100000] [id=7788]
  0x0000015fd0d31520 ConcurrentGCThread "G1 Service" [stack: 0x0000002072400000,0x0000002072500000] [id=19440]

Threads with active compile tasks:

VM state: at safepoint (normal execution)

VM Mutex/Monitor currently owned by a thread:  ([mutex/lock_event])
[0x0000015fd0cb1080] Threads_lock - owner thread: 0x0000015fd0d5fb40
[0x0000015fd0cb0030] Heap_lock - owner thread: 0x000001706f6f1750

CDS archive(s) mapped at: [0x0000000800000000-0x0000000800c40000-0x0000000800c40000), size 12845056, SharedBaseAddress: 0x0000000800000000, ArchiveRelocationMode: 0.
Compressed class space mapped at: 0x0000000801000000-0x0000000841000000, reserved size: 1073741824
Narrow klass base: 0x0000000800000000, Narrow klass shift: 0, Narrow klass range: 0x100000000

GC Precious Log:
 CardTable entry size: 512
 Card Set container configuration: InlinePtr #cards 3 size 8 Array Of Cards #cards 256 size 528 Howl #buckets 8 coarsen threshold 58982 Howl Bitmap #cards 8192 size 1040 coarsen threshold 7372 Card regions per heap region 1 cards per card region 65536
 CPUs: 8 total, 8 available
 Memory: 8007M
 Large Page Support: Disabled
 NUMA Support: Disabled
 Compressed Oops: Disabled
 Heap Region Size: 32M
 Heap Min Capacity: 32M
 Heap Initial Capacity: 128M
 Heap Max Capacity: 64G
 Pre-touch: Disabled
 Parallel Workers: 8
 Concurrent Workers: 2
 Concurrent Refinement Workers: 8
 Periodic GC: Disabled

Heap:
 garbage-first heap   total 10616832K, used 2570092K [0x0000015fe8000000, 0x0000016fe8000000)
  region size 32768K, 2 young (65536K), 2 survivors (65536K)
 Metaspace       used 25708K, committed 26048K, reserved 1114112K
  class space    used 3640K, committed 3776K, reserved 1048576K

Heap Regions: E=young(eden), S=young(survivor), O=old, HS=humongous(starts), HC=humongous(continues), CS=collection set, F=free, OA=open archive, CA=closed archive, TAMS=top-at-mark-start (previous, next)
|   0|0x0000015fe8000000, 0x0000015fea000000, 0x0000015fea000000|100%| O|  |TAMS 0x0000015fe8000000, 0x0000015fe8000000| Untracked 
|   1|0x0000015fea000000, 0x0000015fec000000, 0x0000015fec000000|100%| O|  |TAMS 0x0000015fec000000, 0x0000015fea000000| Untracked 
|   2|0x0000015fec000000, 0x0000015fee000000, 0x0000015fee000000|100%| O|  |TAMS 0x0000015fee000000, 0x0000015fec000000| Untracked 
|   3|0x0000015fee000000, 0x0000015ff0000000, 0x0000015ff0000000|100%| O|  |TAMS 0x0000015ff0000000, 0x0000015fee000000| Untracked 
|   4|0x0000015ff0000000, 0x0000015ff2000000, 0x0000015ff2000000|100%| O|  |TAMS 0x0000015ff0678400, 0x0000015ff0000000| Untracked 
|   5|0x0000015ff2000000, 0x0000015ff4000000, 0x0000015ff4000000|100%| O|  |TAMS 0x0000015ff2000000, 0x0000015ff2000000| Untracked 
|   6|0x0000015ff4000000, 0x0000015ff6000000, 0x0000015ff6000000|100%| O|  |TAMS 0x0000015ff4000000, 0x0000015ff4000000| Untracked 
|   7|0x0000015ff6000000, 0x0000015ff8000000, 0x0000015ff8000000|100%| O|  |TAMS 0x0000015ff6000000, 0x0000015ff6000000| Untracked 
|   8|0x0000015ff8000000, 0x0000015ffa000000, 0x0000015ffa000000|100%| O|  |TAMS 0x0000015ff8000000, 0x0000015ff8000000| Untracked 
|   9|0x0000015ffa000000, 0x0000015ffc000000, 0x0000015ffc000000|100%| O|  |TAMS 0x0000015ffa000000, 0x0000015ffa000000| Untracked 
|  10|0x0000015ffc000000, 0x0000015ffe000000, 0x0000015ffe000000|100%| O|  |TAMS 0x0000015ffc000000, 0x0000015ffc000000| Untracked 
|  11|0x0000015ffe000000, 0x0000016000000000, 0x0000016000000000|100%| O|  |TAMS 0x0000015ffe000000, 0x0000015ffe000000| Untracked 
|  12|0x0000016000000000, 0x0000016002000000, 0x0000016002000000|100%| O|  |TAMS 0x0000016000000000, 0x0000016000000000| Untracked 
|  13|0x0000016002000000, 0x0000016004000000, 0x0000016004000000|100%| O|  |TAMS 0x0000016002000000, 0x0000016002000000| Untracked 
|  14|0x0000016004000000, 0x0000016006000000, 0x0000016006000000|100%| O|  |TAMS 0x0000016004000000, 0x0000016004000000| Untracked 
|  15|0x0000016006000000, 0x0000016008000000, 0x0000016008000000|100%| O|  |TAMS 0x0000016006000000, 0x0000016006000000| Untracked 
|  16|0x0000016008000000, 0x000001600a000000, 0x000001600a000000|100%| O|  |TAMS 0x0000016008000000, 0x0000016008000000| Untracked 
|  17|0x000001600a000000, 0x000001600c000000, 0x000001600c000000|100%| O|  |TAMS 0x000001600a000000, 0x000001600a000000| Untracked 
|  18|0x000001600c000000, 0x000001600e000000, 0x000001600e000000|100%| O|  |TAMS 0x000001600c000000, 0x000001600c000000| Untracked 
|  19|0x000001600e000000, 0x0000016010000000, 0x0000016010000000|100%| O|  |TAMS 0x000001600e000000, 0x000001600e000000| Untracked 
|  20|0x0000016010000000, 0x0000016012000000, 0x0000016012000000|100%| O|  |TAMS 0x0000016010000000, 0x0000016010000000| Untracked 
|  21|0x0000016012000000, 0x0000016014000000, 0x0000016014000000|100%| O|  |TAMS 0x0000016012000000, 0x0000016012000000| Untracked 
|  22|0x0000016014000000, 0x0000016016000000, 0x0000016016000000|100%| O|  |TAMS 0x0000016014000000, 0x0000016014000000| Untracked 
|  23|0x0000016016000000, 0x0000016018000000, 0x0000016018000000|100%| O|  |TAMS 0x0000016016000000, 0x0000016016000000| Untracked 
|  24|0x0000016018000000, 0x000001601a000000, 0x000001601a000000|100%| O|  |TAMS 0x0000016018000000, 0x0000016018000000| Untracked 
|  25|0x000001601a000000, 0x000001601c000000, 0x000001601c000000|100%| O|  |TAMS 0x000001601a000000, 0x000001601a000000| Untracked 
|  26|0x000001601c000000, 0x000001601e000000, 0x000001601e000000|100%| O|  |TAMS 0x000001601c000000, 0x000001601c000000| Untracked 
|  27|0x000001601e000000, 0x0000016020000000, 0x0000016020000000|100%| O|  |TAMS 0x000001601e000000, 0x000001601e000000| Untracked 
|  28|0x0000016020000000, 0x0000016022000000, 0x0000016022000000|100%| O|  |TAMS 0x0000016020000000, 0x0000016020000000| Untracked 
|  29|0x0000016022000000, 0x0000016024000000, 0x0000016024000000|100%| O|  |TAMS 0x0000016022000000, 0x0000016022000000| Untracked 
|  30|0x0000016024000000, 0x0000016026000000, 0x0000016026000000|100%| O|  |TAMS 0x0000016024000000, 0x0000016024000000| Untracked 
|  31|0x0000016026000000, 0x0000016028000000, 0x0000016028000000|100%| O|  |TAMS 0x0000016026000000, 0x0000016026000000| Untracked 
|  32|0x0000016028000000, 0x000001602a000000, 0x000001602a000000|100%| O|  |TAMS 0x0000016028000000, 0x0000016028000000| Untracked 
|  33|0x000001602a000000, 0x000001602c000000, 0x000001602c000000|100%| O|  |TAMS 0x000001602a000000, 0x000001602a000000| Untracked 
|  34|0x000001602c000000, 0x000001602e000000, 0x000001602e000000|100%| O|  |TAMS 0x000001602c000000, 0x000001602c000000| Untracked 
|  35|0x000001602e000000, 0x0000016030000000, 0x0000016030000000|100%| O|  |TAMS 0x000001602e000000, 0x000001602e000000| Untracked 
|  36|0x0000016030000000, 0x0000016032000000, 0x0000016032000000|100%| O|  |TAMS 0x0000016030000000, 0x0000016030000000| Untracked 
|  37|0x0000016032000000, 0x0000016034000000, 0x0000016034000000|100%| O|  |TAMS 0x0000016032000000, 0x0000016032000000| Untracked 
|  38|0x0000016034000000, 0x0000016036000000, 0x0000016036000000|100%| O|  |TAMS 0x0000016034000000, 0x0000016034000000| Untracked 
|  39|0x0000016036000000, 0x0000016038000000, 0x0000016038000000|100%| O|  |TAMS 0x0000016036000000, 0x0000016036000000| Untracked 
|  40|0x0000016038000000, 0x000001603a000000, 0x000001603a000000|100%| O|  |TAMS 0x0000016038000000, 0x0000016038000000| Untracked 
|  41|0x000001603a000000, 0x000001603c000000, 0x000001603c000000|100%| O|  |TAMS 0x000001603a000000, 0x000001603a000000| Untracked 
|  42|0x000001603c000000, 0x000001603e000000, 0x000001603e000000|100%| O|  |TAMS 0x000001603c000000, 0x000001603c000000| Untracked 
|  43|0x000001603e000000, 0x0000016040000000, 0x0000016040000000|100%| O|  |TAMS 0x000001603e000000, 0x000001603e000000| Untracked 
|  44|0x0000016040000000, 0x0000016042000000, 0x0000016042000000|100%| O|  |TAMS 0x0000016040000000, 0x0000016040000000| Untracked 
|  45|0x0000016042000000, 0x0000016044000000, 0x0000016044000000|100%| O|  |TAMS 0x0000016042000000, 0x0000016042000000| Untracked 
|  46|0x0000016044000000, 0x0000016046000000, 0x0000016046000000|100%| O|  |TAMS 0x0000016044000000, 0x0000016044000000| Untracked 
|  47|0x0000016046000000, 0x0000016048000000, 0x0000016048000000|100%| O|  |TAMS 0x0000016046000000, 0x0000016046000000| Untracked 
|  48|0x0000016048000000, 0x000001604a000000, 0x000001604a000000|100%| O|  |TAMS 0x0000016048000000, 0x0000016048000000| Untracked 
|  49|0x000001604a000000, 0x000001604c000000, 0x000001604c000000|100%| O|  |TAMS 0x000001604a000000, 0x000001604a000000| Untracked 
|  50|0x000001604c000000, 0x000001604e000000, 0x000001604e000000|100%| O|  |TAMS 0x000001604c000000, 0x000001604c000000| Untracked 
|  51|0x000001604e000000, 0x0000016050000000, 0x0000016050000000|100%| O|  |TAMS 0x000001604e000000, 0x000001604e000000| Untracked 
|  52|0x0000016050000000, 0x0000016052000000, 0x0000016052000000|100%| O|  |TAMS 0x0000016050000000, 0x0000016050000000| Untracked 
|  53|0x0000016052000000, 0x0000016054000000, 0x0000016054000000|100%| O|  |TAMS 0x0000016052000000, 0x0000016052000000| Untracked 
|  54|0x0000016054000000, 0x0000016056000000, 0x0000016056000000|100%| O|  |TAMS 0x0000016054000000, 0x0000016054000000| Untracked 
|  55|0x0000016056000000, 0x0000016058000000, 0x0000016058000000|100%| O|  |TAMS 0x0000016056000000, 0x0000016056000000| Untracked 
|  56|0x0000016058000000, 0x000001605a000000, 0x000001605a000000|100%| O|  |TAMS 0x0000016058000000, 0x0000016058000000| Untracked 
|  57|0x000001605a000000, 0x000001605c000000, 0x000001605c000000|100%| O|  |TAMS 0x000001605a000000, 0x000001605a000000| Untracked 
|  58|0x000001605c000000, 0x000001605e000000, 0x000001605e000000|100%| O|  |TAMS 0x000001605c000000, 0x000001605c000000| Untracked 
|  59|0x000001605e000000, 0x0000016060000000, 0x0000016060000000|100%| O|  |TAMS 0x000001605e000000, 0x000001605e000000| Untracked 
|  60|0x0000016060000000, 0x0000016062000000, 0x0000016062000000|100%| O|  |TAMS 0x0000016060000000, 0x0000016060000000| Untracked 
|  61|0x0000016062000000, 0x0000016064000000, 0x0000016064000000|100%| O|  |TAMS 0x0000016062000000, 0x0000016062000000| Untracked 
|  62|0x0000016064000000, 0x0000016066000000, 0x0000016066000000|100%| O|  |TAMS 0x0000016064000000, 0x0000016064000000| Untracked 
|  63|0x0000016066000000, 0x0000016068000000, 0x0000016068000000|100%| O|  |TAMS 0x0000016066000000, 0x0000016066000000| Untracked 
|  64|0x0000016068000000, 0x000001606a000000, 0x000001606a000000|100%| O|  |TAMS 0x0000016068000000, 0x0000016068000000| Untracked 
|  65|0x000001606a000000, 0x000001606c000000, 0x000001606c000000|100%| O|  |TAMS 0x000001606a000000, 0x000001606a000000| Untracked 
|  66|0x000001606c000000, 0x000001606e000000, 0x000001606e000000|100%| O|  |TAMS 0x000001606c000000, 0x000001606c000000| Untracked 
|  67|0x000001606e000000, 0x0000016070000000, 0x0000016070000000|100%| O|  |TAMS 0x000001606e000000, 0x000001606e000000| Untracked 
|  68|0x0000016070000000, 0x0000016072000000, 0x0000016072000000|100%| O|  |TAMS 0x0000016070000000, 0x0000016070000000| Untracked 
|  69|0x0000016072000000, 0x0000016074000000, 0x0000016074000000|100%| O|  |TAMS 0x0000016072000000, 0x0000016072000000| Untracked 
|  70|0x0000016074000000, 0x0000016076000000, 0x0000016076000000|100%| O|  |TAMS 0x0000016074000000, 0x0000016074000000| Untracked 
|  71|0x0000016076000000, 0x0000016078000000, 0x0000016078000000|100%| O|  |TAMS 0x0000016076000000, 0x0000016076000000| Untracked 
|  72|0x0000016078000000, 0x000001607a000000, 0x000001607a000000|100%| O|  |TAMS 0x0000016078000000, 0x0000016078000000| Untracked 
|  73|0x000001607a000000, 0x000001607c000000, 0x000001607c000000|100%| O|  |TAMS 0x000001607a000000, 0x000001607a000000| Untracked 
|  74|0x000001607c000000, 0x000001607e000000, 0x000001607e000000|100%| O|  |TAMS 0x000001607c000000, 0x000001607c000000| Untracked 
|  75|0x000001607e000000, 0x000001607eddb200, 0x0000016080000000| 43%| O|  |TAMS 0x000001607e000000, 0x000001607e000000| Untracked 
|  76|0x0000016080000000, 0x0000016080000000, 0x0000016082000000|  0%| F|  |TAMS 0x0000016080000000, 0x0000016080000000| Untracked 
|  77|0x0000016082000000, 0x0000016082000000, 0x0000016084000000|  0%| F|  |TAMS 0x0000016082000000, 0x0000016082000000| Untracked 
|  78|0x0000016084000000, 0x0000016084000000, 0x0000016086000000|  0%| F|  |TAMS 0x0000016084000000, 0x0000016084000000| Untracked 
|  79|0x0000016086000000, 0x0000016086000000, 0x0000016088000000|  0%| F|  |TAMS 0x0000016086000000, 0x0000016086000000| Untracked 
|  80|0x0000016088000000, 0x0000016088000000, 0x000001608a000000|  0%| F|  |TAMS 0x0000016088000000, 0x0000016088000000| Untracked 
|  81|0x000001608a000000, 0x000001608a000000, 0x000001608c000000|  0%| F|  |TAMS 0x000001608a000000, 0x000001608a000000| Untracked 
|  82|0x000001608c000000, 0x000001608c000000, 0x000001608e000000|  0%| F|  |TAMS 0x000001608c000000, 0x000001608c000000| Untracked 
|  83|0x000001608e000000, 0x000001608e000000, 0x0000016090000000|  0%| F|  |TAMS 0x000001608e000000, 0x000001608e000000| Untracked 
|  84|0x0000016090000000, 0x0000016090000000, 0x0000016092000000|  0%| F|  |TAMS 0x0000016090000000, 0x0000016090000000| Untracked 
|  85|0x0000016092000000, 0x0000016092000000, 0x0000016094000000|  0%| F|  |TAMS 0x0000016092000000, 0x0000016092000000| Untracked 
|  86|0x0000016094000000, 0x0000016094000000, 0x0000016096000000|  0%| F|  |TAMS 0x0000016094000000, 0x0000016094000000| Untracked 
|  87|0x0000016096000000, 0x0000016096000000, 0x0000016098000000|  0%| F|  |TAMS 0x0000016096000000, 0x0000016096000000| Untracked 
|  88|0x0000016098000000, 0x0000016098000000, 0x000001609a000000|  0%| F|  |TAMS 0x0000016098000000, 0x0000016098000000| Untracked 
|  89|0x000001609a000000, 0x000001609a000000, 0x000001609c000000|  0%| F|  |TAMS 0x000001609a000000, 0x000001609a000000| Untracked 
|  90|0x000001609c000000, 0x000001609c000000, 0x000001609e000000|  0%| F|  |TAMS 0x000001609c000000, 0x000001609c000000| Untracked 
|  91|0x000001609e000000, 0x000001609e000000, 0x00000160a0000000|  0%| F|  |TAMS 0x000001609e000000, 0x000001609e000000| Untracked 
|  92|0x00000160a0000000, 0x00000160a0000000, 0x00000160a2000000|  0%| F|  |TAMS 0x00000160a0000000, 0x00000160a0000000| Untracked 
|  93|0x00000160a2000000, 0x00000160a2000000, 0x00000160a4000000|  0%| F|  |TAMS 0x00000160a2000000, 0x00000160a2000000| Untracked 
|  94|0x00000160a4000000, 0x00000160a4000000, 0x00000160a6000000|  0%| F|  |TAMS 0x00000160a4000000, 0x00000160a4000000| Untracked 
|  95|0x00000160a6000000, 0x00000160a6000000, 0x00000160a8000000|  0%| F|  |TAMS 0x00000160a6000000, 0x00000160a6000000| Untracked 
|  96|0x00000160a8000000, 0x00000160a8000000, 0x00000160aa000000|  0%| F|  |TAMS 0x00000160a8000000, 0x00000160a8000000| Untracked 
|  97|0x00000160aa000000, 0x00000160aa000000, 0x00000160ac000000|  0%| F|  |TAMS 0x00000160aa000000, 0x00000160aa000000| Untracked 
|  98|0x00000160ac000000, 0x00000160ac000000, 0x00000160ae000000|  0%| F|  |TAMS 0x00000160ac000000, 0x00000160ac000000| Untracked 
|  99|0x00000160ae000000, 0x00000160ae000000, 0x00000160b0000000|  0%| F|  |TAMS 0x00000160ae000000, 0x00000160ae000000| Untracked 
| 100|0x00000160b0000000, 0x00000160b0000000, 0x00000160b2000000|  0%| F|  |TAMS 0x00000160b0000000, 0x00000160b0000000| Untracked 
| 101|0x00000160b2000000, 0x00000160b2000000, 0x00000160b4000000|  0%| F|  |TAMS 0x00000160b2000000, 0x00000160b2000000| Untracked 
| 102|0x00000160b4000000, 0x00000160b4000000, 0x00000160b6000000|  0%| F|  |TAMS 0x00000160b4000000, 0x00000160b4000000| Untracked 
| 103|0x00000160b6000000, 0x00000160b6000000, 0x00000160b8000000|  0%| F|  |TAMS 0x00000160b6000000, 0x00000160b6000000| Untracked 
| 104|0x00000160b8000000, 0x00000160b8000000, 0x00000160ba000000|  0%| F|  |TAMS 0x00000160b8000000, 0x00000160b8000000| Untracked 
| 105|0x00000160ba000000, 0x00000160ba000000, 0x00000160bc000000|  0%| F|  |TAMS 0x00000160ba000000, 0x00000160ba000000| Untracked 
| 106|0x00000160bc000000, 0x00000160bc000000, 0x00000160be000000|  0%| F|  |TAMS 0x00000160bc000000, 0x00000160bc000000| Untracked 
| 107|0x00000160be000000, 0x00000160be000000, 0x00000160c0000000|  0%| F|  |TAMS 0x00000160be000000, 0x00000160be000000| Untracked 
| 108|0x00000160c0000000, 0x00000160c0000000, 0x00000160c2000000|  0%| F|  |TAMS 0x00000160c0000000, 0x00000160c0000000| Untracked 
| 109|0x00000160c2000000, 0x00000160c2000000, 0x00000160c4000000|  0%| F|  |TAMS 0x00000160c2000000, 0x00000160c2000000| Untracked 
| 110|0x00000160c4000000, 0x00000160c4000000, 0x00000160c6000000|  0%| F|  |TAMS 0x00000160c4000000, 0x00000160c4000000| Untracked 
| 111|0x00000160c6000000, 0x00000160c6000000, 0x00000160c8000000|  0%| F|  |TAMS 0x00000160c6000000, 0x00000160c6000000| Untracked 
| 112|0x00000160c8000000, 0x00000160c8000000, 0x00000160ca000000|  0%| F|  |TAMS 0x00000160c8000000, 0x00000160c8000000| Untracked 
| 113|0x00000160ca000000, 0x00000160ca000000, 0x00000160cc000000|  0%| F|  |TAMS 0x00000160ca000000, 0x00000160ca000000| Untracked 
| 114|0x00000160cc000000, 0x00000160cc000000, 0x00000160ce000000|  0%| F|  |TAMS 0x00000160cc000000, 0x00000160cc000000| Untracked 
| 115|0x00000160ce000000, 0x00000160ce000000, 0x00000160d0000000|  0%| F|  |TAMS 0x00000160ce000000, 0x00000160ce000000| Untracked 
| 116|0x00000160d0000000, 0x00000160d0000000, 0x00000160d2000000|  0%| F|  |TAMS 0x00000160d0000000, 0x00000160d0000000| Untracked 
| 117|0x00000160d2000000, 0x00000160d2000000, 0x00000160d4000000|  0%| F|  |TAMS 0x00000160d2000000, 0x00000160d2000000| Untracked 
| 118|0x00000160d4000000, 0x00000160d4000000, 0x00000160d6000000|  0%| F|  |TAMS 0x00000160d4000000, 0x00000160d4000000| Untracked 
| 119|0x00000160d6000000, 0x00000160d6000000, 0x00000160d8000000|  0%| F|  |TAMS 0x00000160d6000000, 0x00000160d6000000| Untracked 
| 120|0x00000160d8000000, 0x00000160d8000000, 0x00000160da000000|  0%| F|  |TAMS 0x00000160d8000000, 0x00000160d8000000| Untracked 
| 121|0x00000160da000000, 0x00000160da000000, 0x00000160dc000000|  0%| F|  |TAMS 0x00000160da000000, 0x00000160da000000| Untracked 
| 122|0x00000160dc000000, 0x00000160dc000000, 0x00000160de000000|  0%| F|  |TAMS 0x00000160dc000000, 0x00000160dc000000| Untracked 
| 123|0x00000160de000000, 0x00000160de000000, 0x00000160e0000000|  0%| F|  |TAMS 0x00000160de000000, 0x00000160de000000| Untracked 
| 124|0x00000160e0000000, 0x00000160e0000000, 0x00000160e2000000|  0%| F|  |TAMS 0x00000160e0000000, 0x00000160e0000000| Untracked 
| 125|0x00000160e2000000, 0x00000160e2000000, 0x00000160e4000000|  0%| F|  |TAMS 0x00000160e2000000, 0x00000160e2000000| Untracked 
| 126|0x00000160e4000000, 0x00000160e4000000, 0x00000160e6000000|  0%| F|  |TAMS 0x00000160e4000000, 0x00000160e4000000| Untracked 
| 127|0x00000160e6000000, 0x00000160e6000000, 0x00000160e8000000|  0%| F|  |TAMS 0x00000160e6000000, 0x00000160e6000000| Untracked 
| 128|0x00000160e8000000, 0x00000160e8000000, 0x00000160ea000000|  0%| F|  |TAMS 0x00000160e8000000, 0x00000160e8000000| Untracked 
| 129|0x00000160ea000000, 0x00000160ea000000, 0x00000160ec000000|  0%| F|  |TAMS 0x00000160ea000000, 0x00000160ea000000| Untracked 
| 130|0x00000160ec000000, 0x00000160ec000000, 0x00000160ee000000|  0%| F|  |TAMS 0x00000160ec000000, 0x00000160ec000000| Untracked 
| 131|0x00000160ee000000, 0x00000160ee000000, 0x00000160f0000000|  0%| F|  |TAMS 0x00000160ee000000, 0x00000160ee000000| Untracked 
| 132|0x00000160f0000000, 0x00000160f0000000, 0x00000160f2000000|  0%| F|  |TAMS 0x00000160f0000000, 0x00000160f0000000| Untracked 
| 133|0x00000160f2000000, 0x00000160f2000000, 0x00000160f4000000|  0%| F|  |TAMS 0x00000160f2000000, 0x00000160f2000000| Untracked 
| 134|0x00000160f4000000, 0x00000160f4000000, 0x00000160f6000000|  0%| F|  |TAMS 0x00000160f4000000, 0x00000160f4000000| Untracked 
| 135|0x00000160f6000000, 0x00000160f6000000, 0x00000160f8000000|  0%| F|  |TAMS 0x00000160f6000000, 0x00000160f6000000| Untracked 
| 136|0x00000160f8000000, 0x00000160f8000000, 0x00000160fa000000|  0%| F|  |TAMS 0x00000160f8000000, 0x00000160f8000000| Untracked 
| 137|0x00000160fa000000, 0x00000160fa000000, 0x00000160fc000000|  0%| F|  |TAMS 0x00000160fa000000, 0x00000160fa000000| Untracked 
| 138|0x00000160fc000000, 0x00000160fc000000, 0x00000160fe000000|  0%| F|  |TAMS 0x00000160fc000000, 0x00000160fc000000| Untracked 
| 139|0x00000160fe000000, 0x00000160fe000000, 0x0000016100000000|  0%| F|  |TAMS 0x00000160fe000000, 0x00000160fe000000| Untracked 
| 140|0x0000016100000000, 0x0000016100000000, 0x0000016102000000|  0%| F|  |TAMS 0x0000016100000000, 0x0000016100000000| Untracked 
| 141|0x0000016102000000, 0x0000016102000000, 0x0000016104000000|  0%| F|  |TAMS 0x0000016102000000, 0x0000016102000000| Untracked 
| 142|0x0000016104000000, 0x0000016104000000, 0x0000016106000000|  0%| F|  |TAMS 0x0000016104000000, 0x0000016104000000| Untracked 
| 143|0x0000016106000000, 0x0000016106000000, 0x0000016108000000|  0%| F|  |TAMS 0x0000016106000000, 0x0000016106000000| Untracked 
| 144|0x0000016108000000, 0x0000016108000000, 0x000001610a000000|  0%| F|  |TAMS 0x0000016108000000, 0x0000016108000000| Untracked 
| 145|0x000001610a000000, 0x000001610a000000, 0x000001610c000000|  0%| F|  |TAMS 0x000001610a000000, 0x000001610a000000| Untracked 
| 146|0x000001610c000000, 0x000001610c000000, 0x000001610e000000|  0%| F|  |TAMS 0x000001610c000000, 0x000001610c000000| Untracked 
| 147|0x000001610e000000, 0x000001610e000000, 0x0000016110000000|  0%| F|  |TAMS 0x000001610e000000, 0x000001610e000000| Untracked 
| 148|0x0000016110000000, 0x0000016110000000, 0x0000016112000000|  0%| F|  |TAMS 0x0000016110000000, 0x0000016110000000| Untracked 
| 149|0x0000016112000000, 0x0000016112000000, 0x0000016114000000|  0%| F|  |TAMS 0x0000016112000000, 0x0000016112000000| Untracked 
| 150|0x0000016114000000, 0x0000016114000000, 0x0000016116000000|  0%| F|  |TAMS 0x0000016114000000, 0x0000016114000000| Untracked 
| 151|0x0000016116000000, 0x0000016116000000, 0x0000016118000000|  0%| F|  |TAMS 0x0000016116000000, 0x0000016116000000| Untracked 
| 152|0x0000016118000000, 0x0000016118000000, 0x000001611a000000|  0%| F|  |TAMS 0x0000016118000000, 0x0000016118000000| Untracked 
| 153|0x000001611a000000, 0x000001611a000000, 0x000001611c000000|  0%| F|  |TAMS 0x000001611a000000, 0x000001611a000000| Untracked 
| 154|0x000001611c000000, 0x000001611c000000, 0x000001611e000000|  0%| F|  |TAMS 0x000001611c000000, 0x000001611c000000| Untracked 
| 155|0x000001611e000000, 0x000001611e000000, 0x0000016120000000|  0%| F|  |TAMS 0x000001611e000000, 0x000001611e000000| Untracked 
| 156|0x0000016120000000, 0x0000016120000000, 0x0000016122000000|  0%| F|  |TAMS 0x0000016120000000, 0x0000016120000000| Untracked 
| 157|0x0000016122000000, 0x0000016122000000, 0x0000016124000000|  0%| F|  |TAMS 0x0000016122000000, 0x0000016122000000| Untracked 
| 158|0x0000016124000000, 0x0000016124000000, 0x0000016126000000|  0%| F|  |TAMS 0x0000016124000000, 0x0000016124000000| Untracked 
| 159|0x0000016126000000, 0x0000016126000000, 0x0000016128000000|  0%| F|  |TAMS 0x0000016126000000, 0x0000016126000000| Untracked 
| 160|0x0000016128000000, 0x0000016128000000, 0x000001612a000000|  0%| F|  |TAMS 0x0000016128000000, 0x0000016128000000| Untracked 
| 161|0x000001612a000000, 0x000001612a000000, 0x000001612c000000|  0%| F|  |TAMS 0x000001612a000000, 0x000001612a000000| Untracked 
| 162|0x000001612c000000, 0x000001612c000000, 0x000001612e000000|  0%| F|  |TAMS 0x000001612c000000, 0x000001612c000000| Untracked 
| 163|0x000001612e000000, 0x000001612e000000, 0x0000016130000000|  0%| F|  |TAMS 0x000001612e000000, 0x000001612e000000| Untracked 
| 164|0x0000016130000000, 0x0000016130000000, 0x0000016132000000|  0%| F|  |TAMS 0x0000016130000000, 0x0000016130000000| Untracked 
| 165|0x0000016132000000, 0x0000016132000000, 0x0000016134000000|  0%| F|  |TAMS 0x0000016132000000, 0x0000016132000000| Untracked 
| 166|0x0000016134000000, 0x0000016134000000, 0x0000016136000000|  0%| F|  |TAMS 0x0000016134000000, 0x0000016134000000| Untracked 
| 167|0x0000016136000000, 0x0000016136000000, 0x0000016138000000|  0%| F|  |TAMS 0x0000016136000000, 0x0000016136000000| Untracked 
| 168|0x0000016138000000, 0x0000016138000000, 0x000001613a000000|  0%| F|  |TAMS 0x0000016138000000, 0x0000016138000000| Untracked 
| 169|0x000001613a000000, 0x000001613a000000, 0x000001613c000000|  0%| F|  |TAMS 0x000001613a000000, 0x000001613a000000| Untracked 
| 170|0x000001613c000000, 0x000001613c000000, 0x000001613e000000|  0%| F|  |TAMS 0x000001613c000000, 0x000001613c000000| Untracked 
| 171|0x000001613e000000, 0x000001613e000000, 0x0000016140000000|  0%| F|  |TAMS 0x000001613e000000, 0x000001613e000000| Untracked 
| 172|0x0000016140000000, 0x0000016140000000, 0x0000016142000000|  0%| F|  |TAMS 0x0000016140000000, 0x0000016140000000| Untracked 
| 173|0x0000016142000000, 0x0000016142000000, 0x0000016144000000|  0%| F|  |TAMS 0x0000016142000000, 0x0000016142000000| Untracked 
| 174|0x0000016144000000, 0x0000016144000000, 0x0000016146000000|  0%| F|  |TAMS 0x0000016144000000, 0x0000016144000000| Untracked 
| 175|0x0000016146000000, 0x0000016146000000, 0x0000016148000000|  0%| F|  |TAMS 0x0000016146000000, 0x0000016146000000| Untracked 
| 176|0x0000016148000000, 0x0000016148000000, 0x000001614a000000|  0%| F|  |TAMS 0x0000016148000000, 0x0000016148000000| Untracked 
| 177|0x000001614a000000, 0x000001614a000000, 0x000001614c000000|  0%| F|  |TAMS 0x000001614a000000, 0x000001614a000000| Untracked 
| 178|0x000001614c000000, 0x000001614c000000, 0x000001614e000000|  0%| F|  |TAMS 0x000001614c000000, 0x000001614c000000| Untracked 
| 179|0x000001614e000000, 0x000001614e000000, 0x0000016150000000|  0%| F|  |TAMS 0x000001614e000000, 0x000001614e000000| Untracked 
| 180|0x0000016150000000, 0x0000016150000000, 0x0000016152000000|  0%| F|  |TAMS 0x0000016150000000, 0x0000016150000000| Untracked 
| 181|0x0000016152000000, 0x0000016152000000, 0x0000016154000000|  0%| F|  |TAMS 0x0000016152000000, 0x0000016152000000| Untracked 
| 182|0x0000016154000000, 0x0000016154000000, 0x0000016156000000|  0%| F|  |TAMS 0x0000016154000000, 0x0000016154000000| Untracked 
| 183|0x0000016156000000, 0x0000016156000000, 0x0000016158000000|  0%| F|  |TAMS 0x0000016156000000, 0x0000016156000000| Untracked 
| 184|0x0000016158000000, 0x0000016158000000, 0x000001615a000000|  0%| F|  |TAMS 0x0000016158000000, 0x0000016158000000| Untracked 
| 185|0x000001615a000000, 0x000001615a000000, 0x000001615c000000|  0%| F|  |TAMS 0x000001615a000000, 0x000001615a000000| Untracked 
| 186|0x000001615c000000, 0x000001615c000000, 0x000001615e000000|  0%| F|  |TAMS 0x000001615c000000, 0x000001615c000000| Untracked 
| 187|0x000001615e000000, 0x000001615e000000, 0x0000016160000000|  0%| F|  |TAMS 0x000001615e000000, 0x000001615e000000| Untracked 
| 188|0x0000016160000000, 0x0000016160000000, 0x0000016162000000|  0%| F|  |TAMS 0x0000016160000000, 0x0000016160000000| Untracked 
| 189|0x0000016162000000, 0x0000016162000000, 0x0000016164000000|  0%| F|  |TAMS 0x0000016162000000, 0x0000016162000000| Untracked 
| 190|0x0000016164000000, 0x0000016164000000, 0x0000016166000000|  0%| F|  |TAMS 0x0000016164000000, 0x0000016164000000| Untracked 
| 191|0x0000016166000000, 0x0000016166000000, 0x0000016168000000|  0%| F|  |TAMS 0x0000016166000000, 0x0000016166000000| Untracked 
| 192|0x0000016168000000, 0x0000016168000000, 0x000001616a000000|  0%| F|  |TAMS 0x0000016168000000, 0x0000016168000000| Untracked 
| 193|0x000001616a000000, 0x000001616a000000, 0x000001616c000000|  0%| F|  |TAMS 0x000001616a000000, 0x000001616a000000| Untracked 
| 194|0x000001616c000000, 0x000001616c000000, 0x000001616e000000|  0%| F|  |TAMS 0x000001616c000000, 0x000001616c000000| Untracked 
| 195|0x000001616e000000, 0x000001616e000000, 0x0000016170000000|  0%| F|  |TAMS 0x000001616e000000, 0x000001616e000000| Untracked 
| 196|0x0000016170000000, 0x0000016170000000, 0x0000016172000000|  0%| F|  |TAMS 0x0000016170000000, 0x0000016170000000| Untracked 
| 197|0x0000016172000000, 0x0000016172000000, 0x0000016174000000|  0%| F|  |TAMS 0x0000016172000000, 0x0000016172000000| Untracked 
| 198|0x0000016174000000, 0x0000016174000000, 0x0000016176000000|  0%| F|  |TAMS 0x0000016174000000, 0x0000016174000000| Untracked 
| 199|0x0000016176000000, 0x0000016176000000, 0x0000016178000000|  0%| F|  |TAMS 0x0000016176000000, 0x0000016176000000| Untracked 
| 200|0x0000016178000000, 0x0000016178000000, 0x000001617a000000|  0%| F|  |TAMS 0x0000016178000000, 0x0000016178000000| Untracked 
| 201|0x000001617a000000, 0x000001617a000000, 0x000001617c000000|  0%| F|  |TAMS 0x000001617a000000, 0x000001617a000000| Untracked 
| 202|0x000001617c000000, 0x000001617c000000, 0x000001617e000000|  0%| F|  |TAMS 0x000001617c000000, 0x000001617c000000| Untracked 
| 203|0x000001617e000000, 0x000001617e000000, 0x0000016180000000|  0%| F|  |TAMS 0x000001617e000000, 0x000001617e000000| Untracked 
| 204|0x0000016180000000, 0x0000016180000000, 0x0000016182000000|  0%| F|  |TAMS 0x0000016180000000, 0x0000016180000000| Untracked 
| 205|0x0000016182000000, 0x0000016182000000, 0x0000016184000000|  0%| F|  |TAMS 0x0000016182000000, 0x0000016182000000| Untracked 
| 206|0x0000016184000000, 0x0000016184000000, 0x0000016186000000|  0%| F|  |TAMS 0x0000016184000000, 0x0000016184000000| Untracked 
| 207|0x0000016186000000, 0x0000016186000000, 0x0000016188000000|  0%| F|  |TAMS 0x0000016186000000, 0x0000016186000000| Untracked 
| 208|0x0000016188000000, 0x0000016188000000, 0x000001618a000000|  0%| F|  |TAMS 0x0000016188000000, 0x0000016188000000| Untracked 
| 209|0x000001618a000000, 0x000001618a000000, 0x000001618c000000|  0%| F|  |TAMS 0x000001618a000000, 0x000001618a000000| Untracked 
| 210|0x000001618c000000, 0x000001618c000000, 0x000001618e000000|  0%| F|  |TAMS 0x000001618c000000, 0x000001618c000000| Untracked 
| 211|0x000001618e000000, 0x000001618e000000, 0x0000016190000000|  0%| F|  |TAMS 0x000001618e000000, 0x000001618e000000| Untracked 
| 212|0x0000016190000000, 0x0000016190000000, 0x0000016192000000|  0%| F|  |TAMS 0x0000016190000000, 0x0000016190000000| Untracked 
| 213|0x0000016192000000, 0x0000016192000000, 0x0000016194000000|  0%| F|  |TAMS 0x0000016192000000, 0x0000016192000000| Untracked 
| 214|0x0000016194000000, 0x0000016194000000, 0x0000016196000000|  0%| F|  |TAMS 0x0000016194000000, 0x0000016194000000| Untracked 
| 215|0x0000016196000000, 0x0000016196000000, 0x0000016198000000|  0%| F|  |TAMS 0x0000016196000000, 0x0000016196000000| Untracked 
| 216|0x0000016198000000, 0x0000016198000000, 0x000001619a000000|  0%| F|  |TAMS 0x0000016198000000, 0x0000016198000000| Untracked 
| 217|0x000001619a000000, 0x000001619a000000, 0x000001619c000000|  0%| F|  |TAMS 0x000001619a000000, 0x000001619a000000| Untracked 
| 218|0x000001619c000000, 0x000001619c000000, 0x000001619e000000|  0%| F|  |TAMS 0x000001619c000000, 0x000001619c000000| Untracked 
| 219|0x000001619e000000, 0x000001619e000000, 0x00000161a0000000|  0%| F|  |TAMS 0x000001619e000000, 0x000001619e000000| Untracked 
| 220|0x00000161a0000000, 0x00000161a0000000, 0x00000161a2000000|  0%| F|  |TAMS 0x00000161a0000000, 0x00000161a0000000| Untracked 
| 221|0x00000161a2000000, 0x00000161a2000000, 0x00000161a4000000|  0%| F|  |TAMS 0x00000161a2000000, 0x00000161a2000000| Untracked 
| 222|0x00000161a4000000, 0x00000161a4000000, 0x00000161a6000000|  0%| F|  |TAMS 0x00000161a4000000, 0x00000161a4000000| Untracked 
| 223|0x00000161a6000000, 0x00000161a6000000, 0x00000161a8000000|  0%| F|  |TAMS 0x00000161a6000000, 0x00000161a6000000| Untracked 
| 224|0x00000161a8000000, 0x00000161a8000000, 0x00000161aa000000|  0%| F|  |TAMS 0x00000161a8000000, 0x00000161a8000000| Untracked 
| 225|0x00000161aa000000, 0x00000161aa000000, 0x00000161ac000000|  0%| F|  |TAMS 0x00000161aa000000, 0x00000161aa000000| Untracked 
| 226|0x00000161ac000000, 0x00000161ac000000, 0x00000161ae000000|  0%| F|  |TAMS 0x00000161ac000000, 0x00000161ac000000| Untracked 
| 227|0x00000161ae000000, 0x00000161ae000000, 0x00000161b0000000|  0%| F|  |TAMS 0x00000161ae000000, 0x00000161ae000000| Untracked 
| 228|0x00000161b0000000, 0x00000161b0000000, 0x00000161b2000000|  0%| F|  |TAMS 0x00000161b0000000, 0x00000161b0000000| Untracked 
| 229|0x00000161b2000000, 0x00000161b2000000, 0x00000161b4000000|  0%| F|  |TAMS 0x00000161b2000000, 0x00000161b2000000| Untracked 
| 230|0x00000161b4000000, 0x00000161b4000000, 0x00000161b6000000|  0%| F|  |TAMS 0x00000161b4000000, 0x00000161b4000000| Untracked 
| 231|0x00000161b6000000, 0x00000161b6000000, 0x00000161b8000000|  0%| F|  |TAMS 0x00000161b6000000, 0x00000161b6000000| Untracked 
| 232|0x00000161b8000000, 0x00000161b8000000, 0x00000161ba000000|  0%| F|  |TAMS 0x00000161b8000000, 0x00000161b8000000| Untracked 
| 233|0x00000161ba000000, 0x00000161ba000000, 0x00000161bc000000|  0%| F|  |TAMS 0x00000161ba000000, 0x00000161ba000000| Untracked 
| 234|0x00000161bc000000, 0x00000161bc000000, 0x00000161be000000|  0%| F|  |TAMS 0x00000161bc000000, 0x00000161bc000000| Untracked 
| 235|0x00000161be000000, 0x00000161be000000, 0x00000161c0000000|  0%| F|  |TAMS 0x00000161be000000, 0x00000161be000000| Untracked 
| 236|0x00000161c0000000, 0x00000161c0000000, 0x00000161c2000000|  0%| F|  |TAMS 0x00000161c0000000, 0x00000161c0000000| Untracked 
| 237|0x00000161c2000000, 0x00000161c2000000, 0x00000161c4000000|  0%| F|  |TAMS 0x00000161c2000000, 0x00000161c2000000| Untracked 
| 238|0x00000161c4000000, 0x00000161c4000000, 0x00000161c6000000|  0%| F|  |TAMS 0x00000161c4000000, 0x00000161c4000000| Untracked 
| 239|0x00000161c6000000, 0x00000161c6000000, 0x00000161c8000000|  0%| F|  |TAMS 0x00000161c6000000, 0x00000161c6000000| Untracked 
| 240|0x00000161c8000000, 0x00000161c8000000, 0x00000161ca000000|  0%| F|  |TAMS 0x00000161c8000000, 0x00000161c8000000| Untracked 
| 241|0x00000161ca000000, 0x00000161ca000000, 0x00000161cc000000|  0%| F|  |TAMS 0x00000161ca000000, 0x00000161ca000000| Untracked 
| 242|0x00000161cc000000, 0x00000161cc000000, 0x00000161ce000000|  0%| F|  |TAMS 0x00000161cc000000, 0x00000161cc000000| Untracked 
| 243|0x00000161ce000000, 0x00000161ce000000, 0x00000161d0000000|  0%| F|  |TAMS 0x00000161ce000000, 0x00000161ce000000| Untracked 
| 244|0x00000161d0000000, 0x00000161d0000000, 0x00000161d2000000|  0%| F|  |TAMS 0x00000161d0000000, 0x00000161d0000000| Untracked 
| 245|0x00000161d2000000, 0x00000161d2000000, 0x00000161d4000000|  0%| F|  |TAMS 0x00000161d2000000, 0x00000161d2000000| Untracked 
| 246|0x00000161d4000000, 0x00000161d4000000, 0x00000161d6000000|  0%| F|  |TAMS 0x00000161d4000000, 0x00000161d4000000| Untracked 
| 247|0x00000161d6000000, 0x00000161d6000000, 0x00000161d8000000|  0%| F|  |TAMS 0x00000161d6000000, 0x00000161d6000000| Untracked 
| 248|0x00000161d8000000, 0x00000161d8000000, 0x00000161da000000|  0%| F|  |TAMS 0x00000161d8000000, 0x00000161d8000000| Untracked 
| 249|0x00000161da000000, 0x00000161da000000, 0x00000161dc000000|  0%| F|  |TAMS 0x00000161da000000, 0x00000161da000000| Untracked 
| 250|0x00000161dc000000, 0x00000161dc000000, 0x00000161de000000|  0%| F|  |TAMS 0x00000161dc000000, 0x00000161dc000000| Untracked 
| 251|0x00000161de000000, 0x00000161de000000, 0x00000161e0000000|  0%| F|  |TAMS 0x00000161de000000, 0x00000161de000000| Untracked 
| 252|0x00000161e0000000, 0x00000161e0000000, 0x00000161e2000000|  0%| F|  |TAMS 0x00000161e0000000, 0x00000161e0000000| Untracked 
| 253|0x00000161e2000000, 0x00000161e2000000, 0x00000161e4000000|  0%| F|  |TAMS 0x00000161e2000000, 0x00000161e2000000| Untracked 
| 254|0x00000161e4000000, 0x00000161e4000000, 0x00000161e6000000|  0%| F|  |TAMS 0x00000161e4000000, 0x00000161e4000000| Untracked 
| 255|0x00000161e6000000, 0x00000161e6000000, 0x00000161e8000000|  0%| F|  |TAMS 0x00000161e6000000, 0x00000161e6000000| Untracked 
| 256|0x00000161e8000000, 0x00000161e8000000, 0x00000161ea000000|  0%| F|  |TAMS 0x00000161e8000000, 0x00000161e8000000| Untracked 
| 257|0x00000161ea000000, 0x00000161ea000000, 0x00000161ec000000|  0%| F|  |TAMS 0x00000161ea000000, 0x00000161ea000000| Untracked 
| 258|0x00000161ec000000, 0x00000161ec000000, 0x00000161ee000000|  0%| F|  |TAMS 0x00000161ec000000, 0x00000161ec000000| Untracked 
| 259|0x00000161ee000000, 0x00000161ee000000, 0x00000161f0000000|  0%| F|  |TAMS 0x00000161ee000000, 0x00000161ee000000| Untracked 
| 260|0x00000161f0000000, 0x00000161f0000000, 0x00000161f2000000|  0%| F|  |TAMS 0x00000161f0000000, 0x00000161f0000000| Untracked 
| 261|0x00000161f2000000, 0x00000161f2000000, 0x00000161f4000000|  0%| F|  |TAMS 0x00000161f2000000, 0x00000161f2000000| Untracked 
| 262|0x00000161f4000000, 0x00000161f4000000, 0x00000161f6000000|  0%| F|  |TAMS 0x00000161f4000000, 0x00000161f4000000| Untracked 
| 263|0x00000161f6000000, 0x00000161f6000000, 0x00000161f8000000|  0%| F|  |TAMS 0x00000161f6000000, 0x00000161f6000000| Untracked 
| 264|0x00000161f8000000, 0x00000161f8000000, 0x00000161fa000000|  0%| F|  |TAMS 0x00000161f8000000, 0x00000161f8000000| Untracked 
| 265|0x00000161fa000000, 0x00000161fa000000, 0x00000161fc000000|  0%| F|  |TAMS 0x00000161fa000000, 0x00000161fa000000| Untracked 
| 266|0x00000161fc000000, 0x00000161fc000000, 0x00000161fe000000|  0%| F|  |TAMS 0x00000161fc000000, 0x00000161fc000000| Untracked 
| 267|0x00000161fe000000, 0x00000161fe000000, 0x0000016200000000|  0%| F|  |TAMS 0x00000161fe000000, 0x00000161fe000000| Untracked 
| 268|0x0000016200000000, 0x0000016200000000, 0x0000016202000000|  0%| F|  |TAMS 0x0000016200000000, 0x0000016200000000| Untracked 
| 269|0x0000016202000000, 0x0000016202000000, 0x0000016204000000|  0%| F|  |TAMS 0x0000016202000000, 0x0000016202000000| Untracked 
| 270|0x0000016204000000, 0x0000016204000000, 0x0000016206000000|  0%| F|  |TAMS 0x0000016204000000, 0x0000016204000000| Untracked 
| 271|0x0000016206000000, 0x0000016206000000, 0x0000016208000000|  0%| F|  |TAMS 0x0000016206000000, 0x0000016206000000| Untracked 
| 272|0x0000016208000000, 0x0000016208000000, 0x000001620a000000|  0%| F|  |TAMS 0x0000016208000000, 0x0000016208000000| Untracked 
| 273|0x000001620a000000, 0x000001620a000000, 0x000001620c000000|  0%| F|  |TAMS 0x000001620a000000, 0x000001620a000000| Untracked 
| 274|0x000001620c000000, 0x000001620c000000, 0x000001620e000000|  0%| F|  |TAMS 0x000001620c000000, 0x000001620c000000| Untracked 
| 275|0x000001620e000000, 0x000001620e000000, 0x0000016210000000|  0%| F|  |TAMS 0x000001620e000000, 0x000001620e000000| Untracked 
| 276|0x0000016210000000, 0x0000016210000000, 0x0000016212000000|  0%| F|  |TAMS 0x0000016210000000, 0x0000016210000000| Untracked 
| 277|0x0000016212000000, 0x0000016212000000, 0x0000016214000000|  0%| F|  |TAMS 0x0000016212000000, 0x0000016212000000| Untracked 
| 278|0x0000016214000000, 0x0000016214000000, 0x0000016216000000|  0%| F|  |TAMS 0x0000016214000000, 0x0000016214000000| Untracked 
| 279|0x0000016216000000, 0x0000016216000000, 0x0000016218000000|  0%| F|  |TAMS 0x0000016216000000, 0x0000016216000000| Untracked 
| 280|0x0000016218000000, 0x0000016218000000, 0x000001621a000000|  0%| F|  |TAMS 0x0000016218000000, 0x0000016218000000| Untracked 
| 281|0x000001621a000000, 0x000001621a000000, 0x000001621c000000|  0%| F|  |TAMS 0x000001621a000000, 0x000001621a000000| Untracked 
| 282|0x000001621c000000, 0x000001621c000000, 0x000001621e000000|  0%| F|  |TAMS 0x000001621c000000, 0x000001621c000000| Untracked 
| 283|0x000001621e000000, 0x000001621e000000, 0x0000016220000000|  0%| F|  |TAMS 0x000001621e000000, 0x000001621e000000| Untracked 
| 284|0x0000016220000000, 0x0000016220000000, 0x0000016222000000|  0%| F|  |TAMS 0x0000016220000000, 0x0000016220000000| Untracked 
| 285|0x0000016222000000, 0x0000016222000000, 0x0000016224000000|  0%| F|  |TAMS 0x0000016222000000, 0x0000016222000000| Untracked 
| 286|0x0000016224000000, 0x0000016224000000, 0x0000016226000000|  0%| F|  |TAMS 0x0000016224000000, 0x0000016224000000| Untracked 
| 287|0x0000016226000000, 0x0000016226000000, 0x0000016228000000|  0%| F|  |TAMS 0x0000016226000000, 0x0000016226000000| Untracked 
| 288|0x0000016228000000, 0x0000016228000000, 0x000001622a000000|  0%| F|  |TAMS 0x0000016228000000, 0x0000016228000000| Untracked 
| 289|0x000001622a000000, 0x000001622a000000, 0x000001622c000000|  0%| F|  |TAMS 0x000001622a000000, 0x000001622a000000| Untracked 
| 290|0x000001622c000000, 0x000001622c000000, 0x000001622e000000|  0%| F|  |TAMS 0x000001622c000000, 0x000001622c000000| Untracked 
| 291|0x000001622e000000, 0x000001622e000000, 0x0000016230000000|  0%| F|  |TAMS 0x000001622e000000, 0x000001622e000000| Untracked 
| 292|0x0000016230000000, 0x0000016230000000, 0x0000016232000000|  0%| F|  |TAMS 0x0000016230000000, 0x0000016230000000| Untracked 
| 293|0x0000016232000000, 0x0000016232000000, 0x0000016234000000|  0%| F|  |TAMS 0x0000016232000000, 0x0000016232000000| Untracked 
| 294|0x0000016234000000, 0x0000016234000000, 0x0000016236000000|  0%| F|  |TAMS 0x0000016234000000, 0x0000016234000000| Untracked 
| 295|0x0000016236000000, 0x0000016236000000, 0x0000016238000000|  0%| F|  |TAMS 0x0000016236000000, 0x0000016236000000| Untracked 
| 296|0x0000016238000000, 0x0000016238000000, 0x000001623a000000|  0%| F|  |TAMS 0x0000016238000000, 0x0000016238000000| Untracked 
| 297|0x000001623a000000, 0x000001623a000000, 0x000001623c000000|  0%| F|  |TAMS 0x000001623a000000, 0x000001623a000000| Untracked 
| 298|0x000001623c000000, 0x000001623c000000, 0x000001623e000000|  0%| F|  |TAMS 0x000001623c000000, 0x000001623c000000| Untracked 
| 299|0x000001623e000000, 0x000001623e000000, 0x0000016240000000|  0%| F|  |TAMS 0x000001623e000000, 0x000001623e000000| Untracked 
| 300|0x0000016240000000, 0x0000016240000000, 0x0000016242000000|  0%| F|  |TAMS 0x0000016240000000, 0x0000016240000000| Untracked 
| 301|0x0000016242000000, 0x0000016242000000, 0x0000016244000000|  0%| F|  |TAMS 0x0000016242000000, 0x0000016242000000| Untracked 
| 302|0x0000016244000000, 0x0000016244000000, 0x0000016246000000|  0%| F|  |TAMS 0x0000016244000000, 0x0000016244000000| Untracked 
| 303|0x0000016246000000, 0x0000016246000000, 0x0000016248000000|  0%| F|  |TAMS 0x0000016246000000, 0x0000016246000000| Untracked 
| 304|0x0000016248000000, 0x0000016248000000, 0x000001624a000000|  0%| F|  |TAMS 0x0000016248000000, 0x0000016248000000| Untracked 
| 305|0x000001624a000000, 0x000001624c000000, 0x000001624c000000|100%| S|CS|TAMS 0x000001624a000000, 0x000001624a000000| Complete 
| 306|0x000001624c000000, 0x000001624c000000, 0x000001624e000000|  0%| F|  |TAMS 0x000001624c000000, 0x000001624c000000| Untracked 
| 307|0x000001624e000000, 0x000001624e000000, 0x0000016250000000|  0%| F|  |TAMS 0x000001624e000000, 0x000001624e000000| Untracked 
| 308|0x0000016250000000, 0x0000016252000000, 0x0000016252000000|100%| S|CS|TAMS 0x0000016250000000, 0x0000016250000000| Complete 
| 309|0x0000016252000000, 0x0000016252000000, 0x0000016254000000|  0%| F|  |TAMS 0x0000016252000000, 0x0000016252000000| Untracked 
| 310|0x0000016254000000, 0x0000016254000000, 0x0000016256000000|  0%| F|  |TAMS 0x0000016254000000, 0x0000016254000000| Untracked 
| 311|0x0000016256000000, 0x0000016256000000, 0x0000016258000000|  0%| F|  |TAMS 0x0000016256000000, 0x0000016256000000| Untracked 
| 312|0x0000016258000000, 0x0000016258000000, 0x000001625a000000|  0%| F|  |TAMS 0x0000016258000000, 0x0000016258000000| Untracked 
| 313|0x000001625a000000, 0x000001625a000000, 0x000001625c000000|  0%| F|  |TAMS 0x000001625a000000, 0x000001625a000000| Untracked 
| 314|0x000001625c000000, 0x000001625c000000, 0x000001625e000000|  0%| F|  |TAMS 0x000001625c000000, 0x000001625c000000| Untracked 
| 315|0x000001625e000000, 0x000001625e000000, 0x0000016260000000|  0%| F|  |TAMS 0x000001625e000000, 0x000001625e000000| Untracked 
| 316|0x0000016260000000, 0x0000016260000000, 0x0000016262000000|  0%| F|  |TAMS 0x0000016260000000, 0x0000016260000000| Untracked 
| 317|0x0000016262000000, 0x0000016262000000, 0x0000016264000000|  0%| F|  |TAMS 0x0000016262000000, 0x0000016262000000| Untracked 
| 318|0x0000016264000000, 0x0000016264000000, 0x0000016266000000|  0%| F|  |TAMS 0x0000016264000000, 0x0000016264000000| Untracked 
| 319|0x0000016266000000, 0x0000016266000000, 0x0000016268000000|  0%| F|  |TAMS 0x0000016266000000, 0x0000016266000000| Untracked 
| 320|0x0000016268000000, 0x0000016268000000, 0x000001626a000000|  0%| F|  |TAMS 0x0000016268000000, 0x0000016268000000| Untracked 
| 321|0x000001626a000000, 0x000001626a000000, 0x000001626c000000|  0%| F|  |TAMS 0x000001626a000000, 0x000001626a000000| Untracked 
| 322|0x000001626c000000, 0x000001626c000000, 0x000001626e000000|  0%| F|  |TAMS 0x000001626c000000, 0x000001626c000000| Untracked 
|2047|0x0000016fe6000000, 0x0000016fe8000000, 0x0000016fe8000000|100%| O|  |TAMS 0x0000016fe8000000, 0x0000016fe6000000| Untracked 

Card table byte_map: [0x0000015f88210000,0x0000015f90210000] _byte_map_base: 0x0000015ed82d0000

Marking Bits (Prev, Next): (CMBitMap*) 0x0000015fd0cf1b00, (CMBitMap*) 0x0000015fd0cf1b40
 Prev Bits: [0x0000016fe8000000, 0x0000017028000000)
 Next Bits: [0x0000017028000000, 0x0000017068000000)

Polling page: 0x0000015fcecb0000

Metaspace:

Usage:
  Non-class:     21.55 MB used.
      Class:      3.56 MB used.
       Both:     25.11 MB used.

Virtual space:
  Non-class space:       64.00 MB reserved,      21.75 MB ( 34%) committed,  1 nodes.
      Class space:        1.00 GB reserved,       3.69 MB ( <1%) committed,  1 nodes.
             Both:        1.06 GB reserved,      25.44 MB (  2%) committed. 

Chunk freelists:
   Non-Class:  1.78 MB
       Class:  268.00 KB
        Both:  2.04 MB

MaxMetaspaceSize: unlimited
CompressedClassSpaceSize: 1.00 GB
Initial GC threshold: 21.00 MB
Current GC threshold: 41.56 MB
CDS: on
MetaspaceReclaimPolicy: balanced
 - commit_granule_bytes: 65536.
 - commit_granule_words: 8192.
 - virtual_space_node_default_size: 8388608.
 - enlarge_chunks_in_place: 1.
 - new_chunks_are_fully_committed: 0.
 - uncommit_free_chunks: 1.
 - use_allocation_guard: 0.


Internal statistics:

num_allocs_failed_limit: 6.
num_arena_births: 402.
num_arena_deaths: 0.
num_vsnodes_births: 2.
num_vsnodes_deaths: 0.
num_space_committed: 407.
num_space_uncommitted: 0.
num_chunks_returned_to_freelist: 6.
num_chunks_taken_from_freelist: 1070.
num_chunk_merges: 6.
num_chunk_splits: 753.
num_chunks_enlarged: 588.
num_inconsistent_stats: 0.

CodeHeap 'non-profiled nmethods': size=120000Kb used=2465Kb max_used=2876Kb free=117534Kb
 bounds [0x0000015fe06e0000, 0x0000015fe09b0000, 0x0000015fe7c10000]
CodeHeap 'profiled nmethods': size=120000Kb used=5917Kb max_used=8536Kb free=114082Kb
 bounds [0x0000015fd8c10000, 0x0000015fd9470000, 0x0000015fe0140000]
CodeHeap 'non-nmethods': size=5760Kb used=1578Kb max_used=1643Kb free=4182Kb
 bounds [0x0000015fe0140000, 0x0000015fe03b0000, 0x0000015fe06e0000]
 total_blobs=4565 nmethods=3693 adapters=780
 compilation: enabled
              stopped_count=0, restarted_count=0
 full_count=0

Compilation events (20 events):
Event: 32.537 Thread 0x00000170681b51f0 nmethod 4560 0x0000015fe0795d90 code [0x0000015fe0795fa0, 0x0000015fe0796fa8]
Event: 32.538 Thread 0x00000170681b51f0 4551       4       java.lang.Boolean::equals (29 bytes)
Event: 32.539 Thread 0x00000170681b51f0 nmethod 4551 0x0000015fe0737d90 code [0x0000015fe0737f20, 0x0000015fe0737ff8]
Event: 32.539 Thread 0x00000170681b51f0 4555       4       javafx.scene.shape.Shape3D$2$$Lambda$799/0x00000008013acbc8::changed (17 bytes)
Event: 32.540 Thread 0x00000170756226a0 nmethod 4544 0x0000015fe07cae10 code [0x0000015fe07cafa0, 0x0000015fe07cb1b8]
Event: 32.540 Thread 0x00000170756226a0 4520       4       com.sun.javafx.geom.transform.Identity::deriveWithNewTransform (5 bytes)
Event: 32.541 Thread 0x00000170681b51f0 nmethod 4555 0x0000015fe074a810 code [0x0000015fe074a9a0, 0x0000015fe074aaf8]
Event: 32.541 Thread 0x00000170681b51f0 4550       4       com.sun.javafx.geom.transform.BaseTransform::getInstance (52 bytes)
Event: 32.553 Thread 0x00000170681b51f0 nmethod 4550 0x0000015fe087da10 code [0x0000015fe087dca0, 0x0000015fe087e3f0]
Event: 32.554 Thread 0x00000170756226a0 nmethod 4520 0x0000015fe06f1690 code [0x0000015fe06f1920, 0x0000015fe06f2090]
Event: 32.554 Thread 0x00000170681b51f0 4518       4       com.sun.javafx.geom.RectBounds::equals (82 bytes)
Event: 32.554 Thread 0x00000170756226a0 4515       4       com.sun.javafx.geom.BoxBounds::unionWith (112 bytes)
Event: 32.555 Thread 0x00000170681b51f0 nmethod 4518 0x0000015fe06e6f10 code [0x0000015fe06e70a0, 0x0000015fe06e7178]
Event: 32.555 Thread 0x00000170681b51f0 4527       4       com.sun.javafx.sg.prism.NGNode::setParent (11 bytes)
Event: 32.556 Thread 0x00000170756226a0 nmethod 4515 0x0000015fe06ee090 code [0x0000015fe06ee220, 0x0000015fe06ee338]
Event: 32.556 Thread 0x00000170756226a0 4510       4       javafx.scene.shape.TriangleMesh::updatePG (118 bytes)
Event: 32.557 Thread 0x00000170681b51f0 nmethod 4527 0x0000015fe08e3990 code [0x0000015fe08e3b00, 0x0000015fe08e3c58]
Event: 32.558 Thread 0x00000170756226a0 nmethod 4510 0x0000015fe0751790 code [0x0000015fe0751920, 0x0000015fe0751a38]
Event: 32.561 Thread 0x00000170756226a0 4565 %     4       javafx.scene.Scene$ScenePulseListener::synchronizeSceneNodes @ 49 (114 bytes)
Event: 32.571 Thread 0x00000170756226a0 nmethod 4565% 0x0000015fe06f3290 code [0x0000015fe06f3440, 0x0000015fe06f3838]

GC Heap History (20 events):
Event: 23.544 GC heap after
{Heap after GC invocations=16 (full 0):
 garbage-first heap   total 1179648K, used 406394K [0x0000015fe8000000, 0x0000016fe8000000)
  region size 32768K, 1 young (32768K), 1 survivors (32768K)
 Metaspace       used 25210K, committed 25536K, reserved 1114112K
  class space    used 3578K, committed 3712K, reserved 1048576K
}
Event: 23.690 GC heap before
{Heap before GC invocations=16 (full 0):
 garbage-first heap   total 1179648K, used 504698K [0x0000015fe8000000, 0x0000016fe8000000)
  region size 32768K, 4 young (131072K), 1 survivors (32768K)
 Metaspace       used 25210K, committed 25536K, reserved 1114112K
  class space    used 3578K, committed 3712K, reserved 1048576K
}
Event: 23.765 GC heap after
{Heap after GC invocations=17 (full 0):
 garbage-first heap   total 1179648K, used 499465K [0x0000015fe8000000, 0x0000016fe8000000)
  region size 32768K, 1 young (32768K), 1 survivors (32768K)
 Metaspace       used 25210K, committed 25536K, reserved 1114112K
  class space    used 3578K, committed 3712K, reserved 1048576K
}
Event: 23.887 GC heap before
{Heap before GC invocations=18 (full 0):
 garbage-first heap   total 1179648K, used 630537K [0x0000015fe8000000, 0x0000016fe8000000)
  region size 32768K, 5 young (163840K), 1 survivors (32768K)
 Metaspace       used 25210K, committed 25536K, reserved 1114112K
  class space    used 3578K, committed 3712K, reserved 1048576K
}
Event: 24.019 GC heap after
{Heap after GC invocations=19 (full 0):
 garbage-first heap   total 3538944K, used 626258K [0x0000015fe8000000, 0x0000016fe8000000)
  region size 32768K, 1 young (32768K), 1 survivors (32768K)
 Metaspace       used 25210K, committed 25536K, reserved 1114112K
  class space    used 3578K, committed 3712K, reserved 1048576K
}
Event: 24.358 GC heap before
{Heap before GC invocations=19 (full 0):
 garbage-first heap   total 3538944K, used 724562K [0x0000015fe8000000, 0x0000016fe8000000)
  region size 32768K, 5 young (163840K), 1 survivors (32768K)
 Metaspace       used 25210K, committed 25536K, reserved 1114112K
  class space    used 3578K, committed 3712K, reserved 1048576K
}
Event: 24.594 GC heap after
{Heap after GC invocations=20 (full 0):
 garbage-first heap   total 3538944K, used 736152K [0x0000015fe8000000, 0x0000016fe8000000)
  region size 32768K, 1 young (32768K), 1 survivors (32768K)
 Metaspace       used 25210K, committed 25536K, reserved 1114112K
  class space    used 3578K, committed 3712K, reserved 1048576K
}
Event: 24.681 GC heap before
{Heap before GC invocations=20 (full 0):
 garbage-first heap   total 3538944K, used 867224K [0x0000015fe8000000, 0x0000016fe8000000)
  region size 32768K, 5 young (163840K), 1 survivors (32768K)
 Metaspace       used 25210K, committed 25536K, reserved 1114112K
  class space    used 3578K, committed 3712K, reserved 1048576K
}
Event: 24.796 GC heap after
{Heap after GC invocations=21 (full 0):
 garbage-first heap   total 3538944K, used 863840K [0x0000015fe8000000, 0x0000016fe8000000)
  region size 32768K, 1 young (32768K), 1 survivors (32768K)
 Metaspace       used 25210K, committed 25536K, reserved 1114112K
  class space    used 3578K, committed 3712K, reserved 1048576K
}
Event: 24.887 GC heap before
{Heap before GC invocations=21 (full 0):
 garbage-first heap   total 3538944K, used 994912K [0x0000015fe8000000, 0x0000016fe8000000)
  region size 32768K, 5 young (163840K), 1 survivors (32768K)
 Metaspace       used 25210K, committed 25536K, reserved 1114112K
  class space    used 3578K, committed 3712K, reserved 1048576K
}
Event: 24.985 GC heap after
{Heap after GC invocations=22 (full 0):
 garbage-first heap   total 3538944K, used 991478K [0x0000015fe8000000, 0x0000016fe8000000)
  region size 32768K, 1 young (32768K), 1 survivors (32768K)
 Metaspace       used 25210K, committed 25536K, reserved 1114112K
  class space    used 3578K, committed 3712K, reserved 1048576K
}
Event: 25.399 GC heap before
{Heap before GC invocations=22 (full 0):
 garbage-first heap   total 3538944K, used 1122550K [0x0000015fe8000000, 0x0000016fe8000000)
  region size 32768K, 5 young (163840K), 1 survivors (32768K)
 Metaspace       used 25210K, committed 25536K, reserved 1114112K
  class space    used 3578K, committed 3712K, reserved 1048576K
}
Event: 25.552 GC heap after
{Heap after GC invocations=23 (full 0):
 garbage-first heap   total 10616832K, used 1116991K [0x0000015fe8000000, 0x0000016fe8000000)
  region size 32768K, 1 young (32768K), 1 survivors (32768K)
 Metaspace       used 25210K, committed 25536K, reserved 1114112K
  class space    used 3578K, committed 3712K, reserved 1048576K
}
Event: 26.521 GC heap before
{Heap before GC invocations=23 (full 0):
 garbage-first heap   total 10616832K, used 1608511K [0x0000015fe8000000, 0x0000016fe8000000)
  region size 32768K, 16 young (524288K), 1 survivors (32768K)
 Metaspace       used 25210K, committed 25536K, reserved 1114112K
  class space    used 3578K, committed 3712K, reserved 1048576K
}
Event: 26.891 GC heap after
{Heap after GC invocations=24 (full 0):
 garbage-first heap   total 10616832K, used 1579762K [0x0000015fe8000000, 0x0000016fe8000000)
  region size 32768K, 2 young (65536K), 2 survivors (65536K)
 Metaspace       used 25210K, committed 25536K, reserved 1114112K
  class space    used 3578K, committed 3712K, reserved 1048576K
}
Event: 27.930 GC heap before
{Heap before GC invocations=24 (full 0):
 garbage-first heap   total 10616832K, used 2038514K [0x0000015fe8000000, 0x0000016fe8000000)
  region size 32768K, 16 young (524288K), 2 survivors (65536K)
 Metaspace       used 25292K, committed 25664K, reserved 1114112K
  class space    used 3597K, committed 3776K, reserved 1048576K
}
Event: 28.443 GC heap after
{Heap after GC invocations=25 (full 0):
 garbage-first heap   total 10616832K, used 1998324K [0x0000015fe8000000, 0x0000016fe8000000)
  region size 32768K, 2 young (65536K), 2 survivors (65536K)
 Metaspace       used 25292K, committed 25664K, reserved 1114112K
  class space    used 3597K, committed 3776K, reserved 1048576K
}
Event: 31.286 GC heap before
{Heap before GC invocations=25 (full 0):
 garbage-first heap   total 10616832K, used 2424308K [0x0000015fe8000000, 0x0000016fe8000000)
  region size 32768K, 16 young (524288K), 2 survivors (65536K)
 Metaspace       used 25477K, committed 25856K, reserved 1114112K
  class space    used 3619K, committed 3776K, reserved 1048576K
}
Event: 31.565 GC heap after
{Heap after GC invocations=26 (full 0):
 garbage-first heap   total 10616832K, used 2180839K [0x0000015fe8000000, 0x0000016fe8000000)
  region size 32768K, 2 young (65536K), 2 survivors (65536K)
 Metaspace       used 25477K, committed 25856K, reserved 1114112K
  class space    used 3619K, committed 3776K, reserved 1048576K
}
Event: 32.944 GC heap before
{Heap before GC invocations=26 (full 0):
 garbage-first heap   total 10616832K, used 2639591K [0x0000015fe8000000, 0x0000016fe8000000)
  region size 32768K, 16 young (524288K), 2 survivors (65536K)
 Metaspace       used 25708K, committed 26048K, reserved 1114112K
  class space    used 3640K, committed 3776K, reserved 1048576K
}

Dll operation events (20 events):
Event: 0.840 Loaded shared library C:\Users\celia\.openjfx\cache\19+11\amd64\api-ms-win-crt-math-l1-1-0.dll
Event: 0.844 Loaded shared library C:\Users\celia\.openjfx\cache\19+11\amd64\api-ms-win-crt-multibyte-l1-1-0.dll
Event: 0.849 Loaded shared library C:\Users\celia\.openjfx\cache\19+11\amd64\api-ms-win-crt-private-l1-1-0.dll
Event: 0.854 Loaded shared library C:\Users\celia\.openjfx\cache\19+11\amd64\api-ms-win-crt-process-l1-1-0.dll
Event: 0.858 Loaded shared library C:\Users\celia\.openjfx\cache\19+11\amd64\api-ms-win-crt-runtime-l1-1-0.dll
Event: 0.863 Loaded shared library C:\Users\celia\.openjfx\cache\19+11\amd64\api-ms-win-crt-stdio-l1-1-0.dll
Event: 0.868 Loaded shared library C:\Users\celia\.openjfx\cache\19+11\amd64\api-ms-win-crt-string-l1-1-0.dll
Event: 0.873 Loaded shared library C:\Users\celia\.openjfx\cache\19+11\amd64\api-ms-win-crt-time-l1-1-0.dll
Event: 0.879 Loaded shared library C:\Users\celia\.openjfx\cache\19+11\amd64\api-ms-win-crt-utility-l1-1-0.dll
Event: 0.905 Loaded shared library C:\Users\celia\.openjfx\cache\19+11\amd64\ucrtbase.dll
Event: 0.912 Loaded shared library C:\Users\celia\.openjfx\cache\19+11\amd64\vcruntime140.dll
Event: 0.917 Loaded shared library C:\Users\celia\.openjfx\cache\19+11\amd64\vcruntime140_1.dll
Event: 0.934 Loaded shared library C:\Users\celia\.openjfx\cache\19+11\amd64\msvcp140.dll
Event: 0.940 Loaded shared library C:\Users\celia\.openjfx\cache\19+11\amd64\msvcp140_1.dll
Event: 0.950 Loaded shared library C:\Users\celia\.openjfx\cache\19+11\amd64\msvcp140_2.dll
Event: 1.029 Loaded shared library C:\Users\celia\.openjfx\cache\19+11\amd64\prism_d3d.dll
Event: 1.075 Loaded shared library C:\Program Files\Java\jdk-19\bin\jimage.dll
Event: 1.097 Loaded shared library C:\Users\celia\.openjfx\cache\19+11\amd64\glass.dll
Event: 1.534 Loaded shared library C:\Users\celia\.openjfx\cache\19+11\amd64\javafx_font.dll
Event: 1.970 Loaded shared library C:\Program Files\Java\jdk-19\bin\sunmscapi.dll

Deoptimization events (20 events):
Event: 32.135 Thread 0x000001706f6f1750 DEOPT PACKING pc=0x0000015fd941010e sp=0x00000020737fe060
Event: 32.135 Thread 0x000001706f6f1750 DEOPT UNPACKING pc=0x0000015fe01a7543 sp=0x00000020737fd590 mode 0
Event: 32.144 Thread 0x000001706f6f1750 Uncommon trap: trap_request=0xffffff45 fr.pc=0x0000015fe098e36c relative=0x0000000000000a0c
Event: 32.144 Thread 0x000001706f6f1750 Uncommon trap: reason=unstable_if action=reinterpret pc=0x0000015fe098e36c method=javafx.scene.Parent.createCachedBounds(Ljava/util/List;)V @ 330 c2
Event: 32.144 Thread 0x000001706f6f1750 DEOPT PACKING pc=0x0000015fe098e36c sp=0x00000020737fe110
Event: 32.144 Thread 0x000001706f6f1750 DEOPT UNPACKING pc=0x0000015fe01a6da3 sp=0x00000020737fe098 mode 2
Event: 32.178 Thread 0x000001706f6f1750 Uncommon trap: trap_request=0xffffff45 fr.pc=0x0000015fe096f90c relative=0x00000000000002cc
Event: 32.178 Thread 0x000001706f6f1750 Uncommon trap: reason=unstable_if action=reinterpret pc=0x0000015fe096f90c method=com.sun.javafx.geom.transform.Affine3D.updateState()V @ 80 c2
Event: 32.178 Thread 0x000001706f6f1750 DEOPT PACKING pc=0x0000015fe096f90c sp=0x00000020737fe030
Event: 32.178 Thread 0x000001706f6f1750 DEOPT UNPACKING pc=0x0000015fe01a6da3 sp=0x00000020737fdfc8 mode 2
Event: 32.178 Thread 0x000001706f6f1750 Uncommon trap: trap_request=0xffffff45 fr.pc=0x0000015fe09768ec relative=0x00000000000001ac
Event: 32.178 Thread 0x000001706f6f1750 Uncommon trap: reason=unstable_if action=reinterpret pc=0x0000015fe09768ec method=com.sun.javafx.geom.transform.AffineBase.calculateType()I @ 441 c2
Event: 32.178 Thread 0x000001706f6f1750 DEOPT PACKING pc=0x0000015fe09768ec sp=0x00000020737fe0d0
Event: 32.178 Thread 0x000001706f6f1750 DEOPT UNPACKING pc=0x0000015fe01a6da3 sp=0x00000020737fe050 mode 2
Event: 32.183 Thread 0x000001706f6f1750 Uncommon trap: trap_request=0xffffff45 fr.pc=0x0000015fe08ae944 relative=0x00000000000002e4
Event: 32.183 Thread 0x000001706f6f1750 Uncommon trap: reason=unstable_if action=reinterpret pc=0x0000015fe08ae944 method=javafx.scene.paint.PhongMaterial.setDirty(Z)V @ 6 c2
Event: 32.183 Thread 0x000001706f6f1750 DEOPT PACKING pc=0x0000015fe08ae944 sp=0x00000020737fe450
Event: 32.183 Thread 0x000001706f6f1750 DEOPT UNPACKING pc=0x0000015fe01a6da3 sp=0x00000020737fe420 mode 2
Event: 32.574 Thread 0x000001706f6f1750 DEOPT PACKING pc=0x0000015fd94641f8 sp=0x00000020737fe810
Event: 32.574 Thread 0x000001706f6f1750 DEOPT UNPACKING pc=0x0000015fe01a7543 sp=0x00000020737fdd28 mode 0

Classes loaded (20 events):
Event: 30.551 Loading class sun/text/resources/BreakIteratorResources
Event: 30.551 Loading class sun/util/resources/BreakIteratorResourceBundle
Event: 30.551 Loading class sun/util/resources/BreakIteratorResourceBundle done
Event: 30.551 Loading class sun/text/resources/BreakIteratorResources done
Event: 30.551 Loading class sun/text/resources/BreakIteratorResources_en
Event: 30.552 Loading class sun/text/resources/BreakIteratorResources_en done
Event: 30.552 Loading class sun/util/resources/Bundles$2
Event: 30.552 Loading class sun/util/resources/Bundles$2 done
Event: 30.554 Loading class sun/text/RuleBasedBreakIterator
Event: 30.554 Loading class sun/text/RuleBasedBreakIterator done
Event: 30.556 Loading class sun/text/CompactByteArray
Event: 30.557 Loading class sun/text/CompactByteArray done
Event: 30.557 Loading class sun/text/SupplementaryCharacterData
Event: 30.557 Loading class sun/text/SupplementaryCharacterData done
Event: 30.557 Loading class java/text/BreakIterator$BreakIteratorCache
Event: 30.557 Loading class java/text/BreakIterator$BreakIteratorCache done
Event: 32.181 Loading class java/nio/HeapIntBuffer
Event: 32.181 Loading class java/nio/HeapIntBuffer done
Event: 32.189 Loading class java/lang/NegativeArraySizeException
Event: 32.189 Loading class java/lang/NegativeArraySizeException done

Classes unloaded (0 events):
No events

Classes redefined (0 events):
No events

Internal exceptions (20 events):
Event: 5.633 Thread 0x000001706f6f1750 Exception <a 'java/lang/ClassNotFoundException'{0x0000015fefe84528}: com/sun/javafx/scene/control/skin/resources/controls> (0x0000015fefe84528) 
thrown [s\open\src\hotspot\share\prims\jni.cpp, line 536]
Event: 5.634 Thread 0x000001706f6f1750 Exception <a 'java/lang/ClassNotFoundException'{0x0000015fefe93ed0}: com/sun/javafx/scene/control/skin/resources/controls_en> (0x0000015fefe93ed0) 
thrown [s\open\src\hotspot\share\prims\jni.cpp, line 536]
Event: 5.634 Thread 0x000001706f6f1750 Exception <a 'java/lang/ClassNotFoundException'{0x0000015fefe951c0}: com/sun/javafx/scene/control/skin/resources/controls_en_GB> (0x0000015fefe951c0) 
thrown [s\open\src\hotspot\share\prims\jni.cpp, line 536]
Event: 5.708 Thread 0x000001706f6f1750 Implicit null exception at 0x0000015fe07e3094 to 0x0000015fe07e3940
Event: 5.957 Thread 0x000001706f6f1750 Exception <a 'java/lang/NoSuchMethodError'{0x0000015fee358040}: 'int java.lang.invoke.DirectMethodHandle$Holder.invokeSpecial(java.lang.Object, java.lang.Object, int)'> (0x0000015fee358040) 
thrown [s\open\src\hotspot\share\interpreter\linkResolver.cpp, line 774]
Event: 5.962 Thread 0x000001706f6f1750 Implicit null exception at 0x0000015fe07c9bc0 to 0x0000015fe07ca450
Event: 6.034 Thread 0x000001706f6f1750 Exception <a 'java/lang/NoSuchMethodError'{0x0000015fee578000}: 'void java.lang.invoke.DirectMethodHandle$Holder.invokeSpecialIFC(java.lang.Object, java.lang.Object, java.lang.Object, java.lang.Object)'> (0x0000015fee578000) 
thrown [s\open\src\hotspot\share\interpreter\linkResolver.cpp, line 774]
Event: 6.123 Thread 0x000001706f6f1750 Implicit null exception at 0x0000015fe0803036 to 0x0000015fe0803814
Event: 6.264 Thread 0x000001706f6f1750 Exception <a 'java/lang/NoSuchMethodError'{0x0000015feea616e0}: 'void java.lang.invoke.DirectMethodHandle$Holder.invokeSpecial(java.lang.Object, java.lang.Object, int, int)'> (0x0000015feea616e0) 
thrown [s\open\src\hotspot\share\interpreter\linkResolver.cpp, line 774]
Event: 6.265 Thread 0x000001706f6f1750 Exception <a 'java/lang/NoSuchMethodError'{0x0000015feea69af0}: 'java.lang.Object java.lang.invoke.DirectMethodHandle$Holder.newInvokeSpecial(java.lang.Object, java.lang.Object, int, int)'> (0x0000015feea69af0) 
thrown [s\open\src\hotspot\share\interpreter\linkResolver.cpp, line 774]
Event: 6.265 Thread 0x000001706f6f1750 Exception <a 'java/lang/NoSuchMethodError'{0x0000015feea6ef80}: 'java.lang.Object java.lang.invoke.DirectMethodHandle$Holder.invokeSpecial(java.lang.Object, java.lang.Object, java.lang.Object, int, int)'> (0x0000015feea6ef80) 
thrown [s\open\src\hotspot\share\interpreter\linkResolver.cpp, line 774]
Event: 6.273 Thread 0x000001706f6f1750 Exception <a 'java/lang/NoSuchMethodError'{0x0000015feea80468}: 'java.lang.Object java.lang.invoke.DirectMethodHandle$Holder.newInvokeSpecial(java.lang.Object, java.lang.Object, int)'> (0x0000015feea80468) 
thrown [s\open\src\hotspot\share\interpreter\linkResolver.cpp, line 774]
Event: 6.614 Thread 0x000001706f51b7f0 Exception <a 'java/lang/NoSuchMethodError'{0x0000015fef1fb3a8}: 'java.lang.Object java.lang.invoke.DirectMethodHandle$Holder.invokeStaticInit(java.lang.Object, int)'> (0x0000015fef1fb3a8) 
thrown [s\open\src\hotspot\share\interpreter\linkResolver.cpp, line 774]
Event: 27.215 Thread 0x000001706f6f1750 Implicit null exception at 0x0000015fe08d0f2c to 0x0000015fe08d44d4
Event: 27.215 Thread 0x000001706f6f1750 Implicit null exception at 0x0000015fe08c15e8 to 0x0000015fe08c370c
Event: 27.543 Thread 0x000001706f6f1750 Implicit null exception at 0x0000015fe08e3b53 to 0x0000015fe08e3bec
Event: 29.509 Thread 0x000001706f6f1750 Exception <a 'java/lang/NoSuchMethodError'{0x00000162658d60b0}: 'long java.lang.invoke.DirectMethodHandle$Holder.invokeStatic(java.lang.Object, java.lang.Object, java.lang.Object)'> (0x00000162658d60b0) 
thrown [s\open\src\hotspot\share\interpreter\linkResolver.cpp, line 774]
Event: 29.510 Thread 0x000001706f6f1750 Exception <a 'java/lang/NoSuchMethodError'{0x00000162658da518}: 'long java.lang.invoke.DirectMethodHandle$Holder.invokeStaticInit(java.lang.Object, java.lang.Object, java.lang.Object)'> (0x00000162658da518) 
thrown [s\open\src\hotspot\share\interpreter\linkResolver.cpp, line 774]
Event: 29.512 Thread 0x000001706f6f1750 Exception <a 'java/lang/NoSuchMethodError'{0x00000162658f9938}: 'java.lang.Object java.lang.invoke.DirectMethodHandle$Holder.newInvokeSpecial(java.lang.Object, java.lang.Object, long)'> (0x00000162658f9938) 
thrown [s\open\src\hotspot\share\interpreter\linkResolver.cpp, line 774]
Event: 29.512 Thread 0x000001706f6f1750 Exception <a 'java/lang/NoSuchMethodError'{0x00000162658fe3d8}: 'java.lang.Object java.lang.invoke.Invokers$Holder.linkToTargetMethod(java.lang.Object, long, java.lang.Object)'> (0x00000162658fe3d8) 
thrown [s\open\src\hotspot\share\interpreter\linkResolver.cpp, line 774]

VM Operations (20 events):
Event: 26.891 Executing VM operation: G1CollectForAllocation done
Event: 27.892 Executing VM operation: Cleanup
Event: 27.892 Executing VM operation: Cleanup done
Event: 27.930 Executing VM operation: G1CollectForAllocation
Event: 28.443 Executing VM operation: G1CollectForAllocation done
Event: 30.444 Executing VM operation: Cleanup
Event: 30.444 Executing VM operation: Cleanup done
Event: 31.286 Executing VM operation: G1CollectForAllocation
Event: 31.566 Executing VM operation: G1CollectForAllocation done
Event: 32.180 Executing VM operation: HandshakeAllThreads
Event: 32.180 Executing VM operation: HandshakeAllThreads done
Event: 32.182 Executing VM operation: HandshakeAllThreads
Event: 32.182 Executing VM operation: HandshakeAllThreads done
Event: 32.434 Executing VM operation: HandshakeAllThreads
Event: 32.434 Executing VM operation: HandshakeAllThreads done
Event: 32.488 Executing VM operation: HandshakeAllThreads
Event: 32.488 Executing VM operation: HandshakeAllThreads done
Event: 32.509 Executing VM operation: HandshakeAllThreads
Event: 32.509 Executing VM operation: HandshakeAllThreads done
Event: 32.944 Executing VM operation: G1CollectForAllocation

Events (20 events):
Event: 32.518 Thread 0x00000170681cc060 flushing nmethod 0x0000015fd9419b90
Event: 32.518 Thread 0x00000170681cc060 flushing nmethod 0x0000015fd941a210
Event: 32.518 Thread 0x00000170681cc060 flushing nmethod 0x0000015fd941c390
Event: 32.518 Thread 0x00000170681cc060 flushing nmethod 0x0000015fd9424910
Event: 32.518 Thread 0x00000170681cc060 flushing nmethod 0x0000015fd9424c10
Event: 32.518 Thread 0x00000170681cc060 flushing nmethod 0x0000015fd9425990
Event: 32.518 Thread 0x00000170681cc060 flushing nmethod 0x0000015fd9427290
Event: 32.518 Thread 0x00000170681cc060 flushing nmethod 0x0000015fd9427f10
Event: 32.518 Thread 0x00000170681cc060 flushing nmethod 0x0000015fd9429510
Event: 32.518 Thread 0x00000170681cc060 flushing nmethod 0x0000015fd942a090
Event: 32.518 Thread 0x00000170681cc060 flushing nmethod 0x0000015fd942b790
Event: 32.518 Thread 0x00000170681cc060 flushing nmethod 0x0000015fd942ce90
Event: 32.518 Thread 0x00000170681cc060 flushing nmethod 0x0000015fd942dd10
Event: 32.518 Thread 0x00000170681cc060 flushing nmethod 0x0000015fd942e990
Event: 32.518 Thread 0x00000170681cc060 flushing nmethod 0x0000015fd942f990
Event: 32.518 Thread 0x00000170681cc060 flushing nmethod 0x0000015fd9430490
Event: 32.518 Thread 0x00000170681cc060 flushing nmethod 0x0000015fd9433910
Event: 32.518 Thread 0x00000170681cc060 flushing nmethod 0x0000015fd9442090
Event: 32.518 Thread 0x00000170681cc060 flushing nmethod 0x0000015fd945b990
Event: 32.518 Thread 0x00000170681cc060 flushing nmethod 0x0000015fd945c190


Dynamic libraries:
0x00007ff646380000 - 0x00007ff646390000 	C:\Program Files\Java\jdk-19\bin\java.exe
0x00007ffd9ac30000 - 0x00007ffd9ae44000 	C:\WINDOWS\SYSTEM32\ntdll.dll
0x00007ffd912b0000 - 0x00007ffd912c9000 	C:\Program Files\AVAST Software\Avast\aswhook.dll
0x00007ffd99fc0000 - 0x00007ffd9a082000 	C:\WINDOWS\System32\KERNEL32.DLL
0x00007ffd98240000 - 0x00007ffd985e3000 	C:\WINDOWS\System32\KERNELBASE.dll
0x00007ffd98030000 - 0x00007ffd98141000 	C:\WINDOWS\System32\ucrtbase.dll
0x00007ffd89e90000 - 0x00007ffd89eab000 	C:\Program Files\Java\jdk-19\bin\VCRUNTIME140.dll
0x00007ffd90f60000 - 0x00007ffd90f78000 	C:\Program Files\Java\jdk-19\bin\jli.dll
0x00007ffd98ea0000 - 0x00007ffd98f4e000 	C:\WINDOWS\System32\ADVAPI32.dll
0x00007ffd9a090000 - 0x00007ffd9a137000 	C:\WINDOWS\System32\msvcrt.dll
0x00007ffd9a4b0000 - 0x00007ffd9a554000 	C:\WINDOWS\System32\sechost.dll
0x00007ffd99150000 - 0x00007ffd99267000 	C:\WINDOWS\System32\RPCRT4.dll
0x00007ffd99ce0000 - 0x00007ffd99e8b000 	C:\WINDOWS\System32\USER32.dll
0x00007ffd985f0000 - 0x00007ffd98616000 	C:\WINDOWS\System32\win32u.dll
0x00007ffd7d1e0000 - 0x00007ffd7d46e000 	C:\WINDOWS\WinSxS\amd64_microsoft.windows.common-controls_6595b64144ccf1df_6.0.22621.1635_none_270f70857386168e\COMCTL32.dll
0x00007ffd99eb0000 - 0x00007ffd99ed9000 	C:\WINDOWS\System32\GDI32.dll
0x00007ffd986e0000 - 0x00007ffd987f9000 	C:\WINDOWS\System32\gdi32full.dll
0x00007ffd98800000 - 0x00007ffd9889a000 	C:\WINDOWS\System32\msvcp_win.dll
0x00007ffd8ee20000 - 0x00007ffd8ee2a000 	C:\WINDOWS\SYSTEM32\VERSION.dll
0x00007ffd9a650000 - 0x00007ffd9a681000 	C:\WINDOWS\System32\IMM32.DLL
0x00007ffd91140000 - 0x00007ffd9114c000 	C:\Program Files\Java\jdk-19\bin\vcruntime140_1.dll
0x00007ffd7fa10000 - 0x00007ffd7fa9e000 	C:\Program Files\Java\jdk-19\bin\msvcp140.dll
0x00007ffd29e50000 - 0x00007ffd2ab10000 	C:\Program Files\Java\jdk-19\bin\server\jvm.dll
0x00007ffd83d50000 - 0x00007ffd83d59000 	C:\WINDOWS\SYSTEM32\WSOCK32.dll
0x00007ffd90500000 - 0x00007ffd90534000 	C:\WINDOWS\SYSTEM32\WINMM.dll
0x00007ffd99460000 - 0x00007ffd994d1000 	C:\WINDOWS\System32\WS2_32.dll
0x00007ffd97170000 - 0x00007ffd97188000 	C:\WINDOWS\SYSTEM32\kernel.appcore.dll
0x00007ffd8f5e0000 - 0x00007ffd8f5ea000 	C:\Program Files\Java\jdk-19\bin\jimage.dll
0x00007ffd959a0000 - 0x00007ffd95bce000 	C:\WINDOWS\SYSTEM32\DBGHELP.DLL
0x00007ffd9a6a0000 - 0x00007ffd9aa29000 	C:\WINDOWS\System32\combase.dll
0x00007ffd9a350000 - 0x00007ffd9a427000 	C:\WINDOWS\System32\OLEAUT32.dll
0x00007ffd8f2b0000 - 0x00007ffd8f2e2000 	C:\WINDOWS\SYSTEM32\dbgcore.DLL
0x00007ffd98150000 - 0x00007ffd981cb000 	C:\WINDOWS\System32\bcryptPrimitives.dll
0x00007ffd8f450000 - 0x00007ffd8f45e000 	C:\Program Files\Java\jdk-19\bin\instrument.dll
0x00007ffd85220000 - 0x00007ffd85246000 	C:\Program Files\Java\jdk-19\bin\java.dll
0x00007ffd7e510000 - 0x00007ffd7e5e7000 	C:\Program Files\Java\jdk-19\bin\jsvml.dll
0x00007ffd994e0000 - 0x00007ffd99cda000 	C:\WINDOWS\System32\SHELL32.dll
0x00007ffd95fd0000 - 0x00007ffd9689e000 	C:\WINDOWS\SYSTEM32\windows.storage.dll
0x00007ffd95e90000 - 0x00007ffd95fce000 	C:\WINDOWS\SYSTEM32\wintypes.dll
0x00007ffd98f50000 - 0x00007ffd99041000 	C:\WINDOWS\System32\SHCORE.dll
0x00007ffd9a150000 - 0x00007ffd9a1ae000 	C:\WINDOWS\System32\shlwapi.dll
0x00007ffd97f60000 - 0x00007ffd97f81000 	C:\WINDOWS\SYSTEM32\profapi.dll
0x00007ffd83200000 - 0x00007ffd83213000 	C:\Program Files\Java\jdk-19\bin\net.dll
0x00007ffd92ef0000 - 0x00007ffd93027000 	C:\WINDOWS\SYSTEM32\WINHTTP.dll
0x00007ffd975e0000 - 0x00007ffd97649000 	C:\WINDOWS\system32\mswsock.dll
0x00007ffd82ca0000 - 0x00007ffd82cb6000 	C:\Program Files\Java\jdk-19\bin\nio.dll
0x00007ffd7f9f0000 - 0x00007ffd7fa08000 	C:\Program Files\Java\jdk-19\bin\zip.dll
0x00007ffd7f9d0000 - 0x00007ffd7f9ea000 	C:\Program Files\JetBrains\IntelliJ IDEA Community Edition 2023.1\bin\breakgen64.dll
0x0000015fe7f70000 - 0x0000015fe7f73000 	C:\Users\celia\.openjfx\cache\19+11\amd64\api-ms-win-core-console-l1-1-0.dll
0x0000015fe7f80000 - 0x0000015fe7f83000 	C:\Users\celia\.openjfx\cache\19+11\amd64\api-ms-win-core-console-l1-2-0.dll
0x0000015fe7f90000 - 0x0000015fe7f93000 	C:\Users\celia\.openjfx\cache\19+11\amd64\api-ms-win-core-datetime-l1-1-0.dll
0x0000015fe7fa0000 - 0x0000015fe7fa3000 	C:\Users\celia\.openjfx\cache\19+11\amd64\api-ms-win-core-debug-l1-1-0.dll
0x0000015fe7fb0000 - 0x0000015fe7fb3000 	C:\Users\celia\.openjfx\cache\19+11\amd64\api-ms-win-core-errorhandling-l1-1-0.dll
0x0000015fe7fc0000 - 0x0000015fe7fc4000 	C:\Users\celia\.openjfx\cache\19+11\amd64\api-ms-win-core-file-l1-1-0.dll
0x0000015fe7fd0000 - 0x0000015fe7fd3000 	C:\Users\celia\.openjfx\cache\19+11\amd64\api-ms-win-core-file-l1-2-0.dll
0x0000015fe7fe0000 - 0x0000015fe7fe3000 	C:\Users\celia\.openjfx\cache\19+11\amd64\api-ms-win-core-file-l2-1-0.dll
0x0000015fe7ff0000 - 0x0000015fe7ff3000 	C:\Users\celia\.openjfx\cache\19+11\amd64\api-ms-win-core-handle-l1-1-0.dll
0x000001706ab80000 - 0x000001706ab83000 	C:\Users\celia\.openjfx\cache\19+11\amd64\api-ms-win-core-heap-l1-1-0.dll
0x000001706ab90000 - 0x000001706ab93000 	C:\Users\celia\.openjfx\cache\19+11\amd64\api-ms-win-core-interlocked-l1-1-0.dll
0x000001706aba0000 - 0x000001706aba3000 	C:\Users\celia\.openjfx\cache\19+11\amd64\api-ms-win-core-libraryloader-l1-1-0.dll
0x000001706abb0000 - 0x000001706abb3000 	C:\Users\celia\.openjfx\cache\19+11\amd64\api-ms-win-core-localization-l1-2-0.dll
0x000001706abc0000 - 0x000001706abc3000 	C:\Users\celia\.openjfx\cache\19+11\amd64\api-ms-win-core-memory-l1-1-0.dll
0x000001706abd0000 - 0x000001706abd3000 	C:\Users\celia\.openjfx\cache\19+11\amd64\api-ms-win-core-namedpipe-l1-1-0.dll
0x000001706abe0000 - 0x000001706abe3000 	C:\Users\celia\.openjfx\cache\19+11\amd64\api-ms-win-core-processenvironment-l1-1-0.dll
0x000001706abf0000 - 0x000001706abf3000 	C:\Users\celia\.openjfx\cache\19+11\amd64\api-ms-win-core-processthreads-l1-1-0.dll
0x000001706f800000 - 0x000001706f803000 	C:\Users\celia\.openjfx\cache\19+11\amd64\api-ms-win-core-processthreads-l1-1-1.dll
0x000001706f810000 - 0x000001706f813000 	C:\Users\celia\.openjfx\cache\19+11\amd64\api-ms-win-core-profile-l1-1-0.dll
0x000001706f820000 - 0x000001706f823000 	C:\Users\celia\.openjfx\cache\19+11\amd64\api-ms-win-core-rtlsupport-l1-1-0.dll
0x000001706f830000 - 0x000001706f833000 	C:\Users\celia\.openjfx\cache\19+11\amd64\api-ms-win-core-string-l1-1-0.dll
0x000001706f840000 - 0x000001706f843000 	C:\Users\celia\.openjfx\cache\19+11\amd64\api-ms-win-core-synch-l1-1-0.dll
0x000001706f850000 - 0x000001706f853000 	C:\Users\celia\.openjfx\cache\19+11\amd64\api-ms-win-core-synch-l1-2-0.dll
0x000001706f860000 - 0x000001706f863000 	C:\Users\celia\.openjfx\cache\19+11\amd64\api-ms-win-core-sysinfo-l1-1-0.dll
0x000001706f870000 - 0x000001706f873000 	C:\Users\celia\.openjfx\cache\19+11\amd64\api-ms-win-core-timezone-l1-1-0.dll
0x000001706f880000 - 0x000001706f883000 	C:\Users\celia\.openjfx\cache\19+11\amd64\api-ms-win-core-util-l1-1-0.dll
0x000001706f890000 - 0x000001706f893000 	C:\Users\celia\.openjfx\cache\19+11\amd64\api-ms-win-crt-conio-l1-1-0.dll
0x000001706f8a0000 - 0x000001706f8a4000 	C:\Users\celia\.openjfx\cache\19+11\amd64\api-ms-win-crt-convert-l1-1-0.dll
0x000001706f8b0000 - 0x000001706f8b3000 	C:\Users\celia\.openjfx\cache\19+11\amd64\api-ms-win-crt-environment-l1-1-0.dll
0x000001706f8c0000 - 0x000001706f8c3000 	C:\Users\celia\.openjfx\cache\19+11\amd64\api-ms-win-crt-filesystem-l1-1-0.dll
0x000001706f8d0000 - 0x000001706f8d3000 	C:\Users\celia\.openjfx\cache\19+11\amd64\api-ms-win-crt-heap-l1-1-0.dll
0x000001706f8e0000 - 0x000001706f8e3000 	C:\Users\celia\.openjfx\cache\19+11\amd64\api-ms-win-crt-locale-l1-1-0.dll
0x000001706f8f0000 - 0x000001706f8f5000 	C:\Users\celia\.openjfx\cache\19+11\amd64\api-ms-win-crt-math-l1-1-0.dll
0x000001706f900000 - 0x000001706f905000 	C:\Users\celia\.openjfx\cache\19+11\amd64\api-ms-win-crt-multibyte-l1-1-0.dll
0x000001706f910000 - 0x000001706f920000 	C:\Users\celia\.openjfx\cache\19+11\amd64\api-ms-win-crt-private-l1-1-0.dll
0x000001706f920000 - 0x000001706f923000 	C:\Users\celia\.openjfx\cache\19+11\amd64\api-ms-win-crt-process-l1-1-0.dll
0x000001706f930000 - 0x000001706f934000 	C:\Users\celia\.openjfx\cache\19+11\amd64\api-ms-win-crt-runtime-l1-1-0.dll
0x000001706f940000 - 0x000001706f944000 	C:\Users\celia\.openjfx\cache\19+11\amd64\api-ms-win-crt-stdio-l1-1-0.dll
0x000001706f950000 - 0x000001706f954000 	C:\Users\celia\.openjfx\cache\19+11\amd64\api-ms-win-crt-string-l1-1-0.dll
0x000001706f960000 - 0x000001706f963000 	C:\Users\celia\.openjfx\cache\19+11\amd64\api-ms-win-crt-time-l1-1-0.dll
0x000001706f970000 - 0x000001706f973000 	C:\Users\celia\.openjfx\cache\19+11\amd64\api-ms-win-crt-utility-l1-1-0.dll
0x00007ffd761d0000 - 0x00007ffd762cc000 	C:\Users\celia\.openjfx\cache\19+11\amd64\ucrtbase.dll
0x00007ffd7f030000 - 0x00007ffd7f04b000 	C:\Users\celia\.openjfx\cache\19+11\amd64\vcruntime140.dll
0x00007ffd82c90000 - 0x00007ffd82c9c000 	C:\Users\celia\.openjfx\cache\19+11\amd64\vcruntime140_1.dll
0x00007ffd7e410000 - 0x00007ffd7e49e000 	C:\Users\celia\.openjfx\cache\19+11\amd64\msvcp140.dll
0x00007ffd7f9a0000 - 0x00007ffd7f9a9000 	C:\Users\celia\.openjfx\cache\19+11\amd64\msvcp140_1.dll
0x00007ffd7f000000 - 0x00007ffd7f030000 	C:\Users\celia\.openjfx\cache\19+11\amd64\msvcp140_2.dll
0x00007ffd7efd0000 - 0x00007ffd7effc000 	C:\Users\celia\.openjfx\cache\19+11\amd64\prism_d3d.dll
0x00007ffd3fe60000 - 0x00007ffd40009000 	C:\WINDOWS\system32\d3d9.dll
0x00007ffd95450000 - 0x00007ffd9547b000 	C:\WINDOWS\SYSTEM32\dwmapi.dll
0x00007ffd95300000 - 0x00007ffd95338000 	C:\WINDOWS\SYSTEM32\dxcore.dll
0x00007ffd95220000 - 0x00007ffd952cb000 	C:\WINDOWS\system32\uxtheme.dll
0x00007ffd75ff0000 - 0x00007ffd761c7000 	C:\WINDOWS\System32\DriverStore\FileRepository\igdlh64.inf_amd64_7948ecc1af5c27e1\igdumdim64.dll
0x00007ffce0a10000 - 0x00007ffce3a0d000 	C:\WINDOWS\System32\DriverStore\FileRepository\igdlh64.inf_amd64_7948ecc1af5c27e1\igd9dxva64.dll
0x00007ffd9a1b0000 - 0x00007ffd9a34c000 	C:\WINDOWS\System32\ole32.dll
0x00007ffd8c2f0000 - 0x00007ffd8c338000 	C:\WINDOWS\SYSTEM32\directxdatabasehelper.dll
0x00007ffd7e390000 - 0x00007ffd7e3d2000 	C:\Users\celia\.openjfx\cache\19+11\amd64\glass.dll
0x00007ffd99050000 - 0x00007ffd99147000 	C:\WINDOWS\System32\COMDLG32.dll
0x00007ffd99330000 - 0x00007ffd99457000 	C:\WINDOWS\System32\MSCTF.dll
0x00007ffd858a0000 - 0x00007ffd87635000 	C:\WINDOWS\System32\DriverStore\FileRepository\igdlh64.inf_amd64_7948ecc1af5c27e1\igc64.dll
0x00007ffd7e9d0000 - 0x00007ffd7e9e4000 	C:\Users\celia\.openjfx\cache\19+11\amd64\javafx_font.dll
0x00007ffd93d80000 - 0x00007ffd93fe7000 	C:\WINDOWS\SYSTEM32\dwrite.dll
0x00007ffd851c0000 - 0x00007ffd851ce000 	C:\Program Files\Java\jdk-19\bin\sunmscapi.dll
0x00007ffd988a0000 - 0x00007ffd98a07000 	C:\WINDOWS\System32\CRYPT32.dll
0x00007ffd979d0000 - 0x00007ffd979fe000 	C:\WINDOWS\SYSTEM32\ncrypt.dll
0x00007ffd97990000 - 0x00007ffd979c7000 	C:\WINDOWS\SYSTEM32\NTASN1.dll
0x00007ffd97840000 - 0x00007ffd9785b000 	C:\WINDOWS\SYSTEM32\CRYPTSP.dll
0x00007ffd970e0000 - 0x00007ffd97115000 	C:\WINDOWS\system32\rsaenh.dll
0x00007ffd976e0000 - 0x00007ffd97708000 	C:\WINDOWS\SYSTEM32\USERENV.dll
0x00007ffd97a00000 - 0x00007ffd97a28000 	C:\WINDOWS\SYSTEM32\bcrypt.dll
0x00007ffd97860000 - 0x00007ffd9786c000 	C:\WINDOWS\SYSTEM32\CRYPTBASE.dll
0x00007ffd96b00000 - 0x00007ffd96b2d000 	C:\WINDOWS\SYSTEM32\IPHLPAPI.DLL
0x00007ffd98e90000 - 0x00007ffd98e99000 	C:\WINDOWS\System32\NSI.dll
0x00007ffd91290000 - 0x00007ffd912a9000 	C:\WINDOWS\SYSTEM32\dhcpcsvc6.DLL
0x00007ffd91270000 - 0x00007ffd9128f000 	C:\WINDOWS\SYSTEM32\dhcpcsvc.DLL
0x00007ffd96b70000 - 0x00007ffd96c63000 	C:\WINDOWS\SYSTEM32\DNSAPI.dll
0x00007ffd8c6e0000 - 0x00007ffd8c6ea000 	C:\Windows\System32\rasadhlp.dll
0x00007ffd8fc70000 - 0x00007ffd8fcf4000 	C:\WINDOWS\System32\fwpuclnt.dll
0x00007ffd99ee0000 - 0x00007ffd99f90000 	C:\WINDOWS\System32\clbcatq.dll
0x00007ffd93bd0000 - 0x00007ffd93d80000 	C:\WINDOWS\SYSTEM32\WindowsCodecs.dll

dbghelp: loaded successfully - version: 4.0.5 - missing functions: none
symbol engine: initialized successfully - sym options: 0x614 - pdb path: .;C:\Program Files\Java\jdk-19\bin;C:\WINDOWS\SYSTEM32;C:\Program Files\AVAST Software\Avast;C:\WINDOWS\WinSxS\amd64_microsoft.windows.common-controls_6595b64144ccf1df_6.0.22621.1635_none_270f70857386168e;C:\Program Files\Java\jdk-19\bin\server;C:\Program Files\JetBrains\IntelliJ IDEA Community Edition 2023.1\bin;C:\Users\celia\.openjfx\cache\19+11\amd64;C:\WINDOWS\System32\DriverStore\FileRepository\igdlh64.inf_amd64_7948ecc1af5c27e1;C:\Program Files\Common Files\Microsoft Shared\Ink

VM Arguments:
jvm_args: -Xmx64g -javaagent:C:\Program Files\JetBrains\IntelliJ IDEA Community Edition 2023.1\lib\idea_rt.jar=50618:C:\Program Files\JetBrains\IntelliJ IDEA Community Edition 2023.1\bin -Dfile.encoding=UTF-8 -Dsun.stdout.encoding=UTF-8 -Dsun.stderr.encoding=UTF-8 --module-path=C:\Users\celia\Documents\ESTUDIOS\MASTER BIOINFORMATICA TÜBINGEN\SS 23\ADVANCED JAVA FOR BIOINFORMATICS\ASSIGNMENTS_repository\advanced-java-for-bioinformatics-2023-celiagarcia3\Project\target\classes;C:\Users\celia\.m2\repository\javax\json\javax.json-api\1.1.3\javax.json-api-1.1.3.jar;C:\Users\celia\.m2\repository\org\glassfish\javax.json\1.1.3\javax.json-1.1.3.jar;C:\Users\celia\.m2\repository\org\openjfx\javafx-controls\19\javafx-controls-19-win.jar;C:\Users\celia\.m2\repository\org\openjfx\javafx-base\19\javafx-base-19-win.jar;C:\Users\celia\.m2\repository\org\openjfx\javafx-graphics\19\javafx-graphics-19-win.jar;C:\Users\celia\.m2\repository\org\openjfx\javafx-fxml\19\javafx-fxml-19-win.jar -Djdk.module.main=com.example.project 
java_command: com.example.project/com.example.project.MainPdbViewer
java_class_path (initial): C:\Users\celia\.m2\repository\org\openjfx\javafx-controls\19\javafx-controls-19.jar;C:\Users\celia\.m2\repository\org\openjfx\javafx-graphics\19\javafx-graphics-19.jar;C:\Users\celia\.m2\repository\org\openjfx\javafx-base\19\javafx-base-19.jar;C:\Users\celia\.m2\repository\org\openjfx\javafx-fxml\19\javafx-fxml-19.jar
Launcher Type: SUN_STANDARD

[Global flags]
     intx CICompilerCount                          = 4                                         {product} {ergonomic}
     uint ConcGCThreads                            = 2                                         {product} {ergonomic}
     uint G1ConcRefinementThreads                  = 8                                         {product} {ergonomic}
   size_t G1HeapRegionSize                         = 33554432                                  {product} {ergonomic}
    uintx GCDrainStackTargetSize                   = 64                                        {product} {ergonomic}
   size_t InitialHeapSize                          = 134217728                                 {product} {ergonomic}
   size_t MarkStackSize                            = 4194304                                   {product} {ergonomic}
   size_t MaxHeapSize                              = 68719476736                               {product} {command line}
   size_t MaxNewSize                               = 41204842496                               {product} {ergonomic}
   size_t MinHeapDeltaBytes                        = 33554432                                  {product} {ergonomic}
   size_t MinHeapSize                              = 33554432                                  {product} {ergonomic}
    uintx NonNMethodCodeHeapSize                   = 5839372                                {pd product} {ergonomic}
    uintx NonProfiledCodeHeapSize                  = 122909434                              {pd product} {ergonomic}
    uintx ProfiledCodeHeapSize                     = 122909434                              {pd product} {ergonomic}
    uintx ReservedCodeCacheSize                    = 251658240                              {pd product} {ergonomic}
     bool SegmentedCodeCache                       = true                                      {product} {ergonomic}
   size_t SoftMaxHeapSize                          = 68719476736                            {manageable} {ergonomic}
     bool UseCompressedClassPointers               = true                           {product lp64_product} {ergonomic}
     bool UseG1GC                                  = true                                      {product} {ergonomic}
     bool UseLargePagesIndividualAllocation        = false                                  {pd product} {ergonomic}

Logging:
Log output configuration:
 #0: stdout all=warning uptime,level,tags foldmultilines=false
 #1: stderr all=off uptime,level,tags foldmultilines=false

Environment Variables:
JAVA_HOME=C:\Program Files\Amazon Corretto\jdk17.0.4_9
PATH=C:\Program Files\Amazon Corretto\jdk17.0.4_9\bin;C:\Program Files\Common Files\Oracle\Java\javapath;C:\Program Files (x86)\MEGA6;C:\Program Files\AdoptOpenJDK\jdk-11.0.9.11-hotspot\bin;C:\Program Files (x86)\Common Files\Oracle\Java\javapath;C:\WINDOWS\system32;C:\WINDOWS;C:\WINDOWS\System32\Wbem;C:\WINDOWS\System32\WindowsPowerShell\v1.0\;C:\TDM-GCC-64\bin;C:\WINDOWS\System32\OpenSSH\;C:\Program Files\IBM\SPSS\Statistics\25\JRE\bin;C:\Program Files\PuTTY\;C:\Program Files (x86)\Bitvise SSH Client;C:\Program Files\Git\cmd;C:\Users\celia\miniconda3\Scripts;;C:\Program Files\MEGA11;C:\WINDOWS\system32\config\systemprofile\AppData\Local\Microsoft\WindowsApps;C:\Users\celia\AppData\Local\Microsoft\WindowsApps;C:\Users\celia\AppData\Roaming\Microsoft\Windows\Start Menu\Programs\PyCharm\bin;;C:\Users\celia\AppData\Local\Programs\Microsoft VS Code\bin;C:\texlive\2022\bin\win32;C:\Users\celia\.conda\envs\ci23\Lib\venv\scripts\nt\python.exe;C:\Users\celia\AppData\Local\GitHubDesktop\bin
USERNAME=celia
OS=Windows_NT
PROCESSOR_IDENTIFIER=Intel64 Family 6 Model 142 Stepping 10, GenuineIntel
TMP=C:\Users\celia\AppData\Local\Temp
TEMP=C:\Users\celia\AppData\Local\Temp



---------------  S Y S T E M  ---------------

OS:
 Windows 11 , 64 bit Build 22621 (10.0.22621.1778)
OS uptime: 1 days 21:41 hours

CPU: total 8 (initial active 8) (4 cores per cpu, 2 threads per core) family 6 model 142 stepping 10 microcode 0xe0, cx8, cmov, fxsr, ht, mmx, 3dnowpref, sse, sse2, sse3, ssse3, sse4.1, sse4.2, popcnt, lzcnt, tsc, tscinvbit, avx, avx2, aes, erms, clmul, bmi1, bmi2, adx, fma, vzeroupper, clflush, clflushopt, rdtscp

Memory: 4k page, system-wide physical 8007M (176M free)
TotalPageFile size 30524M (AvailPageFile size 2195M)
current process WorkingSet (physical memory assigned to process): 3027M, peak: 3209M
current process commit charge ("private bytes"): 10973M, peak: 28221M

vm_info: Java HotSpot(TM) 64-Bit Server VM (19.0.2+7-44) for windows-amd64 JRE (19.0.2+7-44), built on 2022-11-30T18:02:09Z by "mach5one" with MS VC++ 17.1 (VS2022)

END.
